Mplus VERSION 8.3
MUTHEN & MUTHEN
03/01/2021  10:33 PM

INPUT INSTRUCTIONS

   TITLE:
      M1 Student-level only


  DATA:
      file = "C:\Users\Mudar Saied\read7.dat";

  VARIABLE:
        names =

            CNTRYID CNTSCHID CNTSTUID W_STU READ
           ! Demographic control var
            FEMALE IMMI1GEN IMMI2GEN ESCS
           ! ICT
              ! ICT Use at school (10 items)
            Q3 Q4 Q5 Q7 Q8
            Q9 Q10 Q1 Q2 Q6
              !ICT PISA scaled
            ACAHOM USESCH LEIHOM
              ! Reading Mediation
            READJOY READCOMP  READEASE
           ! School Weight
            W_SCH
             ! School ICT Policy
            Q05HA
          ;

      !useobs = (CNTRYID EQ 246);             ! 208DNK=7657, 246FIN=5649, 752SWE=5504

     usevar =
          READ                                ! Outcome
          FEMALE IMMI1GEN IMMI2GEN ESCS       ! Demographic controls
          Q3 Q4 Q5 Q7 Q8                      ! ICT Use AT School (10 Items)
          Q9 Q10 Q1 Q2 Q6                     ! SPSS: IC011
          LEIHOM ACAHOM                       ! ICT use at home/ at school
          READJOY READCOMP READEASE           ! Reading affect/Mediators
      ;

      weight = W_STU;


  ANALYSIS:

      processors = 8;

      estimator = MLR;


  MODEL:

      ! Measurement Model
      ACASCH by Q3 Q4 Q5 Q7 Q8 Q9 Q10;
      LEISCH by Q1 Q2 Q6;

      ! SES onto X vars
  !    LEIHOM on ESCS FEMALE;
  !    ACAHOM on ESCS FEMALE;
  !    USESCH on ESCS FEMALE;

      ! Mediators
          ! Enjoyment of reading
      READJOY on
          ACAHOM LEIHOM ACASCH LEISCH
          !ESCS FEMALE IMMI1GEN IMMI2GEN
          ;

          ! Perception of reading competence
      READCOMP on
          ACAHOM LEIHOM ACASCH LEISCH
          !ESCS FEMALE IMMI1GEN IMMI2GEN
          ;

          ! Perception of reading difficulty
      READEASE on
          ACAHOM LEIHOM ACASCH LEISCH
          !ESCS FEMALE IMMI1GEN IMMI2GEN
          ;

      ! Total effect
      READ on
          ACAHOM LEIHOM ACASCH LEISCH
          READJOY READCOMP READEASE
          !ESCS FEMALE IMMI1GEN IMMI2GEN
          ;

      ! Correlations

          ! Amongst X
      !ACAHOM with LEIHOM;
      !LEIHOM with ACASCH;
      !ACASCH with LEISCH;
      !ACAHOM with ACASCH;
      !LEIHOM with LEISCH;
      !ACAHOM with LEISCH;

          ! With ESCS

      ESCS with ACAHOM LEIHOM ACASCH LEISCH;
      !FEMALE with ACAHOM LEIHOM ACASCH LEISCH;
      !IMMI1GEN IMMI2GEN with ACAHOM LEIHOM ACASCH LEISCH;

      !ESCS with READJOY READCOMP READEASE;
      !FEMALE ESCS with READ;

      !FEMALE with READJOY READCOMP READEASE;

          ! Between M
      READCOMP with READJOY;
      !READJOY with READEASE;

         ! Between M and Y
      READJOY with READ;
      READCOMP with READ;


  MODEL INDIRECT:

      READ ind ACAHOM;
      READ ind LEIHOM;
      READ ind ACASCH;
      READ ind LEISCH;


  OUTPUT:
      mod(all);



*** WARNING in MODEL command
  Variable is uncorrelated with all other variables:  FEMALE
*** WARNING in MODEL command
  Variable is uncorrelated with all other variables:  IMMI1GEN
*** WARNING in MODEL command
  Variable is uncorrelated with all other variables:  IMMI2GEN
*** WARNING in MODEL command
  At least one variable is uncorrelated with all other variables in the model.
  Check that this is what is intended.
   4 WARNING(S) FOUND IN THE INPUT INSTRUCTIONS




M1 Student-level only

SUMMARY OF ANALYSIS

Number of groups                                                 1
Number of observations                                       18810

Number of dependent variables                                   18
Number of independent variables                                  2
Number of continuous latent variables                            2

Observed dependent variables

  Continuous
   READ        FEMALE      IMMI1GEN    IMMI2GEN    ESCS        Q3
   Q4          Q5          Q7          Q8          Q9          Q10
   Q1          Q2          Q6          READJOY     READCOMP    READEASE

Observed independent variables
   LEIHOM      ACAHOM

Continuous latent variables
   ACASCH      LEISCH

Variables with special functions

  Weight variable       W_STU

Estimator                                                      MLR
Information matrix                                        OBSERVED
Maximum number of iterations                                  1000
Convergence criterion                                    0.500D-04
Maximum number of steepest descent iterations                   20

Input data file(s)
  C:\Users\Mudar Saied\read7.dat

Input data format  FREE



UNIVARIATE SAMPLE STATISTICS


     UNIVARIATE HIGHER-ORDER MOMENT DESCRIPTIVE STATISTICS

         Variable/         Mean/     Skewness/   Minimum/ % with                Percentiles
        Sample Size      Variance    Kurtosis    Maximum  Min/Max      20%/60%    40%/80%    Median

     READ                507.937      -0.259     129.066    0.01%     416.386    480.595    507.428
           18810.000   10347.217      -0.129     818.765    0.01%     534.476    589.760
     FEMALE                0.497       0.011       0.000   50.29%       0.000      0.000      0.000
           18810.000       0.250      -2.000       1.000   49.71%       1.000      1.000
     IMMI1GEN              0.059       3.762       0.000   94.73%       0.000      0.000      0.000
           18810.000       0.055      12.152       1.000    5.27%       0.000      0.000
     IMMI2GEN              0.081       3.063       0.000   89.04%       0.000      0.000      0.000
           18810.000       0.075       7.382       1.000   10.96%       0.000      0.000
     ESCS                  0.382      -0.778      -6.727    0.01%      -0.365      0.246      0.499
           18810.000       0.696       1.216       3.904    0.01%       0.713      1.068
     Q3                    3.606      -0.399      -1.072    0.01%       2.887      3.000      4.000
           18810.000       1.348      -0.498       7.937    0.01%       4.000      5.000
     Q4                    2.461       0.385      -1.795    0.01%       1.000      2.000      2.000
           18810.000       1.940      -0.948       8.161    0.01%       3.000      4.000
     Q5                    2.113       0.714      -1.903    0.01%       1.000      1.000      2.000
           18810.000       1.710      -0.460       7.145    0.01%       2.000      3.000
     Q7                    2.533       0.298      -2.517    0.01%       1.000      2.000      2.612
           18810.000       1.593      -0.730       6.900    0.01%       3.000      4.000
     Q8                    2.529       0.333      -4.289    0.01%       1.000      2.000      2.712
           18810.000       2.166      -1.036       7.887    0.01%       3.000      4.000
     Q9                    2.391       0.482      -2.622    0.01%       1.000      2.000      2.000
           18810.000       1.774      -0.704       6.996    0.01%       3.000      4.000
     Q10                   2.374       0.489      -2.369    0.01%       1.000      2.000      2.000
           18810.000       1.759      -0.686       7.260    0.01%       3.000      4.000
     Q1                    3.359      -0.361      -1.282    0.01%       2.000      3.000      4.000
           18810.000       2.188      -1.051       8.216    0.01%       4.000      5.000
     Q2                    2.385       0.431      -2.222    0.01%       1.000      2.000      2.000
           18810.000       1.652      -0.645       7.002    0.01%       2.954      3.398
     Q6                    1.798       1.185      -1.943    0.01%       1.000      1.000      1.000
           18810.000       1.423       0.633       6.421    0.01%       1.942      3.000
     READJOY              -0.323       0.076      -3.241    0.01%      -1.154     -0.541     -0.270
           18810.000       1.180       0.403       2.889    0.01%      -0.049      0.463
     READCOMP              0.234       0.002      -3.070    0.01%      -0.548      0.122      0.122
           18810.000       1.023      -0.264       3.109    0.01%       0.122      1.237
     READEASE              0.071      -0.134      -3.810    0.01%      -0.795     -0.040      0.070
           18810.000       1.060       0.071       2.704    0.01%       0.182      1.006
     LEIHOM                0.020       1.370      -3.594    0.64%      -0.506     -0.193     -0.069
           18810.000       0.778       8.446       4.244    1.40%       0.083      0.487
     ACAHOM                0.044       0.625      -3.602    0.01%      -0.517     -0.127      0.014
           18810.000       0.834       3.238       3.486    0.01%       0.182      0.527


     NO CONVERGENCE.  NUMBER OF ITERATIONS EXCEEDED.



MODEL RESULTS

                    Estimate

 ACASCH   BY
    Q3                 1.000
    Q4                 1.712
    Q5                 1.597
    Q7                 1.637
    Q8                 1.758
    Q9                 1.526
    Q10                1.663

 LEISCH   BY
    Q1                 1.000
    Q2                 1.883
    Q6                 2.222

 READJOY  ON
    ACASCH             4.616
    LEISCH            -8.857

 READCOMP ON
    ACASCH            10.084
    LEISCH           -18.874

 READEASE ON
    ACASCH             9.465
    LEISCH           -17.935

 READ     ON
    ACASCH            -8.424
    LEISCH            -7.679

 READJOY  ON
    ACAHOM             0.139
    LEIHOM             0.660

 READCOMP ON
    ACAHOM             0.010
    LEIHOM             1.789

 READEASE ON
    ACAHOM            -0.043
    LEIHOM             1.680

 READ     ON
    ACAHOM            -9.101
    LEIHOM            -2.733
    READJOY           15.926
    READCOMP          17.021
    READEASE          18.903

 ESCS     WITH
    ACASCH             0.036
    LEISCH             0.016

 LEISCH   WITH
    ACASCH             0.199

 LEIHOM   WITH
    ACASCH             0.215
    LEISCH             0.186

 ACAHOM   WITH
    ACASCH             0.356
    LEISCH             0.225

 ESCS     WITH
    ACAHOM             0.068
    LEIHOM             0.049

 READCOMP WITH
    READJOY            0.105
    READ               4.504

 READJOY  WITH
    READ               6.270

 ACAHOM   WITH
    LEIHOM             0.391

 Means
    FEMALE             0.498
    IMMI1GEN           0.059
    IMMI2GEN           0.081
    ESCS               0.387
    LEIHOM             0.005
    ACAHOM             0.049

 Intercepts
    READ             508.097
    Q3                 3.611
    Q4                 2.470
    Q5                 2.121
    Q7                 2.542
    Q8                 2.537
    Q9                 2.398
    Q10                2.382
    Q1                 3.358
    Q2                 2.387
    Q6                 1.798
    READJOY           -0.323
    READCOMP           0.231
    READEASE           0.067

 Variances
    FEMALE             0.250
    IMMI1GEN           0.055
    IMMI2GEN           0.075
    ESCS               0.693
    LEIHOM             0.787
    ACAHOM             0.837
    ACASCH             0.336
    LEISCH             0.124

 Residual Variances
    READ            5175.653
    Q3                 1.020
    Q4                 0.933
    Q5                 0.843
    Q7                 0.679
    Q8                 1.119
    Q9                 0.970
    Q10                0.811
    Q1                 2.003
    Q2                 1.192
    Q6                 0.785
    READJOY            1.057
    READCOMP           0.459
    READEASE           0.551



MODEL COMMAND WITH FINAL ESTIMATES USED AS STARTING VALUES

     acasch BY q3@1;
     acasch BY q4*1.71165;
     acasch BY q5*1.59681;
     acasch BY q7*1.63670;
     acasch BY q8*1.75765;
     acasch BY q9*1.52565;
     acasch BY q10*1.66340;
     leisch BY q1@1;
     leisch BY q2*1.88341;
     leisch BY q6*2.22209;

     readjoy ON acahom*0.13944;
     readjoy ON leihom*0.66038;
     readcomp ON acahom*0.00997;
     readcomp ON leihom*1.78928;
     readease ON acahom*-0.04295;
     readease ON leihom*1.67955;
     read ON acahom*-9.10145;
     read ON leihom*-2.73322;
     read ON readjoy*15.92592;
     read ON readcomp*17.02111;
     read ON readease*18.90275;
     readjoy ON acasch*4.61647;
     readjoy ON leisch*-8.85745;
     readcomp ON acasch*10.08408;
     readcomp ON leisch*-18.87362;
     readease ON acasch*9.46512;
     readease ON leisch*-17.93458;
     read ON acasch*-8.42438;
     read ON leisch*-7.67883;

     escs WITH acahom*0.06832;
     escs WITH leihom*0.04901;
     readcomp WITH readjoy*0.10518;
     readcomp WITH read*4.50384;
     readjoy WITH read*6.26957;
     acahom WITH leihom*0.39139;
     escs WITH acasch*0.03590;
     escs WITH leisch*0.01602;
     leisch WITH acasch*0.19851;
     leihom WITH acasch*0.21485;
     leihom WITH leisch*0.18632;
     acahom WITH acasch*0.35585;
     acahom WITH leisch*0.22525;

     [ read*508.09705 ];
     [ female*0.49777 ];
     [ immi1gen*0.05851 ];
     [ immi2gen*0.08135 ];
     [ escs*0.38741 ];
     [ q3*3.61092 ];
     [ q4*2.47033 ];
     [ q5*2.12053 ];
     [ q7*2.54172 ];
     [ q8*2.53698 ];
     [ q9*2.39800 ];
     [ q10*2.38222 ];
     [ q1*3.35820 ];
     [ q2*2.38708 ];
     [ q6*1.79793 ];
     [ readjoy*-0.32343 ];
     [ readcomp*0.23079 ];
     [ readease*0.06701 ];
     [ leihom*0.00463 ];
     [ acahom*0.04934 ];

     read*5175.65332;
     female*0.25040;
     immi1gen*0.05509;
     immi2gen*0.07451;
     escs*0.69250;
     q3*1.01987;
     q4*0.93294;
     q5*0.84315;
     q7*0.67863;
     q8*1.11903;
     q9*0.96953;
     q10*0.81063;
     q1*2.00304;
     q2*1.19225;
     q6*0.78507;
     readjoy*1.05727;
     readcomp*0.45873;
     readease*0.55059;
     leihom*0.78687;
     acahom*0.83732;
     acasch*0.33590;
     leisch*0.12427;



DIAGRAM INFORMATION

  Use View Diagram under the Diagram menu in the Mplus Editor to view the diagram.
  If running Mplus from the Mplus Diagrammer, the diagram opens automatically.

  Diagram output
    m:\pc\dokumenter\msc\thesis\mplus\mod(all)\modall student.dgm

     Beginning Time:  22:33:19
        Ending Time:  22:33:21
       Elapsed Time:  00:00:02



MUTHEN & MUTHEN
3463 Stoner Ave.
Los Angeles, CA  90066

Tel: (310) 391-9971
Fax: (310) 391-8971
Web: www.StatModel.com
Support: Support@StatModel.com

Copyright (c) 1998-2019 Muthen & Muthen
