Mplus VERSION 8.3
MUTHEN & MUTHEN
02/28/2021   6:31 PM

INPUT INSTRUCTIONS

  TITLE:
      M2 Full model


  DATA:
      file = "C:\Users\Mudar Saied\implist.dat";

      type = imputation;


  VARIABLE:
     names =
          CNTRYID CNTSCHID CNTSTUID W_STU READ
          ! Demographic control var
          FEMALE IMMI1GEN IMMI2GEN ESCS
          ! ICT Use at Home
          ICTLEIS ICTSCHWK USESCH
          ! Reading Mediation
          READJOY READCOMP  READEASE
          ! School Weight
          W_SCH
          ! School ICT Policy
          Q05HA
          ;

      usevar =
          ! Outcome
          READ
          ! Student-level
          FEMALE IMMI1GEN IMMI2GEN ESCS   ! Demographic controls
              ! ICT-related var
          ICTLEIS ICTSCHWK USESCH         ! ICT use at home/at school
              ! Mediators
          READJOY READCOMP READEASE       ! Reading affect
          ! School-level
          Q05HA                           ! School ICT policy
      ;

      within =
          ESCS FEMALE IMMI1GEN IMMI2GEN   ! Demographic controls
          READJOY READCOMP READEASE       ! Reading affect
      ;

      between =
          Q05HA                           ! School ICT policy
      ;

      cluster = CNTSCHID;                 ! Cluster by school ID

      missing = all (-99);

      weight = W_STU;                     ! Student weight
      wtscale = cluster;                  ! Scale L1 weight to cluster
      bweight = W_SCH;                    ! School weight
      bwtscale = sample;                  ! Scale L2 weight to sample


  ANALYSIS:
      processors = 8;

      type = twolevel;


  MODEL:

  %Within%

      ! SES onto X vars
      ICTLEIS on ESCS FEMALE;
      ICTSCHWK on ESCS FEMALE;
      USESCH on ESCS FEMALE;

      ! Mediators
          ! Enjoyment of reading
      READJOY on ICTLEIS ICTSCHWK USESCH
                 IMMI1GEN IMMI2GEN;

          ! Perception of reading competence
      READCOMP on ICTLEIS ICTSCHWK USESCH
                  IMMI1GEN IMMI2GEN;

          ! Perception of reading difficulty
      READEASE on ICTLEIS ICTSCHWK USESCH
                  IMMI1GEN IMMI2GEN;

      ! Total effect
      READ on                             ! Y
          ICTLEIS ICTSCHWK USESCH         ! X
          READJOY READCOMP READEASE       ! M
      ;

      ! Correlations

          ! Correlation amongst X
      ICTLEIS with ICTSCHWK;
      ICTSCHWK with USESCH;
      ICTLEIS with USESCH;

          ! orrelation amongst M
      READCOMP with READJOY;

         ! Correlation M with Y
      READJOY with READ;
      READCOMP with READ;

  %Between%

      ! Total effect
      READ on
          ICTLEIS ICTSCHWK  USESCH        ! From L1 <- contextual effect
          Q05HA                           ! School ICT policy
      ;


  MODEL INDIRECT:

      READ ind ICTLEIS;
      READ ind ICTSCHWK;
      READ ind USESCH;


  OUTPUT:
      stdyx;



*** WARNING in MODEL command
  In the MODEL command, the following variable is an x-variable on the BETWEEN
  level and a y-variable on the WITHIN level.  This variable will be treated
  as a y-variable on both levels:  ICTLEIS
*** WARNING in MODEL command
  In the MODEL command, the following variable is an x-variable on the BETWEEN
  level and a y-variable on the WITHIN level.  This variable will be treated
  as a y-variable on both levels:  ICTSCHWK
*** WARNING in MODEL command
  In the MODEL command, the following variable is an x-variable on the BETWEEN
  level and a y-variable on the WITHIN level.  This variable will be treated
  as a y-variable on both levels:  USESCH
   3 WARNING(S) FOUND IN THE INPUT INSTRUCTIONS




M2 Full model

SUMMARY OF ANALYSIS

Number of groups                                                 1
Average number of observations                               18810

Number of replications
    Requested                                                   10
    Completed                                                   10

Number of dependent variables                                    7
Number of independent variables                                  5
Number of continuous latent variables                            0

Observed dependent variables

  Continuous
   READ        ICTLEIS     ICTSCHWK    USESCH      READJOY     READCOMP
   READEASE

Observed independent variables
   FEMALE      IMMI1GEN    IMMI2GEN    ESCS        Q05HA

Variables with special functions

  Cluster variable      CNTSCHID
  Weight variable (cluster-size scaling)
    W_STU
  Between weight variable (sample-size scaling)
    W_SCH

  Within variables
   FEMALE      IMMI1GEN    IMMI2GEN    ESCS        READJOY     READCOMP
   READEASE

  Between variables
   Q05HA


Estimator                                                      MLR
Information matrix                                        OBSERVED
Maximum number of iterations                                   100
Convergence criterion                                    0.100D-05
Maximum number of EM iterations                                500
Convergence criteria for the EM algorithm
  Loglikelihood change                                   0.100D-02
  Relative loglikelihood change                          0.100D-05
  Derivative                                             0.100D-03
Minimum variance                                         0.100D-03
Maximum number of steepest descent iterations                   20
Maximum number of iterations for H1                           2000
Convergence criterion for H1                             0.100D-03
Optimization algorithm                                         EMA

Input data file(s)
  Multiple data files from
    C:\Users\Mudar Saied\implist.dat
Input data format  FREE


SUMMARY OF DATA FOR THE FIRST DATA SET

     Number of missing data patterns             1
     Number of clusters                        785

     Average cluster size       23.962

     Estimated Intraclass Correlations for the Y Variables

                Intraclass              Intraclass              Intraclass
     Variable  Correlation   Variable  Correlation   Variable  Correlation

     READ         0.067      ICTLEIS      0.006      ICTSCHWK     0.069
     USESCH       0.074      READJOY      0.000      READCOMP     0.000
     READEASE     0.000



SUMMARY OF MISSING DATA PATTERNS FOR THE FIRST DATA SET


     MISSING DATA PATTERNS (x = not missing)

           1
 READ      x
 ICTLEIS   x
 ICTSCHWK  x
 USESCH    x
 READJOY   x
 READCOMP  x
 READEASE  x
 FEMALE    x
 IMMI1GEN  x
 IMMI2GEN  x
 ESCS      x
 Q05HA     x


     MISSING DATA PATTERN FREQUENCIES

    Pattern   Frequency
          1       18810


COVARIANCE COVERAGE OF DATA FOR THE FIRST DATA SET

Minimum covariance coverage value   0.100


     PROPORTION OF DATA PRESENT


           Covariance Coverage
              READ          ICTLEIS       ICTSCHWK      USESCH        READJOY
              ________      ________      ________      ________      ________
 READ           1.000
 ICTLEIS        1.000         1.000
 ICTSCHWK       1.000         1.000         1.000
 USESCH         1.000         1.000         1.000         1.000
 READJOY        1.000         1.000         1.000         1.000         1.000
 READCOMP       1.000         1.000         1.000         1.000         1.000
 READEASE       1.000         1.000         1.000         1.000         1.000
 FEMALE         1.000         1.000         1.000         1.000         1.000
 IMMI1GEN       1.000         1.000         1.000         1.000         1.000
 IMMI2GEN       1.000         1.000         1.000         1.000         1.000
 ESCS           1.000         1.000         1.000         1.000         1.000
 Q05HA          1.000         1.000         1.000         1.000         1.000


           Covariance Coverage
              READCOMP      READEASE      FEMALE        IMMI1GEN      IMMI2GEN
              ________      ________      ________      ________      ________
 READCOMP       1.000
 READEASE       1.000         1.000
 FEMALE         1.000         1.000         1.000
 IMMI1GEN       1.000         1.000         1.000         1.000
 IMMI2GEN       1.000         1.000         1.000         1.000         1.000
 ESCS           1.000         1.000         1.000         1.000         1.000
 Q05HA          1.000         1.000         1.000         1.000         1.000


           Covariance Coverage
              ESCS          Q05HA
              ________      ________
 ESCS           1.000
 Q05HA          1.000         1.000


SAMPLE STATISTICS

NOTE:  The sample statistics for within and between refer to the
       maximum-likelihood estimated within and between covariance
       matrices, respectively.

NOTE:  These are average results over 10 data sets.


     ESTIMATED SAMPLE STATISTICS FOR WITHIN


           Means
              READ          ICTLEIS       ICTSCHWK      USESCH        READJOY
              ________      ________      ________      ________      ________
                0.000         0.000         0.000         0.000        -0.329


           Means
              READCOMP      READEASE      FEMALE        IMMI1GEN      IMMI2GEN
              ________      ________      ________      ________      ________
                0.234         0.072         0.496         0.058         0.078


           Means
              ESCS          Q05HA
              ________      ________
                0.386         0.000


           Covariances
              READ          ICTLEIS       ICTSCHWK      USESCH        READJOY
              ________      ________      ________      ________      ________
 READ        9278.164
 ICTLEIS       -6.843         0.767
 ICTSCHWK     -13.060         0.364         0.769
 USESCH       -12.654         0.296         0.411         0.600
 READJOY       34.469        -0.082         0.024        -0.023         1.190
 READCOMP      37.852         0.059         0.032         0.014         0.366
 READEASE      35.244         0.002        -0.050        -0.045         0.234
 FEMALE         8.985        -0.101        -0.023        -0.031         0.131
 IMMI1GEN      -5.190         0.001         0.014         0.010         0.017
 IMMI2GEN      -3.411         0.001         0.017         0.005         0.009
 ESCS          23.761         0.047         0.060         0.043         0.149
 Q05HA          0.000         0.000         0.000         0.000         0.000


           Covariances
              READCOMP      READEASE      FEMALE        IMMI1GEN      IMMI2GEN
              ________      ________      ________      ________      ________
 READCOMP       1.026
 READEASE       0.538         1.071
 FEMALE         0.019        -0.018         0.250
 IMMI1GEN      -0.007        -0.016        -0.002         0.055
 IMMI2GEN       0.005        -0.010         0.000        -0.004         0.072
 ESCS           0.160         0.136         0.002        -0.040        -0.037
 Q05HA          0.000         0.000         0.000         0.000         0.000


           Covariances
              ESCS          Q05HA
              ________      ________
 ESCS           0.698
 Q05HA          0.000         0.000


           Correlations
              READ          ICTLEIS       ICTSCHWK      USESCH        READJOY
              ________      ________      ________      ________      ________
 READ           1.000
 ICTLEIS       -0.081         1.000
 ICTSCHWK      -0.155         0.474         1.000
 USESCH        -0.170         0.436         0.605         1.000
 READJOY        0.328        -0.086         0.026        -0.028         1.000
 READCOMP       0.388         0.066         0.036         0.018         0.331
 READEASE       0.354         0.002        -0.055        -0.057         0.207
 FEMALE         0.187        -0.230        -0.053        -0.081         0.240
 IMMI1GEN      -0.230         0.004         0.070         0.056         0.066
 IMMI2GEN      -0.132         0.003         0.071         0.026         0.031
 ESCS           0.295         0.064         0.082         0.067         0.164
 Q05HA          0.000         0.000         0.000         0.000         0.000


           Correlations
              READCOMP      READEASE      FEMALE        IMMI1GEN      IMMI2GEN
              ________      ________      ________      ________      ________
 READCOMP       1.000
 READEASE       0.514         1.000
 FEMALE         0.037        -0.035         1.000
 IMMI1GEN      -0.030        -0.065        -0.018         1.000
 IMMI2GEN       0.018        -0.035        -0.002        -0.070         1.000
 ESCS           0.189         0.158         0.004        -0.207        -0.166
 Q05HA          0.000         0.000         0.000         0.000         0.000


           Correlations
              ESCS          Q05HA
              ________      ________
 ESCS           1.000
 Q05HA          0.000         0.000


     ESTIMATED SAMPLE STATISTICS FOR BETWEEN


           Means
              READ          ICTLEIS       ICTSCHWK      USESCH        READJOY
              ________      ________      ________      ________      ________
              508.503         0.022         0.043         0.411         0.000


           Means
              READCOMP      READEASE      FEMALE        IMMI1GEN      IMMI2GEN
              ________      ________      ________      ________      ________
                0.000         0.000         0.000         0.000         0.000


           Means
              ESCS          Q05HA
              ________      ________
                0.000         1.517


           Covariances
              READ          ICTLEIS       ICTSCHWK      USESCH        READJOY
              ________      ________      ________      ________      ________
 READ         667.076
 ICTLEIS       -0.786         0.005
 ICTSCHWK      -1.872         0.011         0.058
 USESCH        -2.228         0.010         0.043         0.047
 READJOY        0.000         0.000         0.000         0.000         0.000
 READCOMP       0.000         0.000         0.000         0.000         0.000
 READEASE       0.000         0.000         0.000         0.000         0.000
 FEMALE         0.000         0.000         0.000         0.000         0.000
 IMMI1GEN       0.000         0.000         0.000         0.000         0.000
 IMMI2GEN       0.000         0.000         0.000         0.000         0.000
 ESCS           0.000         0.000         0.000         0.000         0.000
 Q05HA         -1.998        -0.005        -0.008        -0.007         0.000


           Covariances
              READCOMP      READEASE      FEMALE        IMMI1GEN      IMMI2GEN
              ________      ________      ________      ________      ________
 READCOMP       0.000
 READEASE       0.000         0.000
 FEMALE         0.000         0.000         0.000
 IMMI1GEN       0.000         0.000         0.000         0.000
 IMMI2GEN       0.000         0.000         0.000         0.000         0.000
 ESCS           0.000         0.000         0.000         0.000         0.000
 Q05HA          0.000         0.000         0.000         0.000         0.000


           Covariances
              ESCS          Q05HA
              ________      ________
 ESCS           0.000
 Q05HA          0.000         0.249


           Correlations
              READ          ICTLEIS       ICTSCHWK      USESCH        READJOY
              ________      ________      ________      ________      ________
 READ           1.000
 ICTLEIS       -0.440         1.000
 ICTSCHWK      -0.302         0.659         1.000
 USESCH        -0.400         0.695         0.824         1.000
 READJOY        0.000         0.000         0.000         0.000         0.000
 READCOMP       0.000         0.000         0.000         0.000         0.000
 READEASE       0.000         0.000         0.000         0.000         0.000
 FEMALE         0.000         0.000         0.000         0.000         0.000
 IMMI1GEN       0.000         0.000         0.000         0.000         0.000
 IMMI2GEN       0.000         0.000         0.000         0.000         0.000
 ESCS           0.000         0.000         0.000         0.000         0.000
 Q05HA         -0.155        -0.143        -0.069        -0.062         0.000


           Correlations
              READCOMP      READEASE      FEMALE        IMMI1GEN      IMMI2GEN
              ________      ________      ________      ________      ________
 READCOMP       0.000
 READEASE       0.000         0.000
 FEMALE         0.000         0.000         0.000
 IMMI1GEN       0.000         0.000         0.000         0.000
 IMMI2GEN       0.000         0.000         0.000         0.000         0.000
 ESCS           0.000         0.000         0.000         0.000         0.000
 Q05HA          0.000         0.000         0.000         0.000         0.000


           Correlations
              ESCS          Q05HA
              ________      ________
 ESCS           0.000
 Q05HA          0.000         1.000




MODEL FIT INFORMATION

Number of Free Parameters                       55

Loglikelihood

    H0 Value

        Mean                           -253871.879
        Std Dev                             84.283
        Number of successful computations       10

             Proportions                   Percentiles
        Expected    Observed         Expected       Observed
           0.990       1.000      -254067.945    -254003.963
           0.980       1.000      -254044.970    -254003.963
           0.950       1.000      -254010.515    -254003.963
           0.900       0.900      -253979.895    -254003.963
           0.800       0.800      -253942.811    -254003.963
           0.700       0.700      -253916.077    -253940.218
           0.500       0.500      -253871.879    -253884.057
           0.300       0.300      -253827.681    -253846.437
           0.200       0.200      -253800.947    -253825.775
           0.100       0.200      -253763.862    -253758.555
           0.050       0.100      -253733.242    -253758.555
           0.020       0.000      -253698.788    -253758.555
           0.010       0.000      -253675.812    -253758.555

    H1 Value

        Mean                           -248995.362
        Std Dev                             90.831
        Number of successful computations       10

             Proportions                   Percentiles
        Expected    Observed         Expected       Observed
           0.990       1.000      -249206.662    -249151.415
           0.980       1.000      -249181.902    -249151.415
           0.950       0.900      -249144.770    -249151.415
           0.900       0.900      -249111.771    -249151.415
           0.800       0.900      -249071.805    -249151.415
           0.700       0.600      -249042.993    -249063.014
           0.500       0.500      -248995.362    -249020.712
           0.300       0.300      -248947.730    -248965.523
           0.200       0.300      -248918.918    -248908.380
           0.100       0.100      -248878.952    -248888.310
           0.050       0.100      -248845.953    -248888.310
           0.020       0.000      -248808.822    -248888.310
           0.010       0.000      -248784.061    -248888.310

Information Criteria

    Akaike (AIC)

        Mean                            507853.758
        Std Dev                            168.565
        Number of successful computations       10

             Proportions                   Percentiles
        Expected    Observed         Expected       Observed
           0.990       1.000       507461.625     507551.864
           0.980       1.000       507507.576     507551.864
           0.950       0.900       507576.485     507551.864
           0.900       0.800       507637.725     507551.864
           0.800       0.800       507711.893     507551.864
           0.700       0.700       507765.362     507761.550
           0.500       0.500       507853.758     507852.083
           0.300       0.300       507942.153     507904.662
           0.200       0.200       507995.622     507990.436
           0.100       0.100       508069.791     508050.960
           0.050       0.000       508131.031     508050.960
           0.020       0.000       508199.940     508050.960
           0.010       0.000       508245.891     508050.960

    Bayesian (BIC)

        Mean                            508285.076
        Std Dev                            168.565
        Number of successful computations       10

             Proportions                   Percentiles
        Expected    Observed         Expected       Observed
           0.990       1.000       507892.943     507983.181
           0.980       1.000       507938.893     507983.181
           0.950       0.900       508007.803     507983.181
           0.900       0.800       508069.043     507983.181
           0.800       0.800       508143.211     507983.181
           0.700       0.700       508196.680     508192.868
           0.500       0.500       508285.076     508283.401
           0.300       0.300       508373.471     508335.980
           0.200       0.200       508426.940     508421.754
           0.100       0.100       508501.109     508482.278
           0.050       0.000       508562.349     508482.278
           0.020       0.000       508631.258     508482.278
           0.010       0.000       508677.209     508482.278

    Sample-Size Adjusted BIC (n* = (n + 2) / 24)

        Mean                            508110.289
        Std Dev                            168.565
        Number of successful computations       10

             Proportions                   Percentiles
        Expected    Observed         Expected       Observed
           0.990       1.000       507718.155     507808.394
           0.980       1.000       507764.106     507808.394
           0.950       0.900       507833.016     507808.394
           0.900       0.800       507894.256     507808.394
           0.800       0.800       507968.424     507808.394
           0.700       0.700       508021.893     508018.081
           0.500       0.500       508110.289     508108.614
           0.300       0.300       508198.684     508161.192
           0.200       0.200       508252.153     508246.967
           0.100       0.100       508326.322     508307.491
           0.050       0.000       508387.561     508307.491
           0.020       0.000       508456.471     508307.491
           0.010       0.000       508502.422     508307.491

Chi-Square Test of Model Fit

        Degrees of freedom                      22

        Mean                              5637.389
        Std Dev                             73.641
        Number of successful computations       10

             Proportions                   Percentiles
        Expected    Observed         Expected       Observed
           0.990       1.000            9.542       5531.352
           0.980       1.000           10.600       5531.352
           0.950       1.000           12.338       5531.352
           0.900       1.000           14.041       5531.352
           0.800       1.000           16.314       5531.352
           0.700       1.000           18.101       5584.393
           0.500       1.000           21.337       5604.928
           0.300       1.000           24.939       5622.748
           0.200       1.000           27.301       5713.774
           0.100       1.000           30.813       5753.452
           0.050       1.000           33.924       5753.452
           0.020       1.000           37.659       5753.452
           0.010       1.000           40.289       5753.452

RMSEA (Root Mean Square Error Of Approximation)

        Mean                                 0.116
        Std Dev                              0.001
        Number of successful computations       10

             Proportions                   Percentiles
        Expected    Observed         Expected       Observed
           0.990       1.000            0.115          0.115
           0.980       1.000            0.115          0.115
           0.950       1.000            0.115          0.115
           0.900       0.900            0.116          0.115
           0.800       0.900            0.116          0.115
           0.700       0.700            0.116          0.116
           0.500       0.300            0.116          0.116
           0.300       0.300            0.117          0.116
           0.200       0.300            0.117          0.117
           0.100       0.200            0.117          0.118
           0.050       0.100            0.118          0.118
           0.020       0.000            0.118          0.118
           0.010       0.000            0.118          0.118

CFI/TLI

    CFI

        Mean                                 0.702
        Std Dev                              0.003
        Number of successful computations       10

             Proportions                   Percentiles
        Expected    Observed         Expected       Observed
           0.990       0.900            0.695          0.693
           0.980       0.900            0.695          0.693
           0.950       0.900            0.697          0.693
           0.900       0.900            0.698          0.693
           0.800       0.900            0.699          0.693
           0.700       0.900            0.700          0.702
           0.500       0.600            0.702          0.703
           0.300       0.200            0.704          0.703
           0.200       0.100            0.705          0.704
           0.100       0.000            0.706          0.704
           0.050       0.000            0.708          0.704
           0.020       0.000            0.709          0.704
           0.010       0.000            0.710          0.704

    TLI

        Mean                                 0.201
        Std Dev                              0.009
        Number of successful computations       10

             Proportions                   Percentiles
        Expected    Observed         Expected       Observed
           0.990       0.900            0.181          0.177
           0.980       0.900            0.183          0.177
           0.950       0.900            0.187          0.177
           0.900       0.900            0.190          0.177
           0.800       0.900            0.194          0.177
           0.700       0.900            0.197          0.200
           0.500       0.600            0.201          0.203
           0.300       0.200            0.206          0.205
           0.200       0.100            0.209          0.205
           0.100       0.000            0.213          0.207
           0.050       0.000            0.216          0.207
           0.020       0.000            0.219          0.207
           0.010       0.000            0.222          0.207

SRMR (Standardized Root Mean Square Residual) for the WITHIN level

        Mean                                 0.100
        Std Dev                              0.000
        Number of successful computations       10

             Proportions                   Percentiles
        Expected    Observed         Expected       Observed
           0.990       1.000            0.099          0.100
           0.980       1.000            0.099          0.100
           0.950       1.000            0.100          0.100
           0.900       0.900            0.100          0.100
           0.800       0.800            0.100          0.100
           0.700       0.700            0.100          0.100
           0.500       0.300            0.100          0.100
           0.300       0.300            0.100          0.100
           0.200       0.200            0.100          0.100
           0.100       0.100            0.101          0.101
           0.050       0.100            0.101          0.101
           0.020       0.000            0.101          0.101
           0.010       0.000            0.101          0.101

SRMR (Standardized Root Mean Square Residual) for the BETWEEN level

        Mean                                 0.342
        Std Dev                              0.010
        Number of successful computations       10

             Proportions                   Percentiles
        Expected    Observed         Expected       Observed
           0.990       1.000            0.320          0.327
           0.980       1.000            0.322          0.327
           0.950       1.000            0.326          0.327
           0.900       0.800            0.330          0.327
           0.800       0.800            0.334          0.327
           0.700       0.800            0.337          0.337
           0.500       0.600            0.342          0.344
           0.300       0.200            0.348          0.345
           0.200       0.200            0.351          0.346
           0.100       0.100            0.355          0.353
           0.050       0.100            0.359          0.353
           0.020       0.000            0.363          0.353
           0.010       0.000            0.365          0.353



MODEL RESULTS

                                                    Two-Tailed   Rate of
                    Estimate       S.E.  Est./S.E.    P-Value    Missing

Within Level

 ICTLEIS    ON
    ESCS               0.072      0.012      6.035      0.000      0.230
    FEMALE            -0.403      0.015    -26.579      0.000      0.053

 ICTSCHWK   ON
    ESCS               0.093      0.013      7.036      0.000      0.251
    FEMALE            -0.094      0.017     -5.659      0.000      0.127

 USESCH     ON
    ESCS               0.070      0.011      6.280      0.000      0.208
    FEMALE            -0.127      0.015     -8.332      0.000      0.144

 READJOY    ON
    ICTLEIS           -0.143      0.014    -10.315      0.000      0.070
    ICTSCHWK           0.119      0.017      7.148      0.000      0.056
    USESCH            -0.058      0.017     -3.347      0.001      0.098
    IMMI1GEN           0.304      0.037      8.099      0.000      0.052
    IMMI2GEN           0.130      0.035      3.670      0.000      0.047

 READCOMP   ON
    ICTLEIS            0.080      0.014      5.640      0.000      0.126
    ICTSCHWK           0.016      0.015      1.034      0.301      0.252
    USESCH            -0.021      0.018     -1.186      0.235      0.143
    IMMI1GEN          -0.128      0.043     -2.987      0.003      0.125
    IMMI2GEN           0.056      0.037      1.529      0.126      0.137

 READEASE   ON
    ICTLEIS            0.049      0.015      3.325      0.001      0.189
    ICTSCHWK          -0.047      0.018     -2.656      0.008      0.272
    USESCH            -0.061      0.020     -3.029      0.002      0.181
    IMMI1GEN          -0.279      0.046     -6.087      0.000      0.153
    IMMI2GEN          -0.138      0.036     -3.855      0.000      0.079

 READ       ON
    ICTLEIS          -40.678     10.393     -3.914      0.000      0.014
    ICTSCHWK          35.162     11.241      3.128      0.002      0.087
    USESCH           -35.037      9.128     -3.839      0.000      0.097
    READJOY         -333.525     64.802     -5.147      0.000      0.074
    READCOMP         -97.661    136.926     -0.713      0.476      0.063
    READEASE          14.598      0.953     15.319      0.000      0.125

 ICTLEIS  WITH
    ICTSCHWK           0.357      0.018     19.798      0.000      0.047
    USESCH             0.286      0.015     18.858      0.000      0.034

 ICTSCHWK WITH
    USESCH             0.413      0.015     26.816      0.000      0.112

 READCOMP WITH
    READJOY            0.373      0.012     31.501      0.000      0.037
    READ             253.740    157.017      1.616      0.106      0.068

 READJOY  WITH
    READ             458.582    117.152      3.914      0.000      0.077

 Intercepts
    READJOY           -0.382      0.014    -28.179      0.000      0.021
    READCOMP           0.250      0.011     22.132      0.000      0.035
    READEASE           0.104      0.010     10.219      0.000      0.031

 Residual Variances
    READ           *********  *********      1.643      0.100      0.073
    ICTLEIS            0.727      0.027     27.325      0.000      0.011
    ICTSCHWK           0.766      0.021     37.304      0.000      0.121
    USESCH             0.602      0.017     36.229      0.000      0.059
    READJOY            1.168      0.017     68.431      0.000      0.046
    READCOMP           1.019      0.014     75.155      0.000      0.045
    READEASE           1.060      0.017     62.041      0.000      0.060

Between Level

 READ       ON
    ICTLEIS         -338.585   1161.630     -0.291      0.771      0.040
    ICTSCHWK          -5.163     10.335     -0.500      0.617      0.170
    USESCH           -49.500     12.685     -3.902      0.000      0.132
    Q05HA            -10.808      2.748     -3.933      0.000      0.113

 Means
    ICTLEIS            0.194      0.014     13.991      0.000      0.075
    ICTSCHWK           0.053      0.018      2.912      0.004      0.057
    USESCH             0.446      0.015     29.062      0.000      0.108

 Intercepts
    READ             516.563    223.318      2.313      0.021      0.041

 Variances
    ICTLEIS            0.001      0.001      0.860      0.390      0.106
    ICTSCHWK           0.043      0.005      8.809      0.000      0.090
    USESCH             0.030      0.004      8.436      0.000      0.108

 Residual Variances
    READ             539.361    447.838      1.204      0.228      0.036


STANDARDIZED MODEL RESULTS


STDYX Standardization

                                                    Two-Tailed   Rate of
                    Estimate       S.E.  Est./S.E.    P-Value    Missing

Within Level

 ICTLEIS    ON
    ESCS               0.068      0.011      6.066      0.000      0.223
    FEMALE            -0.230      0.008    -28.262      0.000      0.043

 ICTSCHWK   ON
    ESCS               0.088      0.012      7.152      0.000      0.239
    FEMALE            -0.054      0.009     -5.720      0.000      0.125

 USESCH     ON
    ESCS               0.075      0.012      6.292      0.000      0.202
    FEMALE            -0.082      0.010     -8.384      0.000      0.135

 READJOY    ON
    ICTLEIS           -0.115      0.011    -10.513      0.000      0.078
    ICTSCHWK           0.096      0.013      7.199      0.000      0.066
    USESCH            -0.041      0.012     -3.358      0.001      0.101
    IMMI1GEN           0.065      0.008      8.075      0.000      0.056
    IMMI2GEN           0.032      0.009      3.666      0.000      0.043

 READCOMP   ON
    ICTLEIS            0.069      0.012      5.593      0.000      0.121
    ICTSCHWK           0.014      0.013      1.034      0.301      0.253
    USESCH            -0.016      0.014     -1.186      0.236      0.143
    IMMI1GEN          -0.030      0.010     -2.987      0.003      0.128
    IMMI2GEN           0.015      0.010      1.533      0.125      0.136

 READEASE   ON
    ICTLEIS            0.042      0.013      3.322      0.001      0.191
    ICTSCHWK          -0.040      0.015     -2.648      0.008      0.272
    USESCH            -0.046      0.015     -3.020      0.003      0.185
    IMMI1GEN          -0.063      0.010     -6.139      0.000      0.157
    IMMI2GEN          -0.036      0.009     -3.862      0.000      0.080

 READ       ON
    ICTLEIS           -0.385      0.097     -3.957      0.000      0.015
    ICTSCHWK           0.333      0.106      3.139      0.002      0.084
    USESCH            -0.295      0.076     -3.858      0.000      0.093
    READJOY           -3.920      0.762     -5.142      0.000      0.072
    READCOMP          -1.065      1.494     -0.713      0.476      0.063
    READEASE           0.163      0.011     15.011      0.000      0.142

 ICTLEIS  WITH
    ICTSCHWK           0.478      0.014     34.121      0.000      0.064
    USESCH             0.433      0.015     29.069      0.000      0.043

 ICTSCHWK WITH
    USESCH             0.608      0.012     51.001      0.000      0.099

 READCOMP WITH
    READJOY            0.342      0.009     36.321      0.000      0.029
    READ               0.560      0.191      2.932      0.003      0.057

 READJOY  WITH
    READ               0.951      0.051     18.813      0.000      0.051

 Intercepts
    READJOY           -0.351      0.013    -27.645      0.000      0.018
    READCOMP           0.247      0.011     21.768      0.000      0.040
    READEASE           0.101      0.010     10.119      0.000      0.031

 Residual Variances
    READ              23.281     14.157      1.644      0.100      0.071
    ICTLEIS            0.943      0.004    230.871      0.000      0.054
    ICTSCHWK           0.989      0.003    393.728      0.000      0.262
    USESCH             0.988      0.002    413.972      0.000      0.170
    READJOY            0.982      0.003    385.478      0.000      0.088
    READCOMP           0.994      0.002    626.542      0.000      0.116
    READEASE           0.991      0.002    555.569      0.000      0.107

Between Level

 READ       ON
    ICTLEIS           -0.384      0.517     -0.741      0.458      0.070
    ICTSCHWK          -0.038      0.077     -0.498      0.618      0.167
    USESCH            -0.310      0.076     -4.058      0.000      0.143
    Q05HA             -0.194      0.048     -4.055      0.000      0.110

 Means
    ICTLEIS            5.765      6.448      0.894      0.371      0.060
    ICTSCHWK           0.254      0.091      2.811      0.005      0.052
    USESCH             2.569      0.181     14.201      0.000      0.075

 Intercepts
    READ              18.626      8.036      2.318      0.020      0.042

 Variances
    ICTLEIS            1.000      0.000  *********      0.000      0.000
    ICTSCHWK           1.000      0.000  *********      0.000      0.000
    USESCH             1.000      0.000    999.000    999.000      0.000

 Residual Variances
    READ               0.701      0.589      1.190      0.234      0.035


R-SQUARE

Within Level

    Observed                                        Two-Tailed   Rate of
    Variable        Estimate       S.E.  Est./S.E.    P-Value    Missing

    READ               0.000    999.000    999.000    999.000      0.000
    ICTLEIS            0.057      0.004     14.033      0.000      0.054
    ICTSCHWK           0.011      0.003      4.249      0.000      0.262
    USESCH             0.012      0.002      5.107      0.000      0.170
    READJOY            0.018      0.003      7.029      0.000      0.088
    READCOMP           0.006      0.002      3.858      0.000      0.116
    READEASE           0.009      0.002      5.211      0.000      0.107

Between Level

    Observed                                        Two-Tailed   Rate of
    Variable        Estimate       S.E.  Est./S.E.    P-Value    Missing

    READ               0.299      0.589      0.507      0.612      0.035


QUALITY OF NUMERICAL RESULTS

     Average Condition Number for the Information Matrix      0.221E-08
       (ratio of smallest to largest eigenvalue)


TOTAL, TOTAL INDIRECT, SPECIFIC INDIRECT, AND DIRECT EFFECTS


                                                    Two-Tailed   Rate of
                    Estimate       S.E.  Est./S.E.    P-Value    Missing

WITHIN

Effects from ICTLEIS to READ

  Total               -0.090      1.337     -0.067      0.946      0.135
  Total indirect      40.589     10.059      4.035      0.000      0.016

  Specific indirect 1
    READ
    READJOY
    ICTLEIS           47.662     10.359      4.601      0.000      0.079

  Specific indirect 2
    READ
    READCOMP
    ICTLEIS           -7.795     10.990     -0.709      0.478      0.065

  Specific indirect 3
    READ
    READEASE
    ICTLEIS            0.721      0.224      3.225      0.001      0.180

  Direct
    READ
    ICTLEIS          -40.678     10.393     -3.914      0.000      0.014


Effects from ICTSCHWK to READ

  Total               -6.610      1.385     -4.772      0.000      0.103
  Total indirect     -41.773     10.803     -3.867      0.000      0.083

  Specific indirect 1
    READ
    READJOY
    ICTSCHWK         -39.525      9.240     -4.278      0.000      0.061

  Specific indirect 2
    READ
    READCOMP
    ICTSCHWK          -1.565      2.751     -0.569      0.569      0.133

  Specific indirect 3
    READ
    READEASE
    ICTSCHWK          -0.683      0.260     -2.625      0.009      0.282

  Direct
    READ
    ICTSCHWK          35.162     11.241      3.128      0.002      0.087


Effects from USESCH to READ

  Total              -14.632      1.662     -8.805      0.000      0.220
  Total indirect      20.405      8.519      2.395      0.017      0.086

  Specific indirect 1
    READ
    READJOY
    USESCH            19.217      6.562      2.929      0.003      0.057

  Specific indirect 2
    READ
    READCOMP
    USESCH             2.081      3.375      0.617      0.537      0.115

  Specific indirect 3
    READ
    READEASE
    USESCH            -0.894      0.301     -2.967      0.003      0.165

  Direct
    READ
    USESCH           -35.037      9.128     -3.839      0.000      0.097


BETWEEN

Effects from ICTLEIS to READ

  Total             -338.585   1161.629     -0.291      0.771      0.040
  Total indirect       0.000      0.000    999.000      0.000      0.167

  Direct
    READ
    ICTLEIS         -338.585   1161.629     -0.291      0.771      0.040


Effects from ICTSCHWK to READ

  Total               -5.163     10.335     -0.500      0.617      0.170
  Total indirect       0.000      0.000    999.000      0.000      0.167

  Direct
    READ
    ICTSCHWK          -5.163     10.335     -0.500      0.617      0.170


Effects from USESCH to READ

  Total              -49.500     12.685     -3.902      0.000      0.132
  Total indirect       0.000      0.000    999.000      0.000      0.167

  Direct
    READ
    USESCH           -49.500     12.685     -3.902      0.000      0.132



STANDARDIZED TOTAL, TOTAL INDIRECT, SPECIFIC INDIRECT, AND DIRECT EFFECTS


STDYX Standardization

                                                    Two-Tailed   Rate of
                    Estimate       S.E.  Est./S.E.    P-Value    Missing

WITHIN

Effects from ICTLEIS to READ

  Total               -0.001      0.013     -0.068      0.946      0.135
  Total indirect       0.384      0.094      4.077      0.000      0.017

  Specific indirect 1
    READ
    READJOY
    ICTLEIS            0.451      0.097      4.636      0.000      0.076

  Specific indirect 2
    READ
    READCOMP
    ICTLEIS           -0.074      0.104     -0.709      0.479      0.064

  Specific indirect 3
    READ
    READEASE
    ICTLEIS            0.007      0.002      3.230      0.001      0.181

  Direct
    READ
    ICTLEIS           -0.385      0.097     -3.957      0.000      0.015


Effects from ICTSCHWK to READ

  Total               -0.063      0.013     -4.772      0.000      0.106
  Total indirect      -0.396      0.102     -3.884      0.000      0.079

  Specific indirect 1
    READ
    READJOY
    ICTSCHWK          -0.375      0.087     -4.305      0.000      0.057

  Specific indirect 2
    READ
    READCOMP
    ICTSCHWK          -0.015      0.026     -0.569      0.569      0.133

  Specific indirect 3
    READ
    READEASE
    ICTSCHWK          -0.006      0.002     -2.610      0.009      0.283

  Direct
    READ
    ICTSCHWK           0.333      0.106      3.139      0.002      0.084


Effects from USESCH to READ

  Total               -0.123      0.014     -8.887      0.000      0.227
  Total indirect       0.172      0.071      2.402      0.016      0.084

  Specific indirect 1
    READ
    READJOY
    USESCH             0.162      0.055      2.939      0.003      0.055

  Specific indirect 2
    READ
    READCOMP
    USESCH             0.017      0.028      0.617      0.537      0.113

  Specific indirect 3
    READ
    READEASE
    USESCH            -0.008      0.003     -2.967      0.003      0.168

  Direct
    READ
    USESCH            -0.295      0.076     -3.858      0.000      0.093


BETWEEN

Effects from ICTLEIS to READ

  Total               -0.384      0.517     -0.741      0.458      0.070
  Total indirect       0.000      0.000      0.000      1.000      0.167

  Direct
    READ
    ICTLEIS           -0.384      0.517     -0.741      0.458      0.070


Effects from ICTSCHWK to READ

  Total               -0.038      0.077     -0.498      0.618      0.167
  Total indirect       0.000      0.000      0.000      1.000      0.167

  Direct
    READ
    ICTSCHWK          -0.038      0.077     -0.498      0.618      0.167


Effects from USESCH to READ

  Total               -0.310      0.076     -4.058      0.000      0.143
  Total indirect       0.000      0.000      0.000      1.000      0.167

  Direct
    READ
    USESCH            -0.310      0.076     -4.058      0.000      0.143




TECHNICAL 1 OUTPUT


     PARAMETER SPECIFICATION FOR WITHIN


           NU
              READ          ICTLEIS       ICTSCHWK      USESCH        READJOY
              ________      ________      ________      ________      ________
                    0             0             0             0             0


           NU
              READCOMP      READEASE      FEMALE        IMMI1GEN      IMMI2GEN
              ________      ________      ________      ________      ________
                    0             0             0             0             0


           NU
              ESCS
              ________
                    0


           LAMBDA
              READ          ICTLEIS       ICTSCHWK      USESCH        READJOY
              ________      ________      ________      ________      ________
 READ               0             0             0             0             0
 ICTLEIS            0             0             0             0             0
 ICTSCHWK           0             0             0             0             0
 USESCH             0             0             0             0             0
 READJOY            0             0             0             0             0
 READCOMP           0             0             0             0             0
 READEASE           0             0             0             0             0
 FEMALE             0             0             0             0             0
 IMMI1GEN           0             0             0             0             0
 IMMI2GEN           0             0             0             0             0
 ESCS               0             0             0             0             0


           LAMBDA
              READCOMP      READEASE      FEMALE        IMMI1GEN      IMMI2GEN
              ________      ________      ________      ________      ________
 READ               0             0             0             0             0
 ICTLEIS            0             0             0             0             0
 ICTSCHWK           0             0             0             0             0
 USESCH             0             0             0             0             0
 READJOY            0             0             0             0             0
 READCOMP           0             0             0             0             0
 READEASE           0             0             0             0             0
 FEMALE             0             0             0             0             0
 IMMI1GEN           0             0             0             0             0
 IMMI2GEN           0             0             0             0             0
 ESCS               0             0             0             0             0


           LAMBDA
              ESCS
              ________
 READ               0
 ICTLEIS            0
 ICTSCHWK           0
 USESCH             0
 READJOY            0
 READCOMP           0
 READEASE           0
 FEMALE             0
 IMMI1GEN           0
 IMMI2GEN           0
 ESCS               0


           THETA
              READ          ICTLEIS       ICTSCHWK      USESCH        READJOY
              ________      ________      ________      ________      ________
 READ               0
 ICTLEIS            0             0
 ICTSCHWK           0             0             0
 USESCH             0             0             0             0
 READJOY            0             0             0             0             0
 READCOMP           0             0             0             0             0
 READEASE           0             0             0             0             0
 FEMALE             0             0             0             0             0
 IMMI1GEN           0             0             0             0             0
 IMMI2GEN           0             0             0             0             0
 ESCS               0             0             0             0             0


           THETA
              READCOMP      READEASE      FEMALE        IMMI1GEN      IMMI2GEN
              ________      ________      ________      ________      ________
 READCOMP           0
 READEASE           0             0
 FEMALE             0             0             0
 IMMI1GEN           0             0             0             0
 IMMI2GEN           0             0             0             0             0
 ESCS               0             0             0             0             0


           THETA
              ESCS
              ________
 ESCS               0


           ALPHA
              READ          ICTLEIS       ICTSCHWK      USESCH        READJOY
              ________      ________      ________      ________      ________
                    0             0             0             0             1


           ALPHA
              READCOMP      READEASE      FEMALE        IMMI1GEN      IMMI2GEN
              ________      ________      ________      ________      ________
                    2             3             0             0             0


           ALPHA
              ESCS
              ________
                    0


           BETA
              READ          ICTLEIS       ICTSCHWK      USESCH        READJOY
              ________      ________      ________      ________      ________
 READ               0             4             5             6             7
 ICTLEIS            0             0             0             0             0
 ICTSCHWK           0             0             0             0             0
 USESCH             0             0             0             0             0
 READJOY            0            16            17            18             0
 READCOMP           0            21            22            23             0
 READEASE           0            26            27            28             0
 FEMALE             0             0             0             0             0
 IMMI1GEN           0             0             0             0             0
 IMMI2GEN           0             0             0             0             0
 ESCS               0             0             0             0             0


           BETA
              READCOMP      READEASE      FEMALE        IMMI1GEN      IMMI2GEN
              ________      ________      ________      ________      ________
 READ               8             9             0             0             0
 ICTLEIS            0             0            10             0             0
 ICTSCHWK           0             0            12             0             0
 USESCH             0             0            14             0             0
 READJOY            0             0             0            19            20
 READCOMP           0             0             0            24            25
 READEASE           0             0             0            29            30
 FEMALE             0             0             0             0             0
 IMMI1GEN           0             0             0             0             0
 IMMI2GEN           0             0             0             0             0
 ESCS               0             0             0             0             0


           BETA
              ESCS
              ________
 READ               0
 ICTLEIS           11
 ICTSCHWK          13
 USESCH            15
 READJOY            0
 READCOMP           0
 READEASE           0
 FEMALE             0
 IMMI1GEN           0
 IMMI2GEN           0
 ESCS               0


           PSI
              READ          ICTLEIS       ICTSCHWK      USESCH        READJOY
              ________      ________      ________      ________      ________
 READ              31
 ICTLEIS            0            32
 ICTSCHWK           0            33            34
 USESCH             0            35            36            37
 READJOY           38             0             0             0            39
 READCOMP          40             0             0             0            41
 READEASE           0             0             0             0             0
 FEMALE             0             0             0             0             0
 IMMI1GEN           0             0             0             0             0
 IMMI2GEN           0             0             0             0             0
 ESCS               0             0             0             0             0


           PSI
              READCOMP      READEASE      FEMALE        IMMI1GEN      IMMI2GEN
              ________      ________      ________      ________      ________
 READCOMP          42
 READEASE           0            43
 FEMALE             0             0             0
 IMMI1GEN           0             0             0             0
 IMMI2GEN           0             0             0             0             0
 ESCS               0             0             0             0             0


           PSI
              ESCS
              ________
 ESCS               0


     PARAMETER SPECIFICATION FOR BETWEEN


           NU
              READ          ICTLEIS       ICTSCHWK      USESCH        Q05HA
              ________      ________      ________      ________      ________
                    0             0             0             0             0


           LAMBDA
              READ          ICTLEIS       ICTSCHWK      USESCH        Q05HA
              ________      ________      ________      ________      ________
 READ               0             0             0             0             0
 ICTLEIS            0             0             0             0             0
 ICTSCHWK           0             0             0             0             0
 USESCH             0             0             0             0             0
 Q05HA              0             0             0             0             0


           THETA
              READ          ICTLEIS       ICTSCHWK      USESCH        Q05HA
              ________      ________      ________      ________      ________
 READ               0
 ICTLEIS            0             0
 ICTSCHWK           0             0             0
 USESCH             0             0             0             0
 Q05HA              0             0             0             0             0


           ALPHA
              READ          ICTLEIS       ICTSCHWK      USESCH        Q05HA
              ________      ________      ________      ________      ________
                   44            45            46            47             0


           BETA
              READ          ICTLEIS       ICTSCHWK      USESCH        Q05HA
              ________      ________      ________      ________      ________
 READ               0            48            49            50            51
 ICTLEIS            0             0             0             0             0
 ICTSCHWK           0             0             0             0             0
 USESCH             0             0             0             0             0
 Q05HA              0             0             0             0             0


           PSI
              READ          ICTLEIS       ICTSCHWK      USESCH        Q05HA
              ________      ________      ________      ________      ________
 READ              52
 ICTLEIS            0            53
 ICTSCHWK           0             0            54
 USESCH             0             0             0            55
 Q05HA              0             0             0             0             0


     STARTING VALUES FOR WITHIN


           NU
              READ          ICTLEIS       ICTSCHWK      USESCH        READJOY
              ________      ________      ________      ________      ________
                0.000         0.000         0.000         0.000         0.000


           NU
              READCOMP      READEASE      FEMALE        IMMI1GEN      IMMI2GEN
              ________      ________      ________      ________      ________
                0.000         0.000         0.000         0.000         0.000


           NU
              ESCS
              ________
                0.000


           LAMBDA
              READ          ICTLEIS       ICTSCHWK      USESCH        READJOY
              ________      ________      ________      ________      ________
 READ           1.000         0.000         0.000         0.000         0.000
 ICTLEIS        0.000         1.000         0.000         0.000         0.000
 ICTSCHWK       0.000         0.000         1.000         0.000         0.000
 USESCH         0.000         0.000         0.000         1.000         0.000
 READJOY        0.000         0.000         0.000         0.000         1.000
 READCOMP       0.000         0.000         0.000         0.000         0.000
 READEASE       0.000         0.000         0.000         0.000         0.000
 FEMALE         0.000         0.000         0.000         0.000         0.000
 IMMI1GEN       0.000         0.000         0.000         0.000         0.000
 IMMI2GEN       0.000         0.000         0.000         0.000         0.000
 ESCS           0.000         0.000         0.000         0.000         0.000


           LAMBDA
              READCOMP      READEASE      FEMALE        IMMI1GEN      IMMI2GEN
              ________      ________      ________      ________      ________
 READ           0.000         0.000         0.000         0.000         0.000
 ICTLEIS        0.000         0.000         0.000         0.000         0.000
 ICTSCHWK       0.000         0.000         0.000         0.000         0.000
 USESCH         0.000         0.000         0.000         0.000         0.000
 READJOY        0.000         0.000         0.000         0.000         0.000
 READCOMP       1.000         0.000         0.000         0.000         0.000
 READEASE       0.000         1.000         0.000         0.000         0.000
 FEMALE         0.000         0.000         1.000         0.000         0.000
 IMMI1GEN       0.000         0.000         0.000         1.000         0.000
 IMMI2GEN       0.000         0.000         0.000         0.000         1.000
 ESCS           0.000         0.000         0.000         0.000         0.000


           LAMBDA
              ESCS
              ________
 READ           0.000
 ICTLEIS        0.000
 ICTSCHWK       0.000
 USESCH         0.000
 READJOY        0.000
 READCOMP       0.000
 READEASE       0.000
 FEMALE         0.000
 IMMI1GEN       0.000
 IMMI2GEN       0.000
 ESCS           1.000


           THETA
              READ          ICTLEIS       ICTSCHWK      USESCH        READJOY
              ________      ________      ________      ________      ________
 READ           0.000
 ICTLEIS        0.000         0.000
 ICTSCHWK       0.000         0.000         0.000
 USESCH         0.000         0.000         0.000         0.000
 READJOY        0.000         0.000         0.000         0.000         0.000
 READCOMP       0.000         0.000         0.000         0.000         0.000
 READEASE       0.000         0.000         0.000         0.000         0.000
 FEMALE         0.000         0.000         0.000         0.000         0.000
 IMMI1GEN       0.000         0.000         0.000         0.000         0.000
 IMMI2GEN       0.000         0.000         0.000         0.000         0.000
 ESCS           0.000         0.000         0.000         0.000         0.000


           THETA
              READCOMP      READEASE      FEMALE        IMMI1GEN      IMMI2GEN
              ________      ________      ________      ________      ________
 READCOMP       0.000
 READEASE       0.000         0.000
 FEMALE         0.000         0.000         0.000
 IMMI1GEN       0.000         0.000         0.000         0.000
 IMMI2GEN       0.000         0.000         0.000         0.000         0.000
 ESCS           0.000         0.000         0.000         0.000         0.000


           THETA
              ESCS
              ________
 ESCS           0.000


           ALPHA
              READ          ICTLEIS       ICTSCHWK      USESCH        READJOY
              ________      ________      ________      ________      ________
                0.000         0.000         0.000         0.000        -0.319


           ALPHA
              READCOMP      READEASE      FEMALE        IMMI1GEN      IMMI2GEN
              ________      ________      ________      ________      ________
                0.223         0.073         0.000         0.000         0.000


           ALPHA
              ESCS
              ________
                0.000


           BETA
              READ          ICTLEIS       ICTSCHWK      USESCH        READJOY
              ________      ________      ________      ________      ________
 READ           0.000         0.000         0.000         0.000         0.000
 ICTLEIS        0.000         0.000         0.000         0.000         0.000
 ICTSCHWK       0.000         0.000         0.000         0.000         0.000
 USESCH         0.000         0.000         0.000         0.000         0.000
 READJOY        0.000         0.000         0.000         0.000         0.000
 READCOMP       0.000         0.000         0.000         0.000         0.000
 READEASE       0.000         0.000         0.000         0.000         0.000
 FEMALE         0.000         0.000         0.000         0.000         0.000
 IMMI1GEN       0.000         0.000         0.000         0.000         0.000
 IMMI2GEN       0.000         0.000         0.000         0.000         0.000
 ESCS           0.000         0.000         0.000         0.000         0.000


           BETA
              READCOMP      READEASE      FEMALE        IMMI1GEN      IMMI2GEN
              ________      ________      ________      ________      ________
 READ           0.000         0.000         0.000         0.000         0.000
 ICTLEIS        0.000         0.000         0.000         0.000         0.000
 ICTSCHWK       0.000         0.000         0.000         0.000         0.000
 USESCH         0.000         0.000         0.000         0.000         0.000
 READJOY        0.000         0.000         0.000         0.000         0.000
 READCOMP       0.000         0.000         0.000         0.000         0.000
 READEASE       0.000         0.000         0.000         0.000         0.000
 FEMALE         0.000         0.000         0.000         0.000         0.000
 IMMI1GEN       0.000         0.000         0.000         0.000         0.000
 IMMI2GEN       0.000         0.000         0.000         0.000         0.000
 ESCS           0.000         0.000         0.000         0.000         0.000


           BETA
              ESCS
              ________
 READ           0.000
 ICTLEIS        0.000
 ICTSCHWK       0.000
 USESCH         0.000
 READJOY        0.000
 READCOMP       0.000
 READEASE       0.000
 FEMALE         0.000
 IMMI1GEN       0.000
 IMMI2GEN       0.000
 ESCS           0.000


           PSI
              READ          ICTLEIS       ICTSCHWK      USESCH        READJOY
              ________      ________      ________      ________      ________
 READ        5070.175
 ICTLEIS        0.000         0.384
 ICTSCHWK       0.000         0.000         0.420
 USESCH         0.000         0.000         0.000         0.312
 READJOY        0.000         0.000         0.000         0.000         0.579
 READCOMP       0.000         0.000         0.000         0.000         0.000
 READEASE       0.000         0.000         0.000         0.000         0.000
 FEMALE         0.000         0.000         0.000         0.000         0.000
 IMMI1GEN       0.000         0.000         0.000         0.000         0.000
 IMMI2GEN       0.000         0.000         0.000         0.000         0.000
 ESCS           0.000         0.000         0.000         0.000         0.000


           PSI
              READCOMP      READEASE      FEMALE        IMMI1GEN      IMMI2GEN
              ________      ________      ________      ________      ________
 READCOMP       0.496
 READEASE       0.000         0.513
 FEMALE         0.000         0.000         0.125
 IMMI1GEN       0.000         0.000         0.000         0.025
 IMMI2GEN       0.000         0.000         0.000         0.000         0.047
 ESCS           0.000         0.000         0.000         0.000         0.000


           PSI
              ESCS
              ________
 ESCS           0.354


     STARTING VALUES FOR BETWEEN


           NU
              READ          ICTLEIS       ICTSCHWK      USESCH        Q05HA
              ________      ________      ________      ________      ________
                0.000         0.000         0.000         0.000         0.000


           LAMBDA
              READ          ICTLEIS       ICTSCHWK      USESCH        Q05HA
              ________      ________      ________      ________      ________
 READ           1.000         0.000         0.000         0.000         0.000
 ICTLEIS        0.000         1.000         0.000         0.000         0.000
 ICTSCHWK       0.000         0.000         1.000         0.000         0.000
 USESCH         0.000         0.000         0.000         1.000         0.000
 Q05HA          0.000         0.000         0.000         0.000         1.000


           THETA
              READ          ICTLEIS       ICTSCHWK      USESCH        Q05HA
              ________      ________      ________      ________      ________
 READ           0.000
 ICTLEIS        0.000         0.000
 ICTSCHWK       0.000         0.000         0.000
 USESCH         0.000         0.000         0.000         0.000
 Q05HA          0.000         0.000         0.000         0.000         0.000


           ALPHA
              READ          ICTLEIS       ICTSCHWK      USESCH        Q05HA
              ________      ________      ________      ________      ________
              503.099         0.027         0.041         0.431         0.000


           BETA
              READ          ICTLEIS       ICTSCHWK      USESCH        Q05HA
              ________      ________      ________      ________      ________
 READ           0.000         0.000         0.000         0.000         0.000
 ICTLEIS        0.000         0.000         0.000         0.000         0.000
 ICTSCHWK       0.000         0.000         0.000         0.000         0.000
 USESCH         0.000         0.000         0.000         0.000         0.000
 Q05HA          0.000         0.000         0.000         0.000         0.000


           PSI
              READ          ICTLEIS       ICTSCHWK      USESCH        Q05HA
              ________      ________      ________      ________      ________
 READ        5070.175
 ICTLEIS        0.000         0.384
 ICTSCHWK       0.000         0.000         0.420
 USESCH         0.000         0.000         0.000         0.312
 Q05HA          0.000         0.000         0.000         0.000         0.124


DIAGRAM INFORMATION

  Mplus diagrams are currently not available for multilevel analysis.
  No diagram output was produced.


     Beginning Time:  18:31:48
        Ending Time:  18:33:00
       Elapsed Time:  00:01:12



MUTHEN & MUTHEN
3463 Stoner Ave.
Los Angeles, CA  90066

Tel: (310) 391-9971
Fax: (310) 391-8971
Web: www.StatModel.com
Support: Support@StatModel.com

Copyright (c) 1998-2019 Muthen & Muthen
