Mplus VERSION 8.3
MUTHEN & MUTHEN
03/01/2021   1:32 AM

INPUT INSTRUCTIONS

  TITLE:
      Multilevel multiple imputation


  DATA:
      file = "C:\Users\Mudar Saied\readallpv.dat";


  VARIABLE:
      names =

          CNTRYID CNTSCHID CNTSTUID W_STU

            !PVs
          PV1READ PV2READ PV3READ PV4READ PV5READ
          PV6READ PV7READ PV8READ PV9READ PV10READ
           ! Demographic control var
          FEMALE IMMI1GEN IMMI2GEN ESCS
           ! ICT
              ! ICT Use at school (10 items)
          Q3 Q4 Q5 Q7 Q8
          Q9 Q10 Q1 Q2 Q6
              !ICT PISA scaled
          ACAHOM USESCH LEIHOM
              ! Reading Mediation
          READJOY READCOMP  READEASE
           ! School Weight
          W_SCH
             ! School ICT Policy
          Q05HA
          ;

      usevar =
          PV1READ PV2READ PV3READ PV4READ PV5READ
          PV6READ PV7READ PV8READ PV9READ PV10READ
                                                      ! Student-level
          FEMALE IMMI1GEN IMMI2GEN ESCS
          Q3 Q4 Q5 Q7 Q8
          Q9 Q10 Q1 Q2 Q6
          LEIHOM USESCH  ACAHOM                              ! ICT use at home/ at school
          READJOY READCOMP READEASE                   ! Mediators: reading affect
          Q05HA                                       ! School-level
          ;

      within =
          FEMALE IMMI1GEN IMMI2GEN ESCS
          Q3 Q4 Q5 Q7 Q8
          Q9 Q10 Q1 Q2 Q6
          LEIHOM USESCH  ACAHOM
          READJOY READCOMP READEASE
          ;

      between =
          Q05HA
          ;

      auxiliary =
          CNTRYID CNTSTUID W_STU W_SCH               ! "Administrative' vars
          ;

      missing = all (-99);

      cluster = CNTSCHID;


  ANALYSIS:
      processors = 8;

      type = basic twolevel;

      fbiterations = 50000;                           ! Number of burn-in iterations
      chains = 4;
      bseed = 1234;


  DATA IMPUTATION:
      impute =
          FEMALE (c) IMMI1GEN (c) IMMI2GEN (c) ESCS
          Q3 Q4 Q5 Q7 Q8
          Q9 Q10 Q1 Q2 Q6
          LEIHOM USESCH  ACAHOM
          READJOY READCOMP READEASE
          Q05HA
          ;
      ndatasets = 10;
      save = Read_MMI_*.dat;
      thin = 5000;                                    ! Separations to avoid autocorrelation




*** WARNING
  One or more individual-level variables have no variation within a
  cluster for the following clusters.

     Variable   Cluster IDs with no within-cluster variation

      FEMALE      20800205 75200066 20800338 75200103 24600141 24600066 24600192 24600205 20800280
                  20800011
      IMMI1GEN    20800091 20800205 75200066 75200103 20800188 24600141 75200021 75200109 75200062
                  20800110 75200156 75200076 20800232 20800020 20800073 24600209 75200153 75200006
                  24600039 75200029 24600192 24600205 75200202 20800134 20800280 20800111 20800034
                  24600170 24600086 20800184 75200154 20800271 20800061 20800047 20800207 75200075
                  20800011 20800244 75200008 20800159 20800165 20800092 24600210 75200077 20800028
                  20800243 20800090 20800323 24600185 20800057 24600177 20800218 20800098 20800006
                  20800190 20800051 24600004 24600026 20800260 20800107 20800163 20800070 20800236
                  20800305 20800239 20800270 20800292 20800054 20800194 20800372 20800202 20800295
                  20800186 20800118 24600055 20800017 20800158 75200152 20800337 20800063 24600145
                  20800312 24600172 20800067 75200089 20800166 20800360 20800077 20800213 20800378
                  20800261 20800178 20800275 24600155 20800048 20800315 20800149 20800324 20800018
                  20800278 20800247 24600214 20800227 20800038 20800112 24600147 20800080 20800290
                  75200176 20800339 20800087 20800182 20800306 20800238 20800150 20800240 20800156
                  20800119 20800122 20800351 75200163 20800066 20800200 20800082 20800303 20800060
                  75200098 75200107 20800046 75200137 20800251 20800341 20800059 20800296 20800259
                  20800368 20800369 20800154 20800241 20800035 20800088 20800127 20800335 20800208
                  20800064 20800297 20800298 20800021 20800162 75200047 24600135 24600137 20800216
                  20800016 20800308 20800044 20800055 20800121 20800316 20800377 20800015 20800286
                  20800269 20800095 20800131 20800096 20800274 20800327 20800196 20800140 20800282
                  20800342 20800169 20800359 75200135 20800293 24600204 20800246 20800172 20800299
                  20800212 20800370 20800301 20800152 20800125 75200191 20800263 24600052 20800268
                  24600073 75200046 20800265 20800223 75200136 24600163 20800130 20800352 20800043
                  24600047 20800101 24600057 20800104 20800366 20800257 20800113 20800079 75200209
                  20800373 20800108 20800355 75200124 20800356 20800033 75200129 24600034 24600154
                  20800157 20800056 20800030 24600169 75200158 20800161 24600056 24600180 24600183
                  24600189 20800180 24600079 20800001 24600006 24600094 24600008 24600097 24600014
                  75200014 20800039 24600081 24600024 24600182 20800105 20800264 20800231 24600191
                  24600042 24600198 24600045 75200083 24600206 24600134 20800374 75200189 20800234
                  75200196 20800074 24600013 75200019 75200214 20800062 24600159 20800099 20800330
                  24600122 24600128 75200122 20800155 24600051 24600140 24600010 24600148 24600058
                  24600059 20800320 20800343 75200048 24600166 24600076 24600077 24600173 24600080
                  75200072 24600083 24600181 20800114 24600029 24600030 24600188 20800349 24600038
                  24600102 24600103 20800102 24600109 24600114 24600115 20800289 24600049 75200041
                  24600050 24600027 20800363 24600011 24600186 20800144 20800283 20800357 24600142
                  24600144 24600017 24600201 24600203 24600149 24600018 24600153 75200179 24600099
                  75200186 24600213 24600216 24600002 75200205 24600020 75200100 20800235 24600072
                  75200018 24600005 24600111 20800177 24600146 20800103 24600124 24600151 75200127
                  75200183 24600126 24600021 24600157 24600130 24600107 24600110 75200208 24600193
                  24600112 24600138 24600048 24600082 24600171 24600070 24600003 75200194 24600031
                  75200131 24600085 75200204 20800331 20800325 24600116 75200149 20800201 24600150
                  20800010 20800273 20800226 75200022 75200045 20800364 75200182 75200079 75200059
                  20800132 20800333 75200002 75200025 75200167 75200166 75200193
      IMMI2GEN    20800091 75200066 75200103 20800188 24600141 75200021 75200109 75200062 75200156
                  75200076 20800020 24600209 75200006 24600039 24600096 75200029 24600192 24600205
                  75200202 20800280 20800111 20800123 75200221 20800034 24600170 24600175 24600086
                  75200224 20800184 20800271 20800047 75200112 20800207 75200009 75200075 20800011
                  24600123 20800040 75200008 20800159 20800165 20800092 24600210 75200077 20800028
                  20800323 20800057 24600177 20800218 20800006 24600004 24600026 20800260 20800163
                  20800305 20800239 20800270 20800054 20800202 20800295 20800186 20800118 24600055
                  20800209 20800158 20800171 20800347 20800063 24600145 24600172 20800067 24600195
                  20800213 20800261 75200133 24600155 20800315 20800149 75200173 20800250 20800227
                  24600147 75200061 75200176 20800339 20800182 20800306 20800156 20800351 75200163
                  20800200 20800082 20800302 20800303 20800060 75200107 20800266 75200005 24600040
                  75200137 20800249 24600152 20800259 20800241 20800035 20800208 24600135 24600137
                  20800016 20800308 20800044 20800377 20800286 20800319 20800321 20800096 20800327
                  20800116 20800336 75200108 20800140 75200126 20800004 20800359 75200135 24600204
                  20800172 20800299 75200160 20800109 20800219 20800012 24600052 75200071 75200046
                  75200136 24600156 24600162 24600163 75200069 24600037 20800043 24600046 24600047
                  75200081 20800101 24600057 20800257 20800113 75200209 20800204 20800019 20800108
                  20800356 20800033 24600035 75200158 20800161 24600056 24600180 24600189 24600069
                  20800139 24600006 24600094 24600008 24600097 75200014 24600081 24600024 24600090
                  24600178 75200057 24600095 20800231 24600191 24600042 24600198 24600199 24600045
                  75200165 75200080 24600133 24600206 24600134 20800374 20800026 20800234 75200096
                  20800074 20800252 24600013 75200019 20800141 75200225 24600119 24600122 24600128
                  24600129 24600051 24600009 24600140 24600010 24600012 24600148 24600058 75200039
                  24600062 24600071 75200053 75200055 24600023 24600074 24600076 24600077 24600173
                  24600176 75200185 24600083 24600181 24600087 24600028 24600029 24600030 24600033
                  20800349 24600196 24600197 24600038 24600102 24600103 75200223 24600104 24600115
                  24600007 24600120 24600186 75200054 24600136 20800283 75200150 24600194 20800357
                  24600142 24600144 24600036 24600017 24600201 24600203 24600065 24600149 24600018
                  24600153 24600067 24600099 24600158 24600161 24600020 75200100 24600072 24600105
                  75200015 24600106 24600168 24600111 20800177 24600146 75200171 24600061 20800103
                  24600124 24600151 24600211 24600091 24600157 24600131 24600107 24600110 75200144
                  75200145 75200208 75200151 75200104 75200017 24600112 24600048 24600171 75200227
                  24600054 24600031 24600085 75200086 75200175 24600116 75200092 24600089 75200149
                  20800010 20800273 20800364 20800132 75200120 20800009 75200002 75200067 75200167
      ESCS        75200066
      Q3          20800376 24600092 24600108 20800205 75200066 20800338 75200103 24600141 75200076
                  20800020 24600209 24600039 75200029 24600192 24600205 20800034 24600170 75200154
                  20800271 75200008 20800243 24600185 20800229 75200110 75200177
      Q4          20800376 24600092 24600108 20800205 75200066 20800338 75200103 24600141 75200109
                  20800110 75200076 24600209 24600039 24600192 24600205 20800111 20800034 24600170
                  20800271 24600185 20800229
      Q5          20800376 24600092 24600108 20800205 75200066 20800338 75200103 24600141 75200109
                  75200076 24600209 24600039 24600192 24600205 75200202 20800280 20800111 20800034
                  24600170 24600086 20800271 24600185 20800070 20800229
      Q7          20800376 24600092 24600108 20800205 75200066 20800338 75200103 24600141 75200062
                  24600209 24600039 24600192 24600205 75200202 20800034 24600170 20800271 24600185
                  20800229 75200177
      Q8          20800376 24600092 24600108 20800205 75200066 20800338 75200103 24600141 75200062
                  24600209 24600039 24600192 24600205 20800034 24600170 20800271 24600185 20800229
                  75200177
      Q9          20800376 24600092 24600108 20800205 75200066 20800338 75200103 24600141 75200199
                  75200062 75200076 24600209 24600039 24600192 24600205 20800034 24600170 20800271
                  20800011 24600185 20800229
      Q10         20800376 24600092 24600108 20800205 75200066 20800338 75200103 24600141 75200109
                  75200062 20800110 24600209 24600039 24600192 24600205 20800123 20800034 24600170
                  20800271 24600185 20800229
      Q1          20800376 24600092 24600108 20800205 75200066 20800338 75200103 24600141 75200199
                  75200109 75200062 75200156 24600209 24600039 24600096 24600192 24600205 20800034
                  24600170 20800271 20800243 24600185 20800229
      Q2          20800376 24600092 24600108 20800205 75200066 20800338 75200103 24600141 20800232
                  24600209 24600039 24600192 24600205 20800034 24600170 20800271 24600185 20800229
      Q6          20800376 24600092 24600108 20800205 75200066 20800338 75200103 24600141 75200109
                  75200062 75200076 20800232 24600209 24600039 75200029 24600192 24600205 75200202
                  20800280 75200221 20800034 24600170 75200224 20800271 20800207 20800011 20800028
                  24600185 20800313 20800229 75200177
      LEIHOM      20800376 24600092 24600108 20800205 75200066 20800338 75200103 24600141 24600209
                  24600039 24600192 24600205 20800034 24600170 20800271 24600185 20800229
      USESCH      20800376 24600092 24600108 20800205 75200066 20800338 75200103 24600141 24600209
                  24600039 24600192 24600205 20800034 24600170 20800271 24600185 20800229
      ACAHOM      20800376 24600092 24600108 20800205 75200066 20800338 75200103 24600141 24600209
                  24600039 24600192 24600205 20800034 24600170 20800271 24600185 20800229
      READJOY     24600092 75200066
      READCOMP    24600092 20800205 75200066 20800338 24600141 24600209 75200006 24600039 24600192
                  24600205 20800111 20800034 24600170 20800271 24600185 20800229
      READEASE    24600092 20800205 75200066 20800338 24600141 24600209 24600039 24600192 24600205
                  20800034 24600170 20800271 24600185 20800229

   1 WARNING(S) FOUND IN THE INPUT INSTRUCTIONS




Multilevel multiple imputation

SUMMARY OF ANALYSIS

Number of groups                                                 1
Average number of observations                               18810

Number of replications
    Requested                                                   10
    Completed                                                   10

Number of dependent variables                                   31
Number of independent variables                                  0
Number of continuous latent variables                            0

Observed dependent variables

  Continuous
   Q05HA       PV1READ     PV2READ     PV3READ     PV4READ     PV5READ
   PV6READ     PV7READ     PV8READ     PV9READ     PV10READ    FEMALE
   IMMI1GEN    IMMI2GEN    ESCS        Q3          Q4          Q5
   Q7          Q8          Q9          Q10         Q1          Q2
   Q6          LEIHOM      USESCH      ACAHOM      READJOY     READCOMP
   READEASE

Observed auxiliary variables
   CNTRYID     CNTSTUID    W_STU       W_SCH

Variables with special functions

  Cluster variable      CNTSCHID

  Within variables
   FEMALE      IMMI1GEN    IMMI2GEN    ESCS        Q3          Q4
   Q5          Q7          Q8          Q9          Q10         Q1
   Q2          Q6          LEIHOM      USESCH      ACAHOM      READJOY
   READCOMP    READEASE

  Between variables
   Q05HA


Variables used for imputation

  Variables imputed as continuous
   ESCS        Q3          Q4          Q5          Q7          Q8
   Q9          Q10         Q1          Q2          Q6          LEIHOM
   USESCH      ACAHOM      READJOY     READCOMP    READEASE    Q05HA

  Variables imputed as categorical
   FEMALE      IMMI1GEN    IMMI2GEN


Estimator                                                      MLR
Information matrix                                        OBSERVED
Maximum number of iterations                                   100
Convergence criterion                                    0.100D-05
Maximum number of EM iterations                                500
Convergence criteria for the EM algorithm
  Loglikelihood change                                   0.100D-02
  Relative loglikelihood change                          0.100D-05
  Derivative                                             0.100D-03
Minimum variance                                         0.100D-03
Maximum number of steepest descent iterations                   20
Maximum number of iterations for H1                           2000
Convergence criterion for H1                             0.100D-03
Optimization algorithm                                         EMA
Specifications for Bayesian Estimation
  Point estimate                                            MEDIAN
  Number of Markov chain Monte Carlo (MCMC) chains               4
  Random seed for the first chain                             1234
  Starting value information                           UNPERTURBED
  Algorithm used for Markov chain Monte Carlo           GIBBS(PX1)
  Fixed number of iterations                                 50000
  K-th iteration used for thinning                               1
Specifications for Data Imputation
  Number of imputed data sets                                   10
  H1 imputation model type                              COVARIANCE
  Iteration intervals for thinning                            5000

Input data file(s)
  C:\Users\Mudar Saied\readallpv.dat
Input data format  FREE


SUMMARY OF DATA FOR THE FIRST DATA SET

     Number of missing data patterns             1
     Number of clusters                        785

       Size (s)    Cluster ID with Size s

          1        20800027 20800091 20800376 24600092 24600098 24600108
                   24600184 75200023 75200099 75200123 75200147 75200190
                   75200226
          2        20800205 75200066 20800338 75200103 20800188 24600141
                   24600066 75200199 75200021
          3        75200109 75200062 20800110 75200156 75200076 20800232
                   20800020
          4        20800073 75200143 24600209 75200153 75200006 24600039
                   24600096 75200029
          5        24600192 24600205 75200202 20800134
          6        75200117 20800280 20800111 20800123 75200221 20800034
          7        75200181 24600170 24600175 75200038 24600086 75200224
                   20800153
          8        20800184 75200154 20800271 20800061 20800047 75200112
                   20800207 75200206 75200009 75200073 75200075
          9        20800011 20800100 24600123 20800244
         10        20800040
         11        75200008 20800159 20800165 20800353 20800258 20800092
         12        24600210 75200077 20800068 20800028 20800243 20800090
                   20800160
         13        20800136 20800189 20800323 24600185
         14        20800057 24600177 20800218 20800098 20800006 20800190
                   20800051 75200212 75200217 24600004 24600026 20800260
         15        20800107 20800255 20800115 20800163 20800267 20800070
                   20800236 20800300 75200052 20800305 20800313 20800193
         16        20800239 20800365 20800371 20800270 75200056 20800042
                   20800052 20800292
         17        20800054 20800194 20800372 20800202 20800295 20800186
                   20800118 24600055 20800209 20800017 20800229 20800158
                   75200152
         18        20800337 20800171 20800347 20800063 24600145 20800312
                   24600172 20800067 20800318 20800003 75200089
         19        20800166 20800168 24600195 75200068 20800360 20800077
                   20800210 20800213 75200197 20800191 20800378 20800261
                   20800178 20800142 20800147 20800275 75200133
         20        24600155 20800048 20800315 75200148 20800025 20800322
                   20800149 20800324 75200173 75200178 20800018 20800278
                   20800247 20800250 20800220 24600214 20800227 20800367
                   20800038 20800112 24600147
         21        20800080 24600032 75200061 20800170 20800334 20800287
                   75200169 20800290 75200176 20800339 20800087 20800089
                   20800182 20800058 20800306 20800032 20800238 20800150
                   20800240 20800151 75200042
         22        75200110 20800005 20800221 20800156 20800272 75200138
                   20800119 20800122 75200031 20800094 20800351 20800024
                   20800135 75200163 20800066 20800200 20800082 20800302
                   20800303 75200187 20800049 20800045 20800060 20800179
                   75200091 75200098 20800181 20800072 75200107 20800266
         23        20800245 75200005 20800277 75200118 75200119 24600040
                   75200128 20800046 75200137 20800326 20800249 75200026
                   20800230 75200030 20800251 20800291 20800341 75200157
                   20800344 20800059 20800350 20800256 24600152 20800296
                   20800215 20800259 20800237 20800368 20800369 20800217
                   20800154 75200216 20800124 20800241 20800035 20800071
         24        20800088 20800127 20800335 20800208 75200125 20800129
                   24600088 20800064 24600093 20800297 20800298 20800021
                   20800162 75200047 24600135 24600137 20800216 20800075
                   20800016 20800361 20800362 20800307 20800308 20800311
                   20800044 20800055 75200093 20800121 20800316 20800377
                   20800279 20800015 20800286 20800106 75200114
         25        20800269 20800319 20800321 20800095 75200078 75200087
                   20800131 20800096 20800274 20800327 20800116 20800023
                   20800336 75200108 20800164 20800196 20800140 20800282
                   20800342 20800007 20800143 20800242 20800169 75200126
                   20800004 20800359 75200134 75200135 20800293 24600200
                   75200139 24600204 20800084 20800246 20800172 20800211
                   20800299 20800212 20800370 75200159 75200160 20800301
                   20800175 20800109 20800085 20800152 20800125 24600016
                   24600022 75200191 20800219 20800126 20800263 20800012
                   24600052 20800224 75200065 75200218 20800268 24600073
                   75200071
         26        75200046 20800265 20800223 24600019 75200136 24600156
                   24600162 24600163 75200142 20800146 20800093 75200069
                   20800130 24600037 20800352 20800043 24600046 24600047
                   75200081 75200084 20800101 20800195 24600057 75200177
                   20800104 24600068 20800198 20800276 20800366 75200195
                   20800257 20800328 75200200 20800113 20800079 75200209
                   20800204 20800019 20800373 20800262 20800309 20800108
                   75200043
         27        20800355 24600117 75200124 20800356 24600125 20800033
                   75200129 75200132 20800185 75200036 20800294 75200040
                   24600034 24600035 75200044 20800008 24600154 20800157
                   20800056 20800133 20800030 24600165 24600167 24600169
                   75200158 20800161 20800097 24600056 20800346 24600180
                   24600183 24600060 20800248 24600187 24600189 20800031
                   24600069 20800180 75200094 24600079 20800139 24600208
                   20800001 20800354 75200210 24600006 75200215 24600094
                   75200111 24600008 24600097 24600014 75200014
         28        20800039 24600081 24600024 24600025 24600090 20800225
                   20800345 24600178 24600179 20800036 24600182 75200057
                   24600095 20800037 75200063 75200064 20800105 20800264
                   20800231 24600191 75200070 24600113 24600042 24600198
                   24600199 24600044 24600045 75200165 75200080 24600133
                   75200083 24600206 24600134 20800374 20800026 75200189
                   24600212 20800234 75200192 75200096 75200196 75200001
                   20800074 20800174 75200105 20800252 20800137 24600013
                   75200019 75200214 20800062 24600159 75200113 20800099
                   75200027 20800141 75200225 24600164
         29        20800329 20800330 24600119 24600122 20800013 75200115
                   20800314 24600128 24600129 75200122 20800222 20800155
                   24600051 24600009 24600140 24600010 24600012 20800029
                   24600148 24600058 24600059 75200039 20800304 24600062
                   24600064 20800320 20800214 20800343 75200048 75200049
                   24600071 75200053 75200055 24600166 24600023 24600074
                   75200162 24600076 24600077 75200168 24600173 24600174
                   75200174 24600078 24600176 20800120 24600080 75200185
                   20800206 75200072 24600083 24600181 20800114 24600087
                   24600028 24600029 24600030 24600188 75200201 20800065
                   24600033 20800348 20800349 75200211 24600196 75200213
                   24600197 20800176 24600038 24600101 24600102 75200219
                   24600103 75200223 24600104 20800102 24600109
         30        24600114 24600115 24600007 20800289 24600120 24600049
                   75200041 24600050 24600027 20800069 24600084 24600132
                   20800363 24600011 75200051 24600186 20800144 75200054
                   24600136 20800283 75200150 24600190 75200060 24600139
                   20800285 24600194 20800357 24600142 24600143 75200161
                   24600144 24600036 24600017 24600201 24600203 24600065
                   24600149 24600018 24600207 24600153 75200179 24600067
                   24600099 75200186 75200082 24600100 24600213 75200085
                   24600158 24600215 24600216 24600217 24600002 75200004
                   75200097 24600161 75200205 24600020 75200100 75200101
                   75200102 20800235 24600072 24600105 75200015 75200018
                   24600106 75200020 24600043 24600168 75200024 24600005
                   24600111 20800177
         31        24600121 24600146 75200171 24600061 20800103 24600124
                   24600151 24600211 24600075 75200127 75200183 24600126
                   24600127 75200130 24600091 24600021 24600157 24600130
                   24600131 24600107 24600053 75200007 75200141 24600015
                   24600110 75200144 75200145 75200207 75200208 75200013
                   75200058 24600193 75200151 20800117 75200104 75200017
                   24600112 24600138 20800145 24600048 75200220 24600082
                   24600171 24600070 20800128 24600003 75200227 75200228
         32        75200037 75200194 24600054 24600031 75200016 75200198
                   75200131 24600202 75200106 24600085 75200204 20800331
                   20800332 75200086 75200170 75200003 75200172 75200088
                   20800325 75200175 75200090 24600116 75200092 24600089
                   75200180 75200050 75200121 75200184 75200149 24600160
                   20800201 24600150 75200012 24600041
         33        20800010 75200140 20800138 20800273 20800226 20800253
                   75200074 75200146 75200022 75200032 75200035 75200045
                   20800364 75200182
         34        75200079 75200059 20800132 75200116 20800192 75200028
                   20800333 75200120 20800009 75200002 75200025 75200067
                   75200167 75200033
         35        75200164 75200222 75200095 75200166
         36        75200155
         37        75200193

     Average cluster size       23.962

     Estimated Intraclass Correlations for the Y Variables

                Intraclass              Intraclass              Intraclass
     Variable  Correlation   Variable  Correlation   Variable  Correlation

     PV1READ      0.065      PV2READ      0.064      PV3READ      0.065
     PV4READ      0.064      PV5READ      0.064      PV6READ      0.062
     PV7READ      0.064      PV8READ      0.065      PV9READ      0.064
     PV10READ     0.065      FEMALE       0.000      IMMI1GEN     0.000
     IMMI2GEN     0.000      ESCS         0.000      Q3           0.000
     Q4           0.000      Q5           0.000      Q7           0.000
     Q8           0.000      Q9           0.000      Q10          0.000
     Q1           0.000      Q2           0.000      Q6           0.000
     LEIHOM       0.000      USESCH       0.000      ACAHOM       0.000
     READJOY      0.000      READCOMP     0.000      READEASE     0.000



SUMMARY OF MISSING DATA PATTERNS FOR THE FIRST DATA SET


     MISSING DATA PATTERNS (x = not missing)

           1
 Q05HA     x
 PV1READ   x
 PV2READ   x
 PV3READ   x
 PV4READ   x
 PV5READ   x
 PV6READ   x
 PV7READ   x
 PV8READ   x
 PV9READ   x
 PV10READ  x
 FEMALE    x
 IMMI1GEN  x
 IMMI2GEN  x
 ESCS      x
 Q3        x
 Q4        x
 Q5        x
 Q7        x
 Q8        x
 Q9        x
 Q10       x
 Q1        x
 Q2        x
 Q6        x
 LEIHOM    x
 USESCH    x
 ACAHOM    x
 READJOY   x
 READCOMP  x
 READEASE  x


     MISSING DATA PATTERN FREQUENCIES

    Pattern   Frequency
          1       18810


COVARIANCE COVERAGE OF DATA FOR THE FIRST DATA SET

Minimum covariance coverage value   0.100


     PROPORTION OF DATA PRESENT


           Covariance Coverage
              Q05HA         PV1READ       PV2READ       PV3READ       PV4READ
              ________      ________      ________      ________      ________
 Q05HA          1.000
 PV1READ        1.000         1.000
 PV2READ        1.000         1.000         1.000
 PV3READ        1.000         1.000         1.000         1.000
 PV4READ        1.000         1.000         1.000         1.000         1.000
 PV5READ        1.000         1.000         1.000         1.000         1.000
 PV6READ        1.000         1.000         1.000         1.000         1.000
 PV7READ        1.000         1.000         1.000         1.000         1.000
 PV8READ        1.000         1.000         1.000         1.000         1.000
 PV9READ        1.000         1.000         1.000         1.000         1.000
 PV10READ       1.000         1.000         1.000         1.000         1.000
 FEMALE         1.000         1.000         1.000         1.000         1.000
 IMMI1GEN       1.000         1.000         1.000         1.000         1.000
 IMMI2GEN       1.000         1.000         1.000         1.000         1.000
 ESCS           1.000         1.000         1.000         1.000         1.000
 Q3             1.000         1.000         1.000         1.000         1.000
 Q4             1.000         1.000         1.000         1.000         1.000
 Q5             1.000         1.000         1.000         1.000         1.000
 Q7             1.000         1.000         1.000         1.000         1.000
 Q8             1.000         1.000         1.000         1.000         1.000
 Q9             1.000         1.000         1.000         1.000         1.000
 Q10            1.000         1.000         1.000         1.000         1.000
 Q1             1.000         1.000         1.000         1.000         1.000
 Q2             1.000         1.000         1.000         1.000         1.000
 Q6             1.000         1.000         1.000         1.000         1.000
 LEIHOM         1.000         1.000         1.000         1.000         1.000
 USESCH         1.000         1.000         1.000         1.000         1.000
 ACAHOM         1.000         1.000         1.000         1.000         1.000
 READJOY        1.000         1.000         1.000         1.000         1.000
 READCOMP       1.000         1.000         1.000         1.000         1.000
 READEASE       1.000         1.000         1.000         1.000         1.000


           Covariance Coverage
              PV5READ       PV6READ       PV7READ       PV8READ       PV9READ
              ________      ________      ________      ________      ________
 PV5READ        1.000
 PV6READ        1.000         1.000
 PV7READ        1.000         1.000         1.000
 PV8READ        1.000         1.000         1.000         1.000
 PV9READ        1.000         1.000         1.000         1.000         1.000
 PV10READ       1.000         1.000         1.000         1.000         1.000
 FEMALE         1.000         1.000         1.000         1.000         1.000
 IMMI1GEN       1.000         1.000         1.000         1.000         1.000
 IMMI2GEN       1.000         1.000         1.000         1.000         1.000
 ESCS           1.000         1.000         1.000         1.000         1.000
 Q3             1.000         1.000         1.000         1.000         1.000
 Q4             1.000         1.000         1.000         1.000         1.000
 Q5             1.000         1.000         1.000         1.000         1.000
 Q7             1.000         1.000         1.000         1.000         1.000
 Q8             1.000         1.000         1.000         1.000         1.000
 Q9             1.000         1.000         1.000         1.000         1.000
 Q10            1.000         1.000         1.000         1.000         1.000
 Q1             1.000         1.000         1.000         1.000         1.000
 Q2             1.000         1.000         1.000         1.000         1.000
 Q6             1.000         1.000         1.000         1.000         1.000
 LEIHOM         1.000         1.000         1.000         1.000         1.000
 USESCH         1.000         1.000         1.000         1.000         1.000
 ACAHOM         1.000         1.000         1.000         1.000         1.000
 READJOY        1.000         1.000         1.000         1.000         1.000
 READCOMP       1.000         1.000         1.000         1.000         1.000
 READEASE       1.000         1.000         1.000         1.000         1.000


           Covariance Coverage
              PV10READ      FEMALE        IMMI1GEN      IMMI2GEN      ESCS
              ________      ________      ________      ________      ________
 PV10READ       1.000
 FEMALE         1.000         1.000
 IMMI1GEN       1.000         1.000         1.000
 IMMI2GEN       1.000         1.000         1.000         1.000
 ESCS           1.000         1.000         1.000         1.000         1.000
 Q3             1.000         1.000         1.000         1.000         1.000
 Q4             1.000         1.000         1.000         1.000         1.000
 Q5             1.000         1.000         1.000         1.000         1.000
 Q7             1.000         1.000         1.000         1.000         1.000
 Q8             1.000         1.000         1.000         1.000         1.000
 Q9             1.000         1.000         1.000         1.000         1.000
 Q10            1.000         1.000         1.000         1.000         1.000
 Q1             1.000         1.000         1.000         1.000         1.000
 Q2             1.000         1.000         1.000         1.000         1.000
 Q6             1.000         1.000         1.000         1.000         1.000
 LEIHOM         1.000         1.000         1.000         1.000         1.000
 USESCH         1.000         1.000         1.000         1.000         1.000
 ACAHOM         1.000         1.000         1.000         1.000         1.000
 READJOY        1.000         1.000         1.000         1.000         1.000
 READCOMP       1.000         1.000         1.000         1.000         1.000
 READEASE       1.000         1.000         1.000         1.000         1.000


           Covariance Coverage
              Q3            Q4            Q5            Q7            Q8
              ________      ________      ________      ________      ________
 Q3             1.000
 Q4             1.000         1.000
 Q5             1.000         1.000         1.000
 Q7             1.000         1.000         1.000         1.000
 Q8             1.000         1.000         1.000         1.000         1.000
 Q9             1.000         1.000         1.000         1.000         1.000
 Q10            1.000         1.000         1.000         1.000         1.000
 Q1             1.000         1.000         1.000         1.000         1.000
 Q2             1.000         1.000         1.000         1.000         1.000
 Q6             1.000         1.000         1.000         1.000         1.000
 LEIHOM         1.000         1.000         1.000         1.000         1.000
 USESCH         1.000         1.000         1.000         1.000         1.000
 ACAHOM         1.000         1.000         1.000         1.000         1.000
 READJOY        1.000         1.000         1.000         1.000         1.000
 READCOMP       1.000         1.000         1.000         1.000         1.000
 READEASE       1.000         1.000         1.000         1.000         1.000


           Covariance Coverage
              Q9            Q10           Q1            Q2            Q6
              ________      ________      ________      ________      ________
 Q9             1.000
 Q10            1.000         1.000
 Q1             1.000         1.000         1.000
 Q2             1.000         1.000         1.000         1.000
 Q6             1.000         1.000         1.000         1.000         1.000
 LEIHOM         1.000         1.000         1.000         1.000         1.000
 USESCH         1.000         1.000         1.000         1.000         1.000
 ACAHOM         1.000         1.000         1.000         1.000         1.000
 READJOY        1.000         1.000         1.000         1.000         1.000
 READCOMP       1.000         1.000         1.000         1.000         1.000
 READEASE       1.000         1.000         1.000         1.000         1.000


           Covariance Coverage
              LEIHOM        USESCH        ACAHOM        READJOY       READCOMP
              ________      ________      ________      ________      ________
 LEIHOM         1.000
 USESCH         1.000         1.000
 ACAHOM         1.000         1.000         1.000
 READJOY        1.000         1.000         1.000         1.000
 READCOMP       1.000         1.000         1.000         1.000         1.000
 READEASE       1.000         1.000         1.000         1.000         1.000


           Covariance Coverage
              READEASE
              ________
 READEASE       1.000




RESULTS FOR BASIC ANALYSIS

NOTE:  The sample statistics for within and between refer to the
       maximum-likelihood estimated within and between covariance
       matrices, respectively.

NOTE:  These are average results over 10 data sets.


     ESTIMATED SAMPLE STATISTICS FOR WITHIN


           Means
              Q05HA         PV1READ       PV2READ       PV3READ       PV4READ
              ________      ________      ________      ________      ________
                0.000         0.000         0.000         0.000         0.000


           Means
              PV5READ       PV6READ       PV7READ       PV8READ       PV9READ
              ________      ________      ________      ________      ________
                0.000         0.000         0.000         0.000         0.000


           Means
              PV10READ      FEMALE        IMMI1GEN      IMMI2GEN      ESCS
              ________      ________      ________      ________      ________
                0.000         0.497         0.053         0.109         0.349


           Means
              Q3            Q4            Q5            Q7            Q8
              ________      ________      ________      ________      ________
                3.559         2.471         2.138         2.553         2.624


           Means
              Q9            Q10           Q1            Q2            Q6
              ________      ________      ________      ________      ________
                2.432         2.394         3.431         2.345         1.835


           Means
              LEIHOM        USESCH        ACAHOM        READJOY       READCOMP
              ________      ________      ________      ________      ________
                0.028         0.432         0.046        -0.318         0.227


           Means
              READEASE
              ________
                0.076


           Covariances
              Q05HA         PV1READ       PV2READ       PV3READ       PV4READ
              ________      ________      ________      ________      ________
 Q05HA          0.000
 PV1READ        0.000      9107.588
 PV2READ        0.000      8384.207      9069.744
 PV3READ        0.000      8464.044      8440.100      9226.550
 PV4READ        0.000      8386.114      8382.333      8442.554      9086.929
 PV5READ        0.000      8385.452      8390.497      8438.304      8376.053
 PV6READ        0.000      8407.516      8387.103      8463.504      8386.737
 PV7READ        0.000      8444.734      8422.454      8497.502      8408.826
 PV8READ        0.000      8393.168      8381.818      8451.551      8388.776
 PV9READ        0.000      8374.566      8352.206      8440.275      8369.555
 PV10READ       0.000      8403.393      8380.306      8458.307      8384.614
 FEMALE         0.000         8.859         8.858         8.742         8.692
 IMMI1GEN       0.000        -4.268        -4.367        -4.295        -4.331
 IMMI2GEN       0.000        -5.243        -5.270        -5.309        -5.197
 ESCS           0.000        23.792        23.797        23.699        23.865
 Q3             0.000        11.594        12.123        11.591        11.450
 Q4             0.000       -22.311       -22.383       -22.922       -22.293
 Q5             0.000       -30.631       -31.101       -31.297       -30.668
 Q7             0.000       -15.843       -15.803       -16.211       -15.979
 Q8             0.000       -23.521       -24.178       -24.433       -23.831
 Q9             0.000       -22.701       -22.437       -22.860       -22.292
 Q10            0.000       -17.289       -17.220       -17.961       -17.225
 Q1             0.000        -5.606        -6.566        -5.433        -5.764
 Q2             0.000       -16.859       -16.563       -17.013       -16.579
 Q6             0.000       -37.857       -38.074       -38.310       -37.615
 LEIHOM         0.000        -6.759        -6.834        -6.649        -6.827
 USESCH         0.000       -13.819       -13.852       -14.097       -13.697
 ACAHOM         0.000       -15.030       -14.781       -14.813       -14.584
 READJOY        0.000        32.905        32.283        32.987        32.314
 READCOMP       0.000        36.030        35.116        36.084        35.713
 READEASE       0.000        33.639        32.995        33.502        33.510


           Covariances
              PV5READ       PV6READ       PV7READ       PV8READ       PV9READ
              ________      ________      ________      ________      ________
 PV5READ     9100.519
 PV6READ     8400.122      9115.467
 PV7READ     8428.464      8443.973      9165.430
 PV8READ     8394.241      8394.923      8446.100      9087.190
 PV9READ     8373.196      8387.027      8416.964      8376.845      9068.552
 PV10READ    8388.860      8402.193      8440.020      8397.351      8370.433
 FEMALE         8.753         8.800         8.824         8.760         8.749
 IMMI1GEN      -4.396        -4.368        -4.469        -4.405        -4.363
 IMMI2GEN      -5.212        -5.205        -5.191        -5.259        -5.214
 ESCS          23.913        23.415        23.492        23.531        23.602
 Q3            11.539        11.213        11.541        11.313        11.154
 Q4           -21.569       -23.004       -22.850       -22.289       -22.964
 Q5           -30.639       -31.222       -31.527       -30.934       -30.988
 Q7           -15.940       -16.467       -16.734       -16.168       -16.310
 Q8           -23.967       -25.147       -24.603       -24.469       -24.568
 Q9           -22.232       -23.329       -23.014       -22.248       -22.845
 Q10          -17.397       -18.269       -18.037       -17.662       -17.713
 Q1            -5.878        -5.869        -6.220        -5.647        -5.732
 Q2           -16.605       -16.847       -16.965       -16.246       -17.225
 Q6           -37.422       -38.111       -38.095       -38.003       -38.092
 LEIHOM        -6.753        -7.206        -6.799        -7.190        -6.910
 USESCH       -13.731       -14.206       -14.246       -13.841       -13.985
 ACAHOM       -14.621       -15.255       -14.967       -14.660       -14.774
 READJOY       32.716        32.356        32.502        32.215        32.335
 READCOMP      35.992        35.801        35.669        35.640        35.430
 READEASE      33.786        33.383        33.440        33.321        33.383


           Covariances
              PV10READ      FEMALE        IMMI1GEN      IMMI2GEN      ESCS
              ________      ________      ________      ________      ________
 PV10READ    9119.544
 FEMALE         8.769         0.250
 IMMI1GEN      -4.439        -0.001         0.050
 IMMI2GEN      -5.058         0.002        -0.006         0.097
 ESCS          23.827        -0.001        -0.033        -0.060         0.709
 Q3            12.210         0.042         0.000         0.014         0.135
 Q4           -21.756        -0.045         0.014         0.037         0.068
 Q5           -30.387        -0.071         0.020         0.027         0.027
 Q7           -15.634        -0.050         0.014         0.039         0.087
 Q8           -24.137        -0.050         0.011         0.063         0.051
 Q9           -22.231        -0.057         0.020         0.041        -0.001
 Q10          -17.074        -0.076         0.016         0.032         0.071
 Q1            -6.056         0.034        -0.010        -0.014         0.019
 Q2           -16.334        -0.035         0.014         0.013         0.055
 Q6           -37.655        -0.147         0.021         0.023        -0.014
 LEIHOM        -6.712        -0.101         0.002         0.003         0.053
 USESCH       -13.614        -0.035         0.010         0.020         0.045
 ACAHOM       -14.639        -0.024         0.014         0.035         0.062
 READJOY       32.403         0.135         0.015         0.017         0.131
 READCOMP      35.533         0.017        -0.008         0.008         0.150
 READEASE      33.535        -0.019        -0.014        -0.011         0.124


           Covariances
              Q3            Q4            Q5            Q7            Q8
              ________      ________      ________      ________      ________
 Q3             1.341
 Q4             0.706         1.930
 Q5             0.444         1.116         1.707
 Q7             0.665         0.922         0.824         1.597
 Q8             0.709         0.993         0.849         1.086         2.230
 Q9             0.475         0.766         0.773         0.798         1.099
 Q10            0.555         0.897         0.834         0.964         0.991
 Q1             0.356         0.391         0.303         0.270         0.331
 Q2             0.450         0.688         0.630         0.531         0.437
 Q6             0.212         0.764         0.885         0.716         0.704
 LEIHOM         0.258         0.375         0.344         0.334         0.316
 USESCH         0.513         0.767         0.725         0.714         0.772
 ACAHOM         0.402         0.627         0.562         0.571         0.589
 READJOY        0.052        -0.039        -0.072         0.008        -0.081
 READCOMP       0.169         0.043        -0.032         0.077         0.047
 READEASE       0.061        -0.071        -0.104        -0.019        -0.042


           Covariances
              Q9            Q10           Q1            Q2            Q6
              ________      ________      ________      ________      ________
 Q9             1.835
 Q10            0.979         1.785
 Q1             0.328         0.318         2.144
 Q2             0.578         0.582         0.590         1.643
 Q6             0.715         0.755         0.369         0.620         1.461
 LEIHOM         0.328         0.354         0.320         0.386         0.372
 USESCH         0.725         0.748         0.399         0.565         0.634
 ACAHOM         0.514         0.608         0.191         0.469         0.477
 READJOY       -0.034        -0.005        -0.189        -0.030        -0.179
 READCOMP       0.017         0.058        -0.012         0.041        -0.081
 READEASE      -0.076        -0.039        -0.031        -0.045        -0.143


           Covariances
              LEIHOM        USESCH        ACAHOM        READJOY       READCOMP
              ________      ________      ________      ________      ________
 LEIHOM         0.769
 USESCH         0.302         0.629
 ACAHOM         0.372         0.451         0.832
 READJOY       -0.085        -0.031         0.021         1.156
 READCOMP       0.058         0.027         0.044         0.345         0.993
 READEASE      -0.002        -0.042        -0.051         0.217         0.511


           Covariances
              READEASE
              ________
 READEASE       1.028


           Correlations
              Q05HA         PV1READ       PV2READ       PV3READ       PV4READ
              ________      ________      ________      ________      ________
 Q05HA          0.000
 PV1READ        0.000         1.000
 PV2READ        0.000         0.922         1.000
 PV3READ        0.000         0.923         0.923         1.000
 PV4READ        0.000         0.922         0.923         0.922         1.000
 PV5READ        0.000         0.921         0.924         0.921         0.921
 PV6READ        0.000         0.923         0.922         0.923         0.921
 PV7READ        0.000         0.924         0.924         0.924         0.921
 PV8READ        0.000         0.923         0.923         0.923         0.923
 PV9READ        0.000         0.921         0.921         0.923         0.922
 PV10READ       0.000         0.922         0.921         0.922         0.921
 FEMALE         0.000         0.186         0.186         0.182         0.182
 IMMI1GEN       0.000        -0.200        -0.205        -0.200        -0.203
 IMMI2GEN       0.000        -0.176        -0.177        -0.177        -0.175
 ESCS           0.000         0.296         0.297         0.293         0.297
 Q3             0.000         0.105         0.110         0.104         0.104
 Q4             0.000        -0.168        -0.169        -0.172        -0.168
 Q5             0.000        -0.246        -0.250        -0.249        -0.246
 Q7             0.000        -0.131        -0.131        -0.134        -0.133
 Q8             0.000        -0.165        -0.170        -0.170        -0.167
 Q9             0.000        -0.176        -0.174        -0.176        -0.173
 Q10            0.000        -0.136        -0.135        -0.140        -0.135
 Q1             0.000        -0.040        -0.047        -0.039        -0.041
 Q2             0.000        -0.138        -0.136        -0.138        -0.136
 Q6             0.000        -0.328        -0.331        -0.330        -0.327
 LEIHOM         0.000        -0.081        -0.082        -0.079        -0.082
 USESCH         0.000        -0.183        -0.183        -0.185        -0.181
 ACAHOM         0.000        -0.173        -0.170        -0.169        -0.168
 READJOY        0.000         0.321         0.315         0.319         0.315
 READCOMP       0.000         0.379         0.370         0.377         0.376
 READEASE       0.000         0.348         0.342         0.344         0.347


           Correlations
              PV5READ       PV6READ       PV7READ       PV8READ       PV9READ
              ________      ________      ________      ________      ________
 PV5READ        1.000
 PV6READ        0.922         1.000
 PV7READ        0.923         0.924         1.000
 PV8READ        0.923         0.922         0.925         1.000
 PV9READ        0.922         0.922         0.923         0.923         1.000
 PV10READ       0.921         0.922         0.923         0.922         0.920
 FEMALE         0.184         0.184         0.184         0.184         0.184
 IMMI1GEN      -0.206        -0.205        -0.209        -0.207        -0.205
 IMMI2GEN      -0.175        -0.175        -0.174        -0.177        -0.176
 ESCS           0.298         0.291         0.291         0.293         0.294
 Q3             0.104         0.101         0.104         0.102         0.101
 Q4            -0.163        -0.173        -0.172        -0.168        -0.174
 Q5            -0.246        -0.250        -0.252        -0.248        -0.249
 Q7            -0.132        -0.136        -0.138        -0.134        -0.136
 Q8            -0.168        -0.176        -0.172        -0.172        -0.173
 Q9            -0.172        -0.180        -0.177        -0.172        -0.177
 Q10           -0.136        -0.143        -0.141        -0.139        -0.139
 Q1            -0.042        -0.042        -0.044        -0.040        -0.041
 Q2            -0.136        -0.138        -0.138        -0.133        -0.141
 Q6            -0.325        -0.330        -0.329        -0.330        -0.331
 LEIHOM        -0.081        -0.086        -0.081        -0.086        -0.083
 USESCH        -0.182        -0.188        -0.188        -0.183        -0.185
 ACAHOM        -0.168        -0.175        -0.171        -0.169        -0.170
 READJOY        0.319         0.315         0.316         0.314         0.316
 READCOMP       0.379         0.376         0.374         0.375         0.373
 READEASE       0.349         0.345         0.345         0.345         0.346


           Correlations
              PV10READ      FEMALE        IMMI1GEN      IMMI2GEN      ESCS
              ________      ________      ________      ________      ________
 PV10READ       1.000
 FEMALE         0.184         1.000
 IMMI1GEN      -0.208        -0.012         1.000
 IMMI2GEN      -0.170         0.015        -0.082         1.000
 ESCS           0.296        -0.003        -0.176        -0.229         1.000
 Q3             0.110         0.073        -0.001         0.038         0.138
 Q4            -0.164        -0.065         0.045         0.086         0.058
 Q5            -0.244        -0.109         0.069         0.066         0.025
 Q7            -0.130        -0.079         0.048         0.098         0.082
 Q8            -0.169        -0.067         0.034         0.135         0.040
 Q9            -0.172        -0.085         0.065         0.096        -0.001
 Q10           -0.134        -0.114         0.053         0.078         0.063
 Q1            -0.043         0.047        -0.030        -0.031         0.015
 Q2            -0.133        -0.055         0.048         0.033         0.051
 Q6            -0.326        -0.243         0.079         0.062        -0.014
 LEIHOM        -0.080        -0.231         0.012         0.011         0.072
 USESCH        -0.180        -0.089         0.058         0.079         0.067
 ACAHOM        -0.168        -0.052         0.071         0.122         0.081
 READJOY        0.316         0.250         0.061         0.050         0.145
 READCOMP       0.373         0.033        -0.036         0.024         0.179
 READEASE       0.346        -0.037        -0.060        -0.034         0.146


           Correlations
              Q3            Q4            Q5            Q7            Q8
              ________      ________      ________      ________      ________
 Q3             1.000
 Q4             0.439         1.000
 Q5             0.293         0.615         1.000
 Q7             0.455         0.525         0.499         1.000
 Q8             0.410         0.479         0.435         0.576         1.000
 Q9             0.303         0.407         0.437         0.466         0.543
 Q10            0.359         0.483         0.478         0.571         0.497
 Q1             0.210         0.192         0.158         0.146         0.152
 Q2             0.303         0.386         0.376         0.328         0.228
 Q6             0.152         0.455         0.560         0.469         0.390
 LEIHOM         0.254         0.308         0.300         0.302         0.241
 USESCH         0.558         0.696         0.700         0.712         0.652
 ACAHOM         0.381         0.495         0.471         0.496         0.433
 READJOY        0.042        -0.026        -0.051         0.006        -0.051
 READCOMP       0.146         0.031        -0.025         0.061         0.031
 READEASE       0.052        -0.050        -0.079        -0.015        -0.028


           Correlations
              Q9            Q10           Q1            Q2            Q6
              ________      ________      ________      ________      ________
 Q9             1.000
 Q10            0.541         1.000
 Q1             0.166         0.162         1.000
 Q2             0.333         0.340         0.314         1.000
 Q6             0.437         0.467         0.209         0.400         1.000
 LEIHOM         0.276         0.302         0.249         0.344         0.351
 USESCH         0.676         0.706         0.344         0.556         0.661
 ACAHOM         0.416         0.499         0.143         0.401         0.432
 READJOY       -0.024        -0.004        -0.120        -0.022        -0.138
 READCOMP       0.013         0.044        -0.008         0.032        -0.067
 READEASE      -0.056        -0.028        -0.021        -0.034        -0.116


           Correlations
              LEIHOM        USESCH        ACAHOM        READJOY       READCOMP
              ________      ________      ________      ________      ________
 LEIHOM         1.000
 USESCH         0.434         1.000
 ACAHOM         0.465         0.623         1.000
 READJOY       -0.090        -0.036         0.022         1.000
 READCOMP       0.067         0.035         0.048         0.322         1.000
 READEASE      -0.002        -0.052        -0.055         0.199         0.505


           Correlations
              READEASE
              ________
 READEASE       1.000


     ESTIMATED SAMPLE STATISTICS FOR BETWEEN


           Means
              Q05HA         PV1READ       PV2READ       PV3READ       PV4READ
              ________      ________      ________      ________      ________
                1.535       502.097       502.222       502.214       501.778


           Means
              PV5READ       PV6READ       PV7READ       PV8READ       PV9READ
              ________      ________      ________      ________      ________
              501.717       502.148       501.528       501.627       501.552


           Means
              PV10READ      FEMALE        IMMI1GEN      IMMI2GEN      ESCS
              ________      ________      ________      ________      ________
              501.498         0.000         0.000         0.000         0.000


           Means
              Q3            Q4            Q5            Q7            Q8
              ________      ________      ________      ________      ________
                0.000         0.000         0.000         0.000         0.000


           Means
              Q9            Q10           Q1            Q2            Q6
              ________      ________      ________      ________      ________
                0.000         0.000         0.000         0.000         0.000


           Means
              LEIHOM        USESCH        ACAHOM        READJOY       READCOMP
              ________      ________      ________      ________      ________
                0.000         0.000         0.000         0.000         0.000


           Means
              READEASE
              ________
                0.000


           Covariances
              Q05HA         PV1READ       PV2READ       PV3READ       PV4READ
              ________      ________      ________      ________      ________
 Q05HA          0.250
 PV1READ       -1.833       631.561
 PV2READ       -1.936       620.192       616.154
 PV3READ       -1.760       634.406       625.840       641.050
 PV4READ       -1.913       619.207       611.475       626.872       616.701
 PV5READ       -1.902       624.655       615.914       630.907       618.210
 PV6READ       -1.838       613.811       604.937       619.511       605.236
 PV7READ       -1.773       621.180       613.053       626.455       613.674
 PV8READ       -2.099       623.580       616.949       629.413       616.938
 PV9READ       -2.046       622.328       613.464       626.512       613.378
 PV10READ      -1.852       629.777       620.127       634.983       620.852
 FEMALE         0.000         0.000         0.000         0.000         0.000
 IMMI1GEN       0.000         0.000         0.000         0.000         0.000
 IMMI2GEN       0.000         0.000         0.000         0.000         0.000
 ESCS           0.000         0.000         0.000         0.000         0.000
 Q3             0.000         0.000         0.000         0.000         0.000
 Q4             0.000         0.000         0.000         0.000         0.000
 Q5             0.000         0.000         0.000         0.000         0.000
 Q7             0.000         0.000         0.000         0.000         0.000
 Q8             0.000         0.000         0.000         0.000         0.000
 Q9             0.000         0.000         0.000         0.000         0.000
 Q10            0.000         0.000         0.000         0.000         0.000
 Q1             0.000         0.000         0.000         0.000         0.000
 Q2             0.000         0.000         0.000         0.000         0.000
 Q6             0.000         0.000         0.000         0.000         0.000
 LEIHOM         0.000         0.000         0.000         0.000         0.000
 USESCH         0.000         0.000         0.000         0.000         0.000
 ACAHOM         0.000         0.000         0.000         0.000         0.000
 READJOY        0.000         0.000         0.000         0.000         0.000
 READCOMP       0.000         0.000         0.000         0.000         0.000
 READEASE       0.000         0.000         0.000         0.000         0.000


           Covariances
              PV5READ       PV6READ       PV7READ       PV8READ       PV9READ
              ________      ________      ________      ________      ________
 PV5READ      624.159
 PV6READ      610.396       603.809
 PV7READ      617.817       607.891       617.490
 PV8READ      621.804       610.049       617.728       626.094
 PV9READ      619.696       607.745       616.612       619.042       618.866
 PV10READ     625.702       616.420       622.608       625.979       622.075
 FEMALE         0.000         0.000         0.000         0.000         0.000
 IMMI1GEN       0.000         0.000         0.000         0.000         0.000
 IMMI2GEN       0.000         0.000         0.000         0.000         0.000
 ESCS           0.000         0.000         0.000         0.000         0.000
 Q3             0.000         0.000         0.000         0.000         0.000
 Q4             0.000         0.000         0.000         0.000         0.000
 Q5             0.000         0.000         0.000         0.000         0.000
 Q7             0.000         0.000         0.000         0.000         0.000
 Q8             0.000         0.000         0.000         0.000         0.000
 Q9             0.000         0.000         0.000         0.000         0.000
 Q10            0.000         0.000         0.000         0.000         0.000
 Q1             0.000         0.000         0.000         0.000         0.000
 Q2             0.000         0.000         0.000         0.000         0.000
 Q6             0.000         0.000         0.000         0.000         0.000
 LEIHOM         0.000         0.000         0.000         0.000         0.000
 USESCH         0.000         0.000         0.000         0.000         0.000
 ACAHOM         0.000         0.000         0.000         0.000         0.000
 READJOY        0.000         0.000         0.000         0.000         0.000
 READCOMP       0.000         0.000         0.000         0.000         0.000
 READEASE       0.000         0.000         0.000         0.000         0.000


           Covariances
              PV10READ      FEMALE        IMMI1GEN      IMMI2GEN      ESCS
              ________      ________      ________      ________      ________
 PV10READ     634.285
 FEMALE         0.000         0.000
 IMMI1GEN       0.000         0.000         0.000
 IMMI2GEN       0.000         0.000         0.000         0.000
 ESCS           0.000         0.000         0.000         0.000         0.000
 Q3             0.000         0.000         0.000         0.000         0.000
 Q4             0.000         0.000         0.000         0.000         0.000
 Q5             0.000         0.000         0.000         0.000         0.000
 Q7             0.000         0.000         0.000         0.000         0.000
 Q8             0.000         0.000         0.000         0.000         0.000
 Q9             0.000         0.000         0.000         0.000         0.000
 Q10            0.000         0.000         0.000         0.000         0.000
 Q1             0.000         0.000         0.000         0.000         0.000
 Q2             0.000         0.000         0.000         0.000         0.000
 Q6             0.000         0.000         0.000         0.000         0.000
 LEIHOM         0.000         0.000         0.000         0.000         0.000
 USESCH         0.000         0.000         0.000         0.000         0.000
 ACAHOM         0.000         0.000         0.000         0.000         0.000
 READJOY        0.000         0.000         0.000         0.000         0.000
 READCOMP       0.000         0.000         0.000         0.000         0.000
 READEASE       0.000         0.000         0.000         0.000         0.000


           Covariances
              Q3            Q4            Q5            Q7            Q8
              ________      ________      ________      ________      ________
 Q3             0.000
 Q4             0.000         0.000
 Q5             0.000         0.000         0.000
 Q7             0.000         0.000         0.000         0.000
 Q8             0.000         0.000         0.000         0.000         0.000
 Q9             0.000         0.000         0.000         0.000         0.000
 Q10            0.000         0.000         0.000         0.000         0.000
 Q1             0.000         0.000         0.000         0.000         0.000
 Q2             0.000         0.000         0.000         0.000         0.000
 Q6             0.000         0.000         0.000         0.000         0.000
 LEIHOM         0.000         0.000         0.000         0.000         0.000
 USESCH         0.000         0.000         0.000         0.000         0.000
 ACAHOM         0.000         0.000         0.000         0.000         0.000
 READJOY        0.000         0.000         0.000         0.000         0.000
 READCOMP       0.000         0.000         0.000         0.000         0.000
 READEASE       0.000         0.000         0.000         0.000         0.000


           Covariances
              Q9            Q10           Q1            Q2            Q6
              ________      ________      ________      ________      ________
 Q9             0.000
 Q10            0.000         0.000
 Q1             0.000         0.000         0.000
 Q2             0.000         0.000         0.000         0.000
 Q6             0.000         0.000         0.000         0.000         0.000
 LEIHOM         0.000         0.000         0.000         0.000         0.000
 USESCH         0.000         0.000         0.000         0.000         0.000
 ACAHOM         0.000         0.000         0.000         0.000         0.000
 READJOY        0.000         0.000         0.000         0.000         0.000
 READCOMP       0.000         0.000         0.000         0.000         0.000
 READEASE       0.000         0.000         0.000         0.000         0.000


           Covariances
              LEIHOM        USESCH        ACAHOM        READJOY       READCOMP
              ________      ________      ________      ________      ________
 LEIHOM         0.000
 USESCH         0.000         0.000
 ACAHOM         0.000         0.000         0.000
 READJOY        0.000         0.000         0.000         0.000
 READCOMP       0.000         0.000         0.000         0.000         0.000
 READEASE       0.000         0.000         0.000         0.000         0.000


           Covariances
              READEASE
              ________
 READEASE       0.000


           Correlations
              Q05HA         PV1READ       PV2READ       PV3READ       PV4READ
              ________      ________      ________      ________      ________
 Q05HA          1.000
 PV1READ       -0.146         1.000
 PV2READ       -0.156         0.994         1.000
 PV3READ       -0.139         0.997         0.996         1.000
 PV4READ       -0.154         0.992         0.992         0.997         1.000
 PV5READ       -0.152         0.995         0.993         0.997         0.996
 PV6READ       -0.150         0.994         0.992         0.996         0.992
 PV7READ       -0.143         0.995         0.994         0.996         0.994
 PV8READ       -0.168         0.992         0.993         0.994         0.993
 PV9READ       -0.165         0.995         0.993         0.995         0.993
 PV10READ      -0.147         0.995         0.992         0.996         0.993
 FEMALE         0.000         0.000         0.000         0.000         0.000
 IMMI1GEN       0.000         0.000         0.000         0.000         0.000
 IMMI2GEN       0.000         0.000         0.000         0.000         0.000
 ESCS           0.000         0.000         0.000         0.000         0.000
 Q3             0.000         0.000         0.000         0.000         0.000
 Q4             0.000         0.000         0.000         0.000         0.000
 Q5             0.000         0.000         0.000         0.000         0.000
 Q7             0.000         0.000         0.000         0.000         0.000
 Q8             0.000         0.000         0.000         0.000         0.000
 Q9             0.000         0.000         0.000         0.000         0.000
 Q10            0.000         0.000         0.000         0.000         0.000
 Q1             0.000         0.000         0.000         0.000         0.000
 Q2             0.000         0.000         0.000         0.000         0.000
 Q6             0.000         0.000         0.000         0.000         0.000
 LEIHOM         0.000         0.000         0.000         0.000         0.000
 USESCH         0.000         0.000         0.000         0.000         0.000
 ACAHOM         0.000         0.000         0.000         0.000         0.000
 READJOY        0.000         0.000         0.000         0.000         0.000
 READCOMP       0.000         0.000         0.000         0.000         0.000
 READEASE       0.000         0.000         0.000         0.000         0.000


           Correlations
              PV5READ       PV6READ       PV7READ       PV8READ       PV9READ
              ________      ________      ________      ________      ________
 PV5READ        1.000
 PV6READ        0.994         1.000
 PV7READ        0.995         0.996         1.000
 PV8READ        0.995         0.992         0.993         1.000
 PV9READ        0.997         0.994         0.997         0.994         1.000
 PV10READ       0.994         0.996         0.995         0.993         0.993
 FEMALE         0.000         0.000         0.000         0.000         0.000
 IMMI1GEN       0.000         0.000         0.000         0.000         0.000
 IMMI2GEN       0.000         0.000         0.000         0.000         0.000
 ESCS           0.000         0.000         0.000         0.000         0.000
 Q3             0.000         0.000         0.000         0.000         0.000
 Q4             0.000         0.000         0.000         0.000         0.000
 Q5             0.000         0.000         0.000         0.000         0.000
 Q7             0.000         0.000         0.000         0.000         0.000
 Q8             0.000         0.000         0.000         0.000         0.000
 Q9             0.000         0.000         0.000         0.000         0.000
 Q10            0.000         0.000         0.000         0.000         0.000
 Q1             0.000         0.000         0.000         0.000         0.000
 Q2             0.000         0.000         0.000         0.000         0.000
 Q6             0.000         0.000         0.000         0.000         0.000
 LEIHOM         0.000         0.000         0.000         0.000         0.000
 USESCH         0.000         0.000         0.000         0.000         0.000
 ACAHOM         0.000         0.000         0.000         0.000         0.000
 READJOY        0.000         0.000         0.000         0.000         0.000
 READCOMP       0.000         0.000         0.000         0.000         0.000
 READEASE       0.000         0.000         0.000         0.000         0.000


           Correlations
              PV10READ      FEMALE        IMMI1GEN      IMMI2GEN      ESCS
              ________      ________      ________      ________      ________
 PV10READ       1.000
 FEMALE         0.000         0.000
 IMMI1GEN       0.000         0.000         0.000
 IMMI2GEN       0.000         0.000         0.000         0.000
 ESCS           0.000         0.000         0.000         0.000         0.000
 Q3             0.000         0.000         0.000         0.000         0.000
 Q4             0.000         0.000         0.000         0.000         0.000
 Q5             0.000         0.000         0.000         0.000         0.000
 Q7             0.000         0.000         0.000         0.000         0.000
 Q8             0.000         0.000         0.000         0.000         0.000
 Q9             0.000         0.000         0.000         0.000         0.000
 Q10            0.000         0.000         0.000         0.000         0.000
 Q1             0.000         0.000         0.000         0.000         0.000
 Q2             0.000         0.000         0.000         0.000         0.000
 Q6             0.000         0.000         0.000         0.000         0.000
 LEIHOM         0.000         0.000         0.000         0.000         0.000
 USESCH         0.000         0.000         0.000         0.000         0.000
 ACAHOM         0.000         0.000         0.000         0.000         0.000
 READJOY        0.000         0.000         0.000         0.000         0.000
 READCOMP       0.000         0.000         0.000         0.000         0.000
 READEASE       0.000         0.000         0.000         0.000         0.000


           Correlations
              Q3            Q4            Q5            Q7            Q8
              ________      ________      ________      ________      ________
 Q3             0.000
 Q4             0.000         0.000
 Q5             0.000         0.000         0.000
 Q7             0.000         0.000         0.000         0.000
 Q8             0.000         0.000         0.000         0.000         0.000
 Q9             0.000         0.000         0.000         0.000         0.000
 Q10            0.000         0.000         0.000         0.000         0.000
 Q1             0.000         0.000         0.000         0.000         0.000
 Q2             0.000         0.000         0.000         0.000         0.000
 Q6             0.000         0.000         0.000         0.000         0.000
 LEIHOM         0.000         0.000         0.000         0.000         0.000
 USESCH         0.000         0.000         0.000         0.000         0.000
 ACAHOM         0.000         0.000         0.000         0.000         0.000
 READJOY        0.000         0.000         0.000         0.000         0.000
 READCOMP       0.000         0.000         0.000         0.000         0.000
 READEASE       0.000         0.000         0.000         0.000         0.000


           Correlations
              Q9            Q10           Q1            Q2            Q6
              ________      ________      ________      ________      ________
 Q9             0.000
 Q10            0.000         0.000
 Q1             0.000         0.000         0.000
 Q2             0.000         0.000         0.000         0.000
 Q6             0.000         0.000         0.000         0.000         0.000
 LEIHOM         0.000         0.000         0.000         0.000         0.000
 USESCH         0.000         0.000         0.000         0.000         0.000
 ACAHOM         0.000         0.000         0.000         0.000         0.000
 READJOY        0.000         0.000         0.000         0.000         0.000
 READCOMP       0.000         0.000         0.000         0.000         0.000
 READEASE       0.000         0.000         0.000         0.000         0.000


           Correlations
              LEIHOM        USESCH        ACAHOM        READJOY       READCOMP
              ________      ________      ________      ________      ________
 LEIHOM         0.000
 USESCH         0.000         0.000
 ACAHOM         0.000         0.000         0.000
 READJOY        0.000         0.000         0.000         0.000
 READCOMP       0.000         0.000         0.000         0.000         0.000
 READEASE       0.000         0.000         0.000         0.000         0.000


           Correlations
              READEASE
              ________
 READEASE       0.000


UNIVARIATE SAMPLE STATISTICS


     UNIVARIATE HIGHER-ORDER MOMENT DESCRIPTIVE STATISTICS

         Variable/         Mean/     Skewness/   Minimum/ % with                Percentiles
        Sample Size      Variance    Kurtosis    Maximum  Min/Max      20%/60%    40%/80%    Median

     Q05HA                 1.533      -0.132       1.000   46.70%       1.000      1.000      2.000
             698.000       0.249      -1.983       2.000   53.30%       2.000      2.000
     PV1READ             503.128      -0.208     105.494    0.01%     417.028    480.949    507.660
           18810.000   10126.527      -0.207     812.093    0.01%     534.133    590.362
     PV2READ             503.246      -0.226     117.145    0.01%     417.174    481.679    508.432
           18810.000   10076.507      -0.222     814.693    0.01%     534.449    590.499
     PV3READ             503.256      -0.233     153.783    0.01%     416.194    482.251    508.905
           18810.000   10262.877      -0.185     830.262    0.01%     534.973    591.320
     PV4READ             502.807      -0.215      83.358    0.01%     416.756    480.621    507.772
           18810.000   10090.210      -0.195     820.127    0.01%     534.040    589.647
     PV5READ             502.749      -0.207      85.568    0.01%     416.158    481.103    506.994
           18810.000   10113.733      -0.184     850.173    0.01%     532.912    590.586
     PV6READ             503.161      -0.212     122.675    0.01%     416.436    480.215    508.103
           18810.000   10102.734      -0.230     848.321    0.01%     534.456    591.397
     PV7READ             502.551      -0.227     129.066    0.01%     416.386    480.595    507.428
           18810.000   10170.889      -0.194     818.765    0.01%     534.476    589.760
     PV8READ             502.665      -0.215     124.007    0.01%     416.501    480.931    507.380
           18810.000   10107.184      -0.203     867.933    0.01%     533.014    590.648
     PV9READ             502.580      -0.222     115.992    0.01%     417.262    480.094    507.120
           18810.000   10077.348      -0.180     832.333    0.01%     534.702    589.675
     PV10READ            502.542      -0.208      67.189    0.01%     416.584    480.743    506.838
           18810.000   10143.608      -0.190     884.019    0.01%     533.535    590.170
     FEMALE                0.497       0.011       0.000   50.29%       0.000      0.000      0.000
           18810.000       0.250      -2.000       1.000   49.71%       1.000      1.000
     IMMI1GEN              0.052       4.043       0.000   94.82%       0.000      0.000      0.000
           18271.000       0.049      14.348       1.000    5.18%       0.000      0.000
     IMMI2GEN              0.108       2.527       0.000   89.21%       0.000      0.000      0.000
           18271.000       0.096       4.386       1.000   10.79%       0.000      0.000
     ESCS                  0.354      -0.769      -6.727    0.01%      -0.358      0.258      0.510
           18336.000       0.708       1.043       3.904    0.01%       0.723      1.071
     Q3                    3.576      -0.449       1.000    5.53%       3.000      3.000      4.000
           15180.000       1.340      -0.609       5.000   26.12%       4.000      5.000
     Q4                    2.441       0.471       1.000   37.08%       1.000      2.000      2.000
           15199.000       1.923      -1.088       5.000   10.68%       3.000      4.000
     Q5                    2.093       0.866       1.000   49.30%       1.000      1.000      2.000
           15112.000       1.693      -0.506       5.000    6.95%       2.000      3.000
     Q7                    2.530       0.340       1.000   27.93%       1.000      2.000      2.000
           15099.000       1.594      -0.933       5.000    7.99%       3.000      4.000
     Q8                    2.589       0.314       1.000   37.52%       1.000      2.000      2.000
           15081.000       2.223      -1.360       5.000   14.86%       3.000      4.000
     Q9                    2.399       0.550       1.000   35.78%       1.000      2.000      2.000
           15097.000       1.822      -0.937       5.000    9.99%       3.000      4.000
     Q10                   2.370       0.562       1.000   36.69%       1.000      2.000      2.000
           15017.000       1.781      -0.904       5.000    9.18%       3.000      4.000
     Q1                    3.432      -0.517       1.000   18.14%       2.000      3.000      4.000
           15328.000       2.146      -1.119       5.000   31.51%       4.000      5.000
     Q2                    2.324       0.588       1.000   36.17%       1.000      2.000      2.000
           15196.000       1.635      -0.765       5.000    7.55%       3.000      3.000
     Q6                    1.783       1.387       1.000   62.78%       1.000      1.000      1.000
           15044.000       1.444       0.726       5.000    5.22%       1.000      3.000
     LEIHOM                0.020       1.518      -3.594    0.75%      -0.490     -0.195     -0.080
           16227.000       0.767       9.709       4.244    1.61%       0.064      0.436
     USESCH                0.416       0.726      -2.543    0.01%      -0.077      0.250      0.378
           15388.000       0.624       4.377       3.348    0.92%       0.520      0.812
     ACAHOM                0.024       0.688      -2.698    0.55%      -0.491     -0.130     -0.002
           15529.000       0.823       3.952       3.315    1.02%       0.151      0.513
     READJOY              -0.305       0.083      -2.732    0.02%      -1.154     -0.526     -0.270
           18126.000       1.151       0.476       2.657    0.03%      -0.019      0.463
     READCOMP              0.246       0.032      -2.440    1.76%      -0.548      0.122      0.122
           17397.000       0.989      -0.234       1.884   15.78%       0.122      1.237
     READEASE              0.097      -0.135      -2.775    1.83%      -0.795      0.036      0.070
           17395.000       1.023       0.146       1.888   11.77%       0.215      1.006


SAVEDATA INFORMATION


  Save file
    Read_MMI_*.dat

  Order of variables

    Q05HA
    PV1READ
    PV2READ
    PV3READ
    PV4READ
    PV5READ
    PV6READ
    PV7READ
    PV8READ
    PV9READ
    PV10READ
    FEMALE
    IMMI1GEN
    IMMI2GEN
    ESCS
    Q3
    Q4
    Q5
    Q7
    Q8
    Q9
    Q10
    Q1
    Q2
    Q6
    LEIHOM
    USESCH
    ACAHOM
    READJOY
    READCOMP
    READEASE
    CNTRYID
    CNTSTUID
    W_STU
    W_SCH
    CNTSCHID

  Save file format           Free

  Save file record length    10000


DIAGRAM INFORMATION

  Mplus diagrams are currently not available for multilevel analysis.
  No diagram output was produced.


     Beginning Time:  01:32:19
        Ending Time:  03:34:03
       Elapsed Time:  02:01:44



MUTHEN & MUTHEN
3463 Stoner Ave.
Los Angeles, CA  90066

Tel: (310) 391-9971
Fax: (310) 391-8971
Web: www.StatModel.com
Support: Support@StatModel.com

Copyright (c) 1998-2019 Muthen & Muthen
