Mplus VERSION 8.3
MUTHEN & MUTHEN
03/01/2021   7:33 PM

INPUT INSTRUCTIONS

  TITLE:
      CFA: ICT use at school (SPSS: IC011, 10 items)


  DATA:
      file = "C:\Users\Mudar Saied\read1.dat";


  VARIABLE:
        names =

            CNTRYID CNTSCHID CNTSTUID W_STU READ
           ! Demographic control var
            FEMALE IMMI1GEN IMMI2GEN ESCS
           ! ICT
              ! ICT Use at school (10 items)
            Q3 Q4 Q5 Q7 Q8
            Q9 Q10 Q1 Q2 Q6
              !ICT PISA scaled
            ACAHOM USESCH LEIHOM
              ! Reading Mediation
            READJOY READCOMP  READEASE
           ! School Weight
            W_SCH
             ! School ICT Policy
            Q05HA
          ;

      !useobs = (CNTRYID EQ 246);             ! 208DNK=7657, 246FIN=5649, 752SWE=5504

      usevar =

          Q3 Q4 Q5 Q7 Q8                      ! ICT Use AT School (10 Items)
          Q9 Q10 Q2 Q6                     ! SPSS: IC011

      ;

      weight = W_STU;


  ANALYSIS:

      processors = 8;
      estimator = MLR;

  MODEL:

      ! Measurement Model
      ACASCH by Q3 Q4 Q5 Q7 Q8 Q9 Q10;
      LEISCH by Q2 Q6;


  OUTPUT:

      modindices;





INPUT READING TERMINATED NORMALLY




CFA: ICT use at school (SPSS: IC011, 10 items)

SUMMARY OF ANALYSIS

Number of groups                                                 1
Number of observations                                       18810

Number of dependent variables                                    9
Number of independent variables                                  0
Number of continuous latent variables                            2

Observed dependent variables

  Continuous
   Q3          Q4          Q5          Q7          Q8          Q9
   Q10         Q2          Q6

Continuous latent variables
   ACASCH      LEISCH

Variables with special functions

  Weight variable       W_STU

Estimator                                                      MLR
Information matrix                                        OBSERVED
Maximum number of iterations                                  1000
Convergence criterion                                    0.500D-04
Maximum number of steepest descent iterations                   20

Input data file(s)
  C:\Users\Mudar Saied\read1.dat

Input data format  FREE



UNIVARIATE SAMPLE STATISTICS


     UNIVARIATE HIGHER-ORDER MOMENT DESCRIPTIVE STATISTICS

         Variable/         Mean/     Skewness/   Minimum/ % with                Percentiles
        Sample Size      Variance    Kurtosis    Maximum  Min/Max      20%/60%    40%/80%    Median

     Q3                    3.609      -0.425      -0.551    0.01%       2.900      3.000      4.000
           18810.000       1.347      -0.505       7.349    0.01%       4.000      5.000
     Q4                    2.464       0.397      -1.951    0.01%       1.000      2.000      2.000
           18810.000       1.950      -0.913       7.642    0.01%       3.000      4.000
     Q5                    2.129       0.706      -2.346    0.01%       1.000      1.000      2.000
           18810.000       1.706      -0.476       7.204    0.01%       2.000      3.028
     Q7                    2.531       0.294      -1.933    0.01%       1.000      2.000      2.630
           18810.000       1.581      -0.737       7.771    0.01%       3.000      4.000
     Q8                    2.535       0.350      -2.804    0.01%       1.000      2.000      2.771
           18810.000       2.168      -1.017       8.398    0.01%       3.000      4.000
     Q9                    2.394       0.486      -3.059    0.01%       1.000      2.000      2.000
           18810.000       1.790      -0.671       8.535    0.01%       3.000      4.000
     Q10                   2.361       0.471      -4.077    0.01%       1.000      2.000      2.000
           18810.000       1.776      -0.658       7.867    0.01%       3.000      4.000
     Q2                    2.388       0.439      -2.722    0.01%       1.000      2.000      2.000
           18810.000       1.646      -0.675       7.732    0.01%       2.978      3.441
     Q6                    1.801       1.178      -1.956    0.01%       1.000      1.000      1.000
           18810.000       1.400       0.576       6.030    0.01%       1.988      3.000


THE MODEL ESTIMATION TERMINATED NORMALLY



MODEL FIT INFORMATION

Number of Free Parameters                       28

Loglikelihood

          H0 Value                     -253742.515
          H0 Scaling Correction Factor      1.3039
            for MLR
          H1 Value                     -250229.269
          H1 Scaling Correction Factor      1.5032
            for MLR

Information Criteria

          Akaike (AIC)                  507541.029
          Bayesian (BIC)                507760.609
          Sample-Size Adjusted BIC      507671.627
            (n* = (n + 2) / 24)

Chi-Square Test of Model Fit

          Value                           4090.164*
          Degrees of Freedom                    26
          P-Value                           0.0000
          Scaling Correction Factor         1.7179
            for MLR

*   The chi-square value for MLM, MLMV, MLR, ULSMV, WLSM and WLSMV cannot be used
    for chi-square difference testing in the regular way.  MLM, MLR and WLSM
    chi-square difference testing is described on the Mplus website.  MLMV, WLSMV,
    and ULSMV difference testing is done using the DIFFTEST option.

RMSEA (Root Mean Square Error Of Approximation)

          Estimate                           0.091
          90 Percent C.I.                    0.089  0.094
          Probability RMSEA <= .05           0.000

CFI/TLI

          CFI                                0.899
          TLI                                0.861

Chi-Square Test of Model Fit for the Baseline Model

          Value                          40392.642
          Degrees of Freedom                    36
          P-Value                           0.0000

SRMR (Standardized Root Mean Square Residual)

          Value                              0.047



MODEL RESULTS

                                                    Two-Tailed
                    Estimate       S.E.  Est./S.E.    P-Value

 ACASCH   BY
    Q3                 1.000      0.000    999.000    999.000
    Q4                 1.762      0.027     64.338      0.000
    Q5                 1.637      0.031     53.086      0.000
    Q7                 1.678      0.025     66.450      0.000
    Q8                 1.826      0.029     62.392      0.000
    Q9                 1.612      0.028     56.888      0.000
    Q10                1.729      0.029     59.761      0.000

 LEISCH   BY
    Q2                 1.000      0.000    999.000    999.000
    Q6                 1.231      0.022     55.010      0.000

 LEISCH   WITH
    ACASCH             0.356      0.010     36.693      0.000

 Intercepts
    Q3                 3.609      0.010    378.353      0.000
    Q4                 2.464      0.012    211.484      0.000
    Q5                 2.129      0.011    194.772      0.000
    Q7                 2.531      0.010    244.193      0.000
    Q8                 2.535      0.012    210.147      0.000
    Q9                 2.394      0.011    216.754      0.000
    Q10                2.361      0.011    214.115      0.000
    Q2                 2.388      0.011    224.679      0.000
    Q6                 1.801      0.010    186.414      0.000

 Variances
    ACASCH             0.320      0.010     31.125      0.000
    LEISCH             0.484      0.016     30.155      0.000

 Residual Variances
    Q3                 1.027      0.011     90.897      0.000
    Q4                 0.958      0.015     62.159      0.000
    Q5                 0.849      0.015     58.163      0.000
    Q7                 0.681      0.011     61.266      0.000
    Q8                 1.102      0.016     67.968      0.000
    Q9                 0.960      0.014     70.665      0.000
    Q10                0.821      0.013     62.219      0.000
    Q2                 1.161      0.017     70.029      0.000
    Q6                 0.667      0.016     41.433      0.000


QUALITY OF NUMERICAL RESULTS

     Condition Number for the Information Matrix              0.580E-03
       (ratio of smallest to largest eigenvalue)


MODEL MODIFICATION INDICES

NOTE:  Modification indices for direct effects of observed dependent variables
regressed on covariates may not be included.  To include these, request
MODINDICES (ALL).

Minimum M.I. value for printing the modification index    10.000

                                   M.I.     E.P.C.  Std E.P.C.  StdYX E.P.C.

BY Statements

LEISCH   BY Q3                   380.214    -1.515     -1.055       -0.909
LEISCH   BY Q4                    10.055     0.258      0.180        0.129
LEISCH   BY Q5                   571.950     1.826      1.271        0.973
LEISCH   BY Q7                    24.641    -0.353     -0.245       -0.195
LEISCH   BY Q8                   236.456    -1.331     -0.926       -0.629
LEISCH   BY Q9                    19.266     0.350      0.244        0.182

WITH Statements

Q4       WITH Q3                 245.508     0.165      0.165        0.166
Q5       WITH Q3                 160.128    -0.125     -0.125       -0.134
Q5       WITH Q4                 696.482     0.274      0.274        0.303
Q7       WITH Q3                 220.549     0.135      0.135        0.162
Q7       WITH Q4                  31.283    -0.054     -0.054       -0.067
Q7       WITH Q5                 107.766    -0.094     -0.094       -0.124
Q8       WITH Q3                  64.612     0.090      0.090        0.085
Q8       WITH Q4                  39.261    -0.074     -0.074       -0.072
Q8       WITH Q5                 147.131    -0.134     -0.134       -0.138
Q8       WITH Q7                 132.293     0.118      0.118        0.136
Q9       WITH Q3                  38.404    -0.064     -0.064       -0.065
Q9       WITH Q4                 296.683    -0.187     -0.187       -0.195
Q9       WITH Q5                  83.574    -0.093     -0.093       -0.103
Q9       WITH Q7                  69.911    -0.079     -0.079       -0.098
Q9       WITH Q8                 390.449     0.228      0.228        0.221
Q10      WITH Q4                  97.514    -0.103     -0.103       -0.116
Q10      WITH Q5                 102.593    -0.099     -0.099       -0.118
Q10      WITH Q7                  65.071     0.073      0.073        0.098
Q10      WITH Q9                 221.793     0.152      0.152        0.171
Q2       WITH Q3                 231.434     0.170      0.170        0.156
Q2       WITH Q4                  61.615     0.091      0.091        0.086
Q2       WITH Q7                  18.636    -0.043     -0.043       -0.049
Q2       WITH Q8                 229.386    -0.186     -0.186       -0.165
Q6       WITH Q3                1007.564    -0.294     -0.294       -0.355
Q6       WITH Q5                 638.732     0.228      0.228        0.304
Q6       WITH Q8                  43.408    -0.068     -0.068       -0.079


DIAGRAM INFORMATION

  Use View Diagram under the Diagram menu in the Mplus Editor to view the diagram.
  If running Mplus from the Mplus Diagrammer, the diagram opens automatically.

  Diagram output
    m:\pc\dokumenter\msc\thesis\mplus\efa-cfa\cfa.dgm

     Beginning Time:  19:33:45
        Ending Time:  19:33:46
       Elapsed Time:  00:00:01



MUTHEN & MUTHEN
3463 Stoner Ave.
Los Angeles, CA  90066

Tel: (310) 391-9971
Fax: (310) 391-8971
Web: www.StatModel.com
Support: Support@StatModel.com

Copyright (c) 1998-2019 Muthen & Muthen
