Mplus VERSION 8.3
MUTHEN & MUTHEN
03/01/2021   8:23 PM

INPUT INSTRUCTIONS

  TITLE:
      CFA invariance: ICT use at school (SPSS: IC011, 10 items)


  DATA:
      file = "C:\Users\Mudar Saied\read1.dat";


  VARIABLE:
        names =
            CNTRYID CNTSCHID CNTSTUID W_STU READ
           ! Demographic control var
            FEMALE IMMI1GEN IMMI2GEN ESCS
           ! ICT
              ! ICT Use at school (10 items)
            Q3 Q4 Q5 Q7 Q8
            Q9 Q10 Q1 Q2 Q6
              !ICT PISA scaled
            ACAHOM USESCH LEIHOM
              ! Reading Mediation
            READJOY READCOMP  READEASE
           ! School Weight
            W_SCH
             ! School ICT Policy
            Q05HA
          ;

      usevar =
          Q3 Q4 Q7 Q8 Q9 Q10
          Q2 Q5 Q6
          ;

      group = CNTRYID (208 = DNK 246 = FIN 752 = SWE);


  ANALYSIS:
      processors = 8;


  MODEL:

      ACASCH by Q3-Q10;
      LEISCH by Q2-Q6;

      ACASCH with LEISCH;

  MODEL DNK:

  MODEL FIN:

  MODEL SWE:


  OUTPUT:
      stdyx
      modindices
      ;




INPUT READING TERMINATED NORMALLY




CFA invariance: ICT use at school (SPSS: IC011, 10 items)

SUMMARY OF ANALYSIS

Number of groups                                                 3
Number of observations
   Group DNK                                                  7657
   Group FIN                                                  5649
   Group SWE                                                  5504
   Total sample size                                         18810

Number of dependent variables                                    9
Number of independent variables                                  0
Number of continuous latent variables                            2

Observed dependent variables

  Continuous
   Q3          Q4          Q7          Q8          Q9          Q10
   Q2          Q5          Q6

Continuous latent variables
   ACASCH      LEISCH

Variables with special functions

  Grouping variable     CNTRYID

Estimator                                                       ML
Information matrix                                        OBSERVED
Maximum number of iterations                                  1000
Convergence criterion                                    0.500D-04
Maximum number of steepest descent iterations                   20

Input data file(s)
  C:\Users\Mudar Saied\read1.dat

Input data format  FREE



UNIVARIATE SAMPLE STATISTICS


     UNIVARIATE HIGHER-ORDER MOMENT DESCRIPTIVE STATISTICS FOR DNK

         Variable/         Mean/     Skewness/   Minimum/ % with                Percentiles
        Sample Size      Variance    Kurtosis    Maximum  Min/Max      20%/60%    40%/80%    Median

     Q3                    3.767      -0.559       0.017    0.01%       3.000      3.823      4.000
            7657.000       1.184      -0.131       7.069    0.01%       4.000      5.000
     Q4                    2.789       0.082      -1.951    0.01%       1.000      2.030      3.000
            7657.000       1.930      -0.915       7.642    0.01%       3.000      4.000
     Q7                    2.919      -0.032      -1.933    0.01%       2.000      3.000      3.000
            7657.000       1.499      -0.504       7.771    0.01%       3.000      4.000
     Q8                    3.348      -0.454      -2.253    0.01%       2.000      3.000      3.682
            7657.000       1.971      -0.556       8.398    0.01%       4.000      5.000
     Q9                    2.598       0.228      -3.059    0.01%       1.000      2.000      2.670
            7657.000       2.265      -1.184       8.535    0.01%       3.000      4.000
     Q10                   2.627       0.194      -4.077    0.01%       1.000      2.000      2.793
            7657.000       2.002      -0.872       7.867    0.01%       3.000      4.000
     Q2                    2.220       0.629      -2.722    0.01%       1.000      1.651      2.000
            7657.000       1.644      -0.495       6.304    0.01%       2.209      3.115
     Q5                    2.319       0.465      -2.117    0.01%       1.000      1.816      2.000
            7657.000       1.812      -0.739       6.558    0.01%       2.876      3.770
     Q6                    1.956       0.929      -1.956    0.01%       1.000      1.000      1.269
            7657.000       1.602      -0.045       6.030    0.01%       2.000      3.000


     UNIVARIATE HIGHER-ORDER MOMENT DESCRIPTIVE STATISTICS FOR FIN

         Variable/         Mean/     Skewness/   Minimum/ % with                Percentiles
        Sample Size      Variance    Kurtosis    Maximum  Min/Max      20%/60%    40%/80%    Median

     Q3                    3.027       0.031      -0.551    0.02%       2.000      3.000      3.000
            5649.000       1.227      -0.393       6.966    0.02%       3.000      4.000
     Q4                    1.983       0.920      -1.432    0.02%       1.000      1.000      1.518
            5649.000       1.523      -0.019       7.599    0.02%       2.000      3.000
     Q7                    2.036       0.819      -1.859    0.02%       1.000      1.000      2.000
            5649.000       1.308      -0.038       6.064    0.02%       2.000      3.000
     Q8                    1.859       1.183      -2.804    0.02%       1.000      1.000      1.000
            5649.000       1.457       0.674       8.366    0.02%       2.000      3.000
     Q9                    2.215       0.711      -1.346    0.02%       1.000      2.000      2.000
            5649.000       1.252       0.155       6.839    0.02%       2.000      3.000
     Q10                   2.098       0.727      -1.360    0.02%       1.000      1.772      2.000
            5649.000       1.363      -0.101       6.253    0.02%       2.000      3.000
     Q2                    2.298       0.519      -0.960    0.02%       1.000      2.000      2.000
            5649.000       1.536      -0.582       7.732    0.02%       2.860      3.000
     Q5                    1.903       0.993      -2.193    0.02%       1.000      1.000      1.000
            5649.000       1.383       0.185       7.204    0.02%       2.000      3.000
     Q6                    1.713       1.344      -1.254    0.02%       1.000      1.000      1.000
            5649.000       1.238       0.964       5.677    0.02%       1.081      2.937


     UNIVARIATE HIGHER-ORDER MOMENT DESCRIPTIVE STATISTICS FOR SWE

         Variable/         Mean/     Skewness/   Minimum/ % with                Percentiles
        Sample Size      Variance    Kurtosis    Maximum  Min/Max      20%/60%    40%/80%    Median

     Q3                    3.830      -0.635      -0.141    0.02%       3.000      4.000      4.000
            5504.000       1.258      -0.249       7.349    0.02%       4.000      5.000
     Q4                    2.541       0.333      -1.209    0.02%       1.000      2.000      2.240
            5504.000       1.985      -0.992       6.666    0.02%       3.000      4.000
     Q7                    2.590       0.248      -1.548    0.02%       1.000      2.000      2.922
            5504.000       1.564      -0.772       6.354    0.02%       3.000      4.000
     Q8                    2.431       0.455      -2.187    0.02%       1.000      2.000      2.000
            5504.000       2.022      -0.784       7.758    0.02%       3.000      4.000
     Q9                    2.441       0.427      -2.061    0.02%       1.000      2.000      2.000
            5504.000       1.796      -0.664       7.296    0.02%       3.000      4.000
     Q10                   2.377       0.469      -2.162    0.02%       1.000      2.000      2.000
            5504.000       1.816      -0.710       7.781    0.02%       3.000      4.000
     Q2                    2.571       0.276      -1.713    0.02%       1.000      2.000      2.554
            5504.000       1.673      -0.770       6.979    0.02%       3.000      4.000
     Q5                    2.157       0.693      -2.346    0.02%       1.000      1.000      2.000
            5504.000       1.807      -0.560       7.096    0.02%       2.000      3.215
     Q6                    1.796       1.194      -1.646    0.02%       1.000      1.000      1.000
            5504.000       1.416       0.616       6.019    0.02%       1.698      3.000


THE MODEL ESTIMATION TERMINATED NORMALLY



MODEL FIT INFORMATION

Number of Free Parameters                       56

Loglikelihood

          H0 Value                     -250068.570
          H1 Value                     -244896.378

Information Criteria

          Akaike (AIC)                  500249.139
          Bayesian (BIC)                500688.299
          Sample-Size Adjusted BIC      500510.334
            (n* = (n + 2) / 24)

Chi-Square Test of Model Fit

          Value                          10344.384
          Degrees of Freedom                   106
          P-Value                           0.0000

Chi-Square Contribution From Each Group

          DNK                             4394.566
          FIN                             2665.302
          SWE                             3284.516

RMSEA (Root Mean Square Error Of Approximation)

          Estimate                           0.124
          90 Percent C.I.                    0.122  0.126
          Probability RMSEA <= .05           0.000

CFI/TLI

          CFI                                0.854
          TLI                                0.851

Chi-Square Test of Model Fit for the Baseline Model

          Value                          70333.168
          Degrees of Freedom                   108
          P-Value                           0.0000

SRMR (Standardized Root Mean Square Residual)

          Value                              0.095



MODEL RESULTS

                                                    Two-Tailed
                    Estimate       S.E.  Est./S.E.    P-Value

Group DNK

 ACASCH   BY
    Q3                 1.000      0.000    999.000    999.000
    Q4                 1.591      0.023     69.771      0.000
    Q7                 1.553      0.021     72.309      0.000
    Q8                 1.753      0.025     71.269      0.000
    Q9                 1.415      0.021     66.665      0.000
    Q10                1.518      0.022     69.253      0.000

 LEISCH   BY
    Q2                 1.000      0.000    999.000    999.000
    Q5                 1.473      0.022     66.080      0.000
    Q6                 1.271      0.019     65.643      0.000

 ACASCH   WITH
    LEISCH             0.289      0.008     35.616      0.000

 Means
    ACASCH             0.000      0.000    999.000    999.000
    LEISCH             0.000      0.000    999.000    999.000

 Intercepts
    Q3                 3.775      0.010    370.256      0.000
    Q4                 2.846      0.013    215.331      0.000
    Q7                 2.913      0.012    236.585      0.000
    Q8                 2.946      0.015    196.496      0.000
    Q9                 2.834      0.013    224.220      0.000
    Q10                2.790      0.013    218.129      0.000
    Q2                 2.422      0.012    205.861      0.000
    Q5                 2.246      0.014    157.805      0.000
    Q6                 1.927      0.013    151.521      0.000

 Variances
    ACASCH             0.297      0.009     31.914      0.000
    LEISCH             0.444      0.015     29.616      0.000

 Residual Variances
    Q3                 0.887      0.015     57.279      0.000
    Q4                 1.125      0.021     52.849      0.000
    Q7                 0.781      0.016     49.899      0.000
    Q8                 1.477      0.029     51.081      0.000
    Q9                 1.655      0.029     56.889      0.000
    Q10                1.244      0.023     54.473      0.000
    Q2                 1.193      0.022     54.386      0.000
    Q5                 0.839      0.020     41.711      0.000
    Q6                 0.942      0.019     48.596      0.000

Group FIN

 ACASCH   BY
    Q3                 1.000      0.000    999.000    999.000
    Q4                 1.591      0.023     69.771      0.000
    Q7                 1.553      0.021     72.309      0.000
    Q8                 1.753      0.025     71.269      0.000
    Q9                 1.415      0.021     66.665      0.000
    Q10                1.518      0.022     69.253      0.000

 LEISCH   BY
    Q2                 1.000      0.000    999.000    999.000
    Q5                 1.473      0.022     66.080      0.000
    Q6                 1.271      0.019     65.643      0.000

 ACASCH   WITH
    LEISCH             0.370      0.010     35.995      0.000

 Means
    ACASCH            -0.545      0.013    -42.302      0.000
    LEISCH            -0.197      0.014    -14.557      0.000

 Intercepts
    Q3                 3.775      0.010    370.256      0.000
    Q4                 2.846      0.013    215.331      0.000
    Q7                 2.913      0.012    236.585      0.000
    Q8                 2.946      0.015    196.496      0.000
    Q9                 2.834      0.013    224.220      0.000
    Q10                2.790      0.013    218.129      0.000
    Q2                 2.422      0.012    205.861      0.000
    Q5                 2.246      0.014    157.805      0.000
    Q6                 1.927      0.013    151.521      0.000

 Variances
    ACASCH             0.350      0.011     30.948      0.000
    LEISCH             0.426      0.015     28.494      0.000

 Residual Variances
    Q3                 0.880      0.018     49.685      0.000
    Q4                 0.597      0.013     45.689      0.000
    Q7                 0.457      0.010     44.276      0.000
    Q8                 0.522      0.012     42.536      0.000
    Q9                 0.557      0.012     46.123      0.000
    Q10                0.533      0.012     45.020      0.000
    Q2                 1.089      0.022     50.587      0.000
    Q5                 0.484      0.013     37.561      0.000
    Q6                 0.536      0.012     43.321      0.000

Group SWE

 ACASCH   BY
    Q3                 1.000      0.000    999.000    999.000
    Q4                 1.591      0.023     69.771      0.000
    Q7                 1.553      0.021     72.309      0.000
    Q8                 1.753      0.025     71.269      0.000
    Q9                 1.415      0.021     66.665      0.000
    Q10                1.518      0.022     69.253      0.000

 LEISCH   BY
    Q2                 1.000      0.000    999.000    999.000
    Q5                 1.473      0.022     66.080      0.000
    Q6                 1.271      0.019     65.643      0.000

 ACASCH   WITH
    LEISCH             0.408      0.012     34.790      0.000

 Means
    ACASCH            -0.233      0.012    -19.542      0.000
    LEISCH            -0.054      0.014     -3.767      0.000

 Intercepts
    Q3                 3.775      0.010    370.256      0.000
    Q4                 2.846      0.013    215.331      0.000
    Q7                 2.913      0.012    236.585      0.000
    Q8                 2.946      0.015    196.496      0.000
    Q9                 2.834      0.013    224.220      0.000
    Q10                2.790      0.013    218.129      0.000
    Q2                 2.422      0.012    205.861      0.000
    Q5                 2.246      0.014    157.805      0.000
    Q6                 1.927      0.013    151.521      0.000

 Variances
    ACASCH             0.399      0.013     30.777      0.000
    LEISCH             0.521      0.018     28.976      0.000

 Residual Variances
    Q3                 1.160      0.024     49.177      0.000
    Q4                 1.060      0.023     46.278      0.000
    Q7                 0.668      0.015     43.592      0.000
    Q8                 0.906      0.021     43.617      0.000
    Q9                 0.779      0.018     44.530      0.000
    Q10                0.762      0.017     44.385      0.000
    Q2                 1.235      0.026     48.184      0.000
    Q5                 0.704      0.019     37.229      0.000
    Q6                 0.537      0.015     36.801      0.000


STANDARDIZED MODEL RESULTS


STDYX Standardization

                                                    Two-Tailed
                    Estimate       S.E.  Est./S.E.    P-Value

Group DNK

 ACASCH   BY
    Q3                 0.501      0.007     71.548      0.000
    Q4                 0.633      0.006    102.098      0.000
    Q7                 0.692      0.006    116.364      0.000
    Q8                 0.618      0.006    100.094      0.000
    Q9                 0.514      0.006     84.021      0.000
    Q10                0.596      0.006     95.304      0.000

 LEISCH   BY
    Q2                 0.521      0.008     66.928      0.000
    Q5                 0.731      0.007    107.335      0.000
    Q6                 0.657      0.007     96.168      0.000

 ACASCH   WITH
    LEISCH             0.796      0.009     84.220      0.000

 Means
    ACASCH             0.000      0.000    999.000    999.000
    LEISCH             0.000      0.000    999.000    999.000

 Intercepts
    Q3                 3.469      0.026    131.898      0.000
    Q4                 2.077      0.017    122.275      0.000
    Q7                 2.381      0.019    122.319      0.000
    Q8                 1.906      0.018    106.659      0.000
    Q9                 1.890      0.015    127.473      0.000
    Q10                2.009      0.016    127.055      0.000
    Q2                 1.893      0.016    120.238      0.000
    Q5                 1.673      0.017     99.432      0.000
    Q6                 1.496      0.015    100.085      0.000

 Variances
    ACASCH             1.000      0.000    999.000    999.000
    LEISCH             1.000      0.000    999.000    999.000

 Residual Variances
    Q3                 0.749      0.007    106.771      0.000
    Q4                 0.599      0.008     76.362      0.000
    Q7                 0.522      0.008     63.427      0.000
    Q8                 0.618      0.008     80.971      0.000
    Q9                 0.736      0.006    116.997      0.000
    Q10                0.645      0.007     86.631      0.000
    Q2                 0.729      0.008     90.030      0.000
    Q5                 0.466      0.010     46.749      0.000
    Q6                 0.568      0.009     63.201      0.000

Group FIN

 ACASCH   BY
    Q3                 0.534      0.008     69.230      0.000
    Q4                 0.773      0.005    143.262      0.000
    Q7                 0.805      0.005    165.549      0.000
    Q8                 0.821      0.005    178.797      0.000
    Q9                 0.746      0.006    131.008      0.000
    Q10                0.776      0.005    145.786      0.000

 LEISCH   BY
    Q2                 0.530      0.008     67.243      0.000
    Q5                 0.810      0.006    142.792      0.000
    Q6                 0.750      0.006    117.972      0.000

 ACASCH   WITH
    LEISCH             0.958      0.005    185.261      0.000

 Means
    ACASCH            -0.921      0.021    -43.786      0.000
    LEISCH            -0.302      0.021    -14.412      0.000

 Intercepts
    Q3                 3.404      0.027    125.496      0.000
    Q4                 2.336      0.021    108.882      0.000
    Q7                 2.554      0.023    109.758      0.000
    Q8                 2.331      0.022    106.400      0.000
    Q9                 2.528      0.024    106.979      0.000
    Q10                2.410      0.023    106.365      0.000
    Q2                 1.967      0.019    102.303      0.000
    Q5                 1.891      0.020     92.613      0.000
    Q6                 1.740      0.019     92.928      0.000

 Variances
    ACASCH             1.000      0.000    999.000    999.000
    LEISCH             1.000      0.000    999.000    999.000

 Residual Variances
    Q3                 0.715      0.008     86.965      0.000
    Q4                 0.402      0.008     48.235      0.000
    Q7                 0.351      0.008     44.801      0.000
    Q8                 0.327      0.008     43.386      0.000
    Q9                 0.443      0.009     52.059      0.000
    Q10                0.398      0.008     48.200      0.000
    Q2                 0.719      0.008     85.897      0.000
    Q5                 0.344      0.009     37.374      0.000
    Q6                 0.438      0.010     45.942      0.000

Group SWE

 ACASCH   BY
    Q3                 0.506      0.007     72.364      0.000
    Q4                 0.699      0.006    113.836      0.000
    Q7                 0.768      0.005    140.917      0.000
    Q8                 0.758      0.006    135.281      0.000
    Q9                 0.711      0.007    105.234      0.000
    Q10                0.739      0.006    120.240      0.000

 LEISCH   BY
    Q2                 0.545      0.008     69.123      0.000
    Q5                 0.785      0.006    124.676      0.000
    Q6                 0.781      0.007    118.386      0.000

 ACASCH   WITH
    LEISCH             0.894      0.007    129.840      0.000

 Means
    ACASCH            -0.369      0.019    -19.520      0.000
    LEISCH            -0.075      0.020     -3.755      0.000

 Intercepts
    Q3                 3.023      0.028    107.349      0.000
    Q4                 1.978      0.018    108.179      0.000
    Q7                 2.282      0.021    108.071      0.000
    Q8                 2.018      0.019    107.319      0.000
    Q9                 2.257      0.020    115.049      0.000
    Q10                2.152      0.019    111.542      0.000
    Q2                 1.827      0.019     97.698      0.000
    Q5                 1.658      0.018     92.384      0.000
    Q6                 1.640      0.018     92.129      0.000

 Variances
    ACASCH             1.000      0.000    999.000    999.000
    LEISCH             1.000      0.000    999.000    999.000

 Residual Variances
    Q3                 0.744      0.007    105.221      0.000
    Q4                 0.512      0.009     59.728      0.000
    Q7                 0.410      0.008     48.932      0.000
    Q8                 0.425      0.008     50.028      0.000
    Q9                 0.494      0.010     51.394      0.000
    Q10                0.453      0.009     49.877      0.000
    Q2                 0.703      0.009     81.888      0.000
    Q5                 0.384      0.010     38.801      0.000
    Q6                 0.390      0.010     37.774      0.000


R-SQUARE

Group DNK

    Observed                                        Two-Tailed
    Variable        Estimate       S.E.  Est./S.E.    P-Value

    Q3                 0.251      0.007     35.774      0.000
    Q4                 0.401      0.008     51.049      0.000
    Q7                 0.478      0.008     58.182      0.000
    Q8                 0.382      0.008     50.047      0.000
    Q9                 0.264      0.006     42.011      0.000
    Q10                0.355      0.007     47.652      0.000
    Q2                 0.271      0.008     33.464      0.000
    Q5                 0.534      0.010     53.667      0.000
    Q6                 0.432      0.009     48.084      0.000

Group FIN

    Observed                                        Two-Tailed
    Variable        Estimate       S.E.  Est./S.E.    P-Value

    Q3                 0.285      0.008     34.615      0.000
    Q4                 0.598      0.008     71.631      0.000
    Q7                 0.649      0.008     82.774      0.000
    Q8                 0.673      0.008     89.399      0.000
    Q9                 0.557      0.009     65.504      0.000
    Q10                0.602      0.008     72.893      0.000
    Q2                 0.281      0.008     33.622      0.000
    Q5                 0.656      0.009     71.396      0.000
    Q6                 0.562      0.010     58.986      0.000

Group SWE

    Observed                                        Two-Tailed
    Variable        Estimate       S.E.  Est./S.E.    P-Value

    Q3                 0.256      0.007     36.182      0.000
    Q4                 0.488      0.009     56.918      0.000
    Q7                 0.590      0.008     70.459      0.000
    Q8                 0.575      0.008     67.640      0.000
    Q9                 0.506      0.010     52.617      0.000
    Q10                0.547      0.009     60.120      0.000
    Q2                 0.297      0.009     34.561      0.000
    Q5                 0.616      0.010     62.338      0.000
    Q6                 0.610      0.010     59.193      0.000


QUALITY OF NUMERICAL RESULTS

     Condition Number for the Information Matrix              0.814E-03
       (ratio of smallest to largest eigenvalue)


MODEL MODIFICATION INDICES

NOTE:  Modification indices for direct effects of observed dependent variables
regressed on covariates may not be included.  To include these, request
MODINDICES (ALL).

Minimum M.I. value for printing the modification index    10.000

                                   M.I.     E.P.C.  Std E.P.C.  StdYX E.P.C.
Group DNK


BY Statements

ACASCH   BY Q4                    14.419     0.095      0.052        0.038
ACASCH   BY Q8                   182.899    -0.394     -0.215       -0.139
ACASCH   BY Q9                    16.503     0.120      0.065        0.044
ACASCH   BY Q10                   42.749     0.171      0.093        0.067
ACASCH   BY Q5                    29.227     0.189      0.103        0.077
ACASCH   BY Q6                    61.759    -0.248     -0.135       -0.105
LEISCH   BY Q3                    80.325    -0.200     -0.133       -0.123
LEISCH   BY Q4                   207.520     0.369      0.246        0.179
LEISCH   BY Q8                   330.795    -0.518     -0.345       -0.223
LEISCH   BY Q9                    36.505     0.173      0.115        0.077
LEISCH   BY Q10                   47.602     0.179      0.119        0.086
LEISCH   BY Q2                    20.359     0.135      0.090        0.070
LEISCH   BY Q6                    28.315    -0.118     -0.078       -0.061

WITH Statements

Q4       WITH Q3                  81.966     0.118      0.118        0.118
Q7       WITH Q3                  78.863     0.100      0.100        0.120
Q7       WITH Q4                  55.945    -0.102     -0.102       -0.109
Q8       WITH Q3                 135.446     0.172      0.172        0.150
Q8       WITH Q4                  95.402    -0.172     -0.172       -0.134
Q8       WITH Q7                  22.036     0.073      0.073        0.068
Q9       WITH Q3                  75.037    -0.130     -0.130       -0.108
Q9       WITH Q4                  80.999    -0.160     -0.160       -0.117
Q9       WITH Q7                  55.779    -0.115     -0.115       -0.101
Q9       WITH Q8                  60.937     0.158      0.158        0.101
Q10      WITH Q3                  19.302    -0.059     -0.059       -0.056
Q10      WITH Q4                  21.059    -0.073     -0.073       -0.062
Q10      WITH Q7                  28.396     0.074      0.074        0.075
Q10      WITH Q8                  53.418    -0.133     -0.133       -0.098
Q10      WITH Q9                 231.226     0.279      0.279        0.195
Q2       WITH Q4                  46.801     0.103      0.103        0.089
Q2       WITH Q8                 209.011    -0.247     -0.247       -0.186
Q2       WITH Q9                  31.535     0.098      0.098        0.070
Q2       WITH Q10                 13.014     0.056      0.056        0.046
Q5       WITH Q3                  17.379    -0.051     -0.051       -0.059
Q5       WITH Q4                 706.015     0.382      0.382        0.393
Q5       WITH Q7                  14.941    -0.048     -0.048       -0.060
Q5       WITH Q10                 19.616    -0.066     -0.066       -0.064
Q5       WITH Q2                  31.785    -0.093     -0.093       -0.092
Q6       WITH Q3                 396.156    -0.240     -0.240       -0.263
Q6       WITH Q4                  22.899    -0.068     -0.068       -0.066
Q6       WITH Q8                  48.045    -0.112     -0.112       -0.095
Q6       WITH Q9                  48.553     0.115      0.115        0.092
Q6       WITH Q10                 52.963     0.107      0.107        0.099
Q6       WITH Q2                 118.359     0.166      0.166        0.156
Q6       WITH Q5                  19.359    -0.090     -0.090       -0.101

Means/Intercepts/Thresholds

[ Q4       ]                      44.282    -0.057     -0.057       -0.041
[ Q8       ]                    1508.038     0.402      0.402        0.260
[ Q9       ]                     405.106    -0.236     -0.236       -0.157
[ Q10      ]                     292.256    -0.163     -0.163       -0.117
[ Q2       ]                     510.866    -0.201     -0.201       -0.157
[ Q5       ]                     146.358     0.073      0.073        0.054
[ Q6       ]                      15.678     0.030      0.030        0.023

Group FIN


BY Statements

ACASCH   BY Q3                   394.002     0.472      0.279        0.252
ACASCH   BY Q7                    24.815     0.050      0.029        0.026
ACASCH   BY Q8                    92.581     0.099      0.059        0.046
ACASCH   BY Q9                   305.867    -0.175     -0.104       -0.093
ACASCH   BY Q10                  198.352    -0.144     -0.085       -0.074
ACASCH   BY Q5                    30.603     0.131      0.078        0.065
ACASCH   BY Q6                    12.950    -0.076     -0.045       -0.041
LEISCH   BY Q3                    79.015     0.229      0.150        0.135
LEISCH   BY Q4                    44.300     0.167      0.109        0.089
LEISCH   BY Q8                    12.111    -0.087     -0.057       -0.045
LEISCH   BY Q9                    44.418    -0.159     -0.104       -0.093
LEISCH   BY Q10                   19.119    -0.103     -0.067       -0.058

WITH Statements

Q4       WITH Q3                  41.806     0.068      0.068        0.095
Q7       WITH Q3                  20.653     0.043      0.043        0.068
Q7       WITH Q4                  24.989    -0.043     -0.043       -0.082
Q8       WITH Q4                  40.494    -0.059     -0.059       -0.106
Q8       WITH Q7                  13.195     0.031      0.031        0.063
Q9       WITH Q4                  82.214    -0.081     -0.081       -0.141
Q9       WITH Q7                  41.685    -0.052     -0.052       -0.103
Q9       WITH Q8                  24.080     0.043      0.043        0.080
Q10      WITH Q4                  55.815    -0.067     -0.067       -0.119
Q10      WITH Q7                  42.148     0.053      0.053        0.106
Q10      WITH Q8                  16.982    -0.036     -0.036       -0.069
Q10      WITH Q9                 320.575     0.152      0.152        0.280
Q2       WITH Q3                 262.565     0.220      0.220        0.225
Q2       WITH Q4                  59.973     0.092      0.092        0.114
Q2       WITH Q7                  13.887    -0.039     -0.039       -0.056
Q2       WITH Q8                  78.793    -0.102     -0.102       -0.135
Q2       WITH Q9                  12.968     0.041      0.041        0.052
Q5       WITH Q3                  11.857    -0.035     -0.035       -0.053
Q5       WITH Q4                 428.359     0.186      0.186        0.346
Q5       WITH Q7                  12.679    -0.029     -0.029       -0.061
Q5       WITH Q9                  49.637    -0.060     -0.060       -0.116
Q5       WITH Q10                 57.478    -0.065     -0.065       -0.127
Q5       WITH Q2                  15.077    -0.047     -0.047       -0.065
Q6       WITH Q3                 236.872    -0.156     -0.156       -0.227
Q6       WITH Q7                  20.417     0.036      0.036        0.074
Q6       WITH Q8                  18.081     0.037      0.037        0.070
Q6       WITH Q5                  17.453     0.059      0.059        0.116

Means/Intercepts/Thresholds

[ Q3       ]                     481.029    -0.282     -0.282       -0.254
[ Q7       ]                      29.867    -0.060     -0.060       -0.052
[ Q8       ]                     549.163    -0.264     -0.264       -0.209
[ Q9       ]                     576.976     0.251      0.251        0.224
[ Q10      ]                     480.240     0.238      0.238        0.205
[ Q2       ]                      48.719     0.092      0.092        0.075
[ Q5       ]                     109.000    -0.148     -0.148       -0.125
[ Q6       ]                      37.449     0.072      0.072        0.065

Group SWE


BY Statements

ACASCH   BY Q3                   509.649    -0.610     -0.385       -0.309
ACASCH   BY Q4                    33.284    -0.121     -0.076       -0.053
ACASCH   BY Q7                    32.061    -0.098     -0.062       -0.049
ACASCH   BY Q9                   256.097     0.277      0.175        0.139
ACASCH   BY Q10                  109.531     0.186      0.117        0.090
ACASCH   BY Q2                    20.111    -0.133     -0.084       -0.064
ACASCH   BY Q6                    33.836     0.147      0.093        0.079
LEISCH   BY Q3                   401.573    -0.510     -0.368       -0.295
LEISCH   BY Q7                    21.099    -0.100     -0.072       -0.057
LEISCH   BY Q8                    27.508    -0.131     -0.095       -0.065
LEISCH   BY Q9                   159.249     0.290      0.209        0.167
LEISCH   BY Q10                   82.377     0.208      0.150        0.116
LEISCH   BY Q2                    17.772    -0.125     -0.090       -0.068
LEISCH   BY Q6                    26.369     0.087      0.063        0.053

WITH Statements

Q4       WITH Q3                 148.226     0.199      0.199        0.179
Q7       WITH Q3                  70.079     0.113      0.113        0.128
Q7       WITH Q4                  10.569    -0.045     -0.045       -0.053
Q8       WITH Q3                  10.023    -0.049     -0.049       -0.048
Q8       WITH Q4                 136.009    -0.185     -0.185       -0.189
Q9       WITH Q3                  58.504    -0.108     -0.108       -0.113
Q9       WITH Q4                 116.165    -0.154     -0.154       -0.169
Q9       WITH Q7                  38.942    -0.074     -0.074       -0.103
Q9       WITH Q8                 565.337     0.327      0.327        0.389
Q10      WITH Q3                  22.182    -0.066     -0.066       -0.071
Q10      WITH Q4                  21.431    -0.066     -0.066       -0.074
Q10      WITH Q7                  26.367     0.062      0.062        0.087
Q10      WITH Q8                  20.343    -0.063     -0.063       -0.075
Q10      WITH Q9                 118.183     0.135      0.135        0.175
Q2       WITH Q3                 343.855     0.316      0.316        0.264
Q2       WITH Q4                  34.208     0.099      0.099        0.087
Q2       WITH Q7                  12.102     0.049      0.049        0.053
Q2       WITH Q8                  23.834    -0.079     -0.079       -0.075
Q5       WITH Q3                  18.604    -0.062     -0.062       -0.068
Q5       WITH Q4                 292.910     0.248      0.248        0.287
Q5       WITH Q7                  11.814    -0.041     -0.041       -0.060
Q5       WITH Q8                  20.778    -0.063     -0.063       -0.079
Q5       WITH Q9                  51.363    -0.090     -0.090       -0.121
Q5       WITH Q10                 11.360    -0.042     -0.042       -0.058
Q5       WITH Q2                 106.812    -0.167     -0.167       -0.179
Q6       WITH Q3                 565.857    -0.297     -0.297       -0.376
Q6       WITH Q10                 36.006     0.066      0.066        0.102
Q6       WITH Q2                  35.379    -0.083     -0.083       -0.102
Q6       WITH Q5                 227.371     0.286      0.286        0.466

Means/Intercepts/Thresholds

[ Q3       ]                     552.118     0.314      0.314        0.252
[ Q4       ]                      35.765     0.082      0.082        0.057
[ Q7       ]                      22.731     0.056      0.056        0.044
[ Q8       ]                     123.073    -0.143     -0.143       -0.098
[ Q9       ]                      49.805    -0.077     -0.077       -0.062
[ Q10      ]                      44.773    -0.077     -0.077       -0.059
[ Q2       ]                     291.907     0.245      0.245        0.185
[ Q6       ]                     103.176    -0.127     -0.127       -0.108



DIAGRAM INFORMATION

  Use View Diagram under the Diagram menu in the Mplus Editor to view the diagram.
  If running Mplus from the Mplus Diagrammer, the diagram opens automatically.

  Diagram output
    m:\pc\dokumenter\msc\thesis\mplus\factor analysis\invariance.dgm

     Beginning Time:  20:23:22
        Ending Time:  20:23:23
       Elapsed Time:  00:00:01



MUTHEN & MUTHEN
3463 Stoner Ave.
Los Angeles, CA  90066

Tel: (310) 391-9971
Fax: (310) 391-8971
Web: www.StatModel.com
Support: Support@StatModel.com

Copyright (c) 1998-2019 Muthen & Muthen
