Mplus VERSION 8.3
MUTHEN & MUTHEN
03/01/2021   7:25 PM

INPUT INSTRUCTIONS

  TITLE:
      EFA: ICT use at school (SPSS: IC011, 10 items)


  DATA:
      file = "C:\Users\Mudar Saied\read1.dat";


  VARIABLE:
        names =

            CNTRYID CNTSCHID CNTSTUID W_STU READ
           ! Demographic control var
            FEMALE IMMI1GEN IMMI2GEN ESCS
           ! ICT
              ! ICT Use at school (10 items)
            Q3 Q4 Q5 Q7 Q8
            Q9 Q10 Q1 Q2 Q6
              !ICT PISA scaled
            ACAHOM USESCH LEIHOM
              ! Reading Mediation
            READJOY READCOMP  READEASE
           ! School Weight
            W_SCH
             ! School ICT Policy
            Q05HA
          ;

      !useobs = (CNTRYID EQ 246);             ! 208DNK=7657, 246FIN=5649, 752SWE=5504

      usevar =

          Q3 Q4 Q5 Q7 Q8                      ! ICT Use AT School (10 Items)
          Q9 Q10 Q2 Q6                     ! SPSS: IC011

      ;

      weight = W_STU;


  ANALYSIS:

      type = EFA 1 3;

      processors = 8;


  OUTPUT:
      modindices;




INPUT READING TERMINATED NORMALLY




EFA: ICT use at school (SPSS: IC011, 10 items)

SUMMARY OF ANALYSIS

Number of groups                                                 1
Number of observations                                       18810

Number of dependent variables                                    9
Number of independent variables                                  0
Number of continuous latent variables                            0

Observed dependent variables

  Continuous
   Q3          Q4          Q5          Q7          Q8          Q9
   Q10         Q2          Q6

Variables with special functions

  Weight variable       W_STU

Estimator                                                      MLR
Rotation                                                    GEOMIN
Row standardization                                    CORRELATION
Type of rotation                                           OBLIQUE
Epsilon value                                               Varies
Information matrix                                        OBSERVED
Maximum number of iterations                                  1000
Convergence criterion                                    0.500D-04
Maximum number of steepest descent iterations                   20
Optimization Specifications for the Exploratory Factor Analysis
Rotation Algorithm
  Number of random starts                                       30
  Maximum number of iterations                               10000
  Derivative convergence criterion                       0.100D-04

Input data file(s)
  C:\Users\Mudar Saied\read1.dat

Input data format  FREE



UNIVARIATE SAMPLE STATISTICS


     UNIVARIATE HIGHER-ORDER MOMENT DESCRIPTIVE STATISTICS

         Variable/         Mean/     Skewness/   Minimum/ % with                Percentiles
        Sample Size      Variance    Kurtosis    Maximum  Min/Max      20%/60%    40%/80%    Median

     Q3                    3.609      -0.425      -0.551    0.01%       2.900      3.000      4.000
           18810.000       1.347      -0.505       7.349    0.01%       4.000      5.000
     Q4                    2.464       0.397      -1.951    0.01%       1.000      2.000      2.000
           18810.000       1.950      -0.913       7.642    0.01%       3.000      4.000
     Q5                    2.129       0.706      -2.346    0.01%       1.000      1.000      2.000
           18810.000       1.706      -0.476       7.204    0.01%       2.000      3.028
     Q7                    2.531       0.294      -1.933    0.01%       1.000      2.000      2.630
           18810.000       1.581      -0.737       7.771    0.01%       3.000      4.000
     Q8                    2.535       0.350      -2.804    0.01%       1.000      2.000      2.771
           18810.000       2.168      -1.017       8.398    0.01%       3.000      4.000
     Q9                    2.394       0.486      -3.059    0.01%       1.000      2.000      2.000
           18810.000       1.790      -0.671       8.535    0.01%       3.000      4.000
     Q10                   2.361       0.471      -4.077    0.01%       1.000      2.000      2.000
           18810.000       1.776      -0.658       7.867    0.01%       3.000      4.000
     Q2                    2.388       0.439      -2.722    0.01%       1.000      2.000      2.000
           18810.000       1.646      -0.675       7.732    0.01%       2.978      3.441
     Q6                    1.801       1.178      -1.956    0.01%       1.000      1.000      1.000
           18810.000       1.400       0.576       6.030    0.01%       1.988      3.000


SUMMARY OF MODEL FIT INFORMATION


                   Number of                   Degrees of
     Model        Parameters      Chi-Square    Freedom     P-Value

     1-factor          27           4211.229        27       0.0000
     2-factor          35           2592.855        19       0.0000
     3-factor          42           1127.165        12       0.0000

                                               Degrees of
     Models Compared              Chi-Square    Freedom     P-Value

     1-factor against 2-factor      1541.597         8       0.0000
     2-factor against 3-factor      1307.000         7       0.0000



RESULTS FOR EXPLORATORY FACTOR ANALYSIS


           EIGENVALUES FOR SAMPLE CORRELATION MATRIX
                  1             2             3             4             5
              ________      ________      ________      ________      ________
                4.523         0.928         0.820         0.674         0.497


           EIGENVALUES FOR SAMPLE CORRELATION MATRIX
                  6             7             8             9
              ________      ________      ________      ________
                0.461         0.399         0.357         0.341


EXPLORATORY FACTOR ANALYSIS WITH 1 FACTOR(S):


MODEL FIT INFORMATION

Number of Free Parameters                       27

Loglikelihood

          H0 Value                     -253837.255
          H0 Scaling Correction Factor      1.2929
            for MLR
          H1 Value                     -250229.269
          H1 Scaling Correction Factor      1.5032
            for MLR

Information Criteria

          Akaike (AIC)                  507728.509
          Bayesian (BIC)                507940.247
          Sample-Size Adjusted BIC      507854.442
            (n* = (n + 2) / 24)

Chi-Square Test of Model Fit

          Value                           4211.229*
          Degrees of Freedom                    27
          P-Value                           0.0000
          Scaling Correction Factor         1.7135
            for MLR

*   The chi-square value for MLM, MLMV, MLR, ULSMV, WLSM and WLSMV cannot be used
    for chi-square difference testing in the regular way.  MLM, MLR and WLSM
    chi-square difference testing is described on the Mplus website.  MLMV, WLSMV,
    and ULSMV difference testing is done using the DIFFTEST option.

RMSEA (Root Mean Square Error Of Approximation)

          Estimate                           0.091
          90 Percent C.I.                    0.088  0.093
          Probability RMSEA <= .05           0.000

CFI/TLI

          CFI                                0.896
          TLI                                0.862

Chi-Square Test of Model Fit for the Baseline Model

          Value                          40392.642
          Degrees of Freedom                    36
          P-Value                           0.0000

SRMR (Standardized Root Mean Square Residual)

          Value                              0.048



MINIMUM ROTATION FUNCTION VALUE       3.99414



           GEOMIN ROTATED LOADINGS (* significant at 5% level)
                  1
              ________
 Q3             0.485*
 Q4             0.714*
 Q5             0.711*
 Q7             0.752*
 Q8             0.698*
 Q9             0.680*
 Q10            0.732*
 Q2             0.503*
 Q6             0.662*


           GEOMIN FACTOR CORRELATIONS (* significant at 5% level)
                  1
              ________
      1         1.000


           ESTIMATED RESIDUAL VARIANCES
              Q3            Q4            Q5            Q7            Q8
              ________      ________      ________      ________      ________
                0.765         0.491         0.495         0.434         0.513


           ESTIMATED RESIDUAL VARIANCES
              Q9            Q10           Q2            Q6
              ________      ________      ________      ________
                0.537         0.464         0.747         0.561


           S.E. GEOMIN ROTATED LOADINGS
                  1
              ________
 Q3             0.007
 Q4             0.005
 Q5             0.006
 Q7             0.005
 Q8             0.005
 Q9             0.006
 Q10            0.005
 Q2             0.008
 Q6             0.007


           S.E. GEOMIN FACTOR CORRELATIONS
                  1
              ________
      1         0.000


           S.E. ESTIMATED RESIDUAL VARIANCES
              Q3            Q4            Q5            Q7            Q8
              ________      ________      ________      ________      ________
                0.007         0.008         0.009         0.007         0.007


           S.E. ESTIMATED RESIDUAL VARIANCES
              Q9            Q10           Q2            Q6
              ________      ________      ________      ________
                0.008         0.007         0.008         0.009


           Est./S.E. GEOMIN ROTATED LOADINGS
                  1
              ________
 Q3            71.851
 Q4           135.071
 Q5           117.621
 Q7           160.406
 Q8           135.623
 Q9           122.138
 Q10          144.192
 Q2            64.201
 Q6            96.960


           Est./S.E. GEOMIN FACTOR CORRELATIONS
                  1
              ________
      1         0.000


           Est./S.E. ESTIMATED RESIDUAL VARIANCES
              Q3            Q4            Q5            Q7            Q8
              ________      ________      ________      ________      ________
              116.671        65.039        57.578        61.471        71.536


           Est./S.E. ESTIMATED RESIDUAL VARIANCES
              Q9            Q10           Q2            Q6
              ________      ________      ________      ________
               70.825        62.388        94.997        62.034


EXPLORATORY FACTOR ANALYSIS WITH 2 FACTOR(S):


MODEL FIT INFORMATION

Number of Free Parameters                       35

Loglikelihood

          H0 Value                     -252291.075
          H0 Scaling Correction Factor      1.4559
            for MLR
          H1 Value                     -250229.269
          H1 Scaling Correction Factor      1.5032
            for MLR

Information Criteria

          Akaike (AIC)                  504652.149
          Bayesian (BIC)                504926.624
          Sample-Size Adjusted BIC      504815.396
            (n* = (n + 2) / 24)

Chi-Square Test of Model Fit

          Value                           2592.855*
          Degrees of Freedom                    19
          P-Value                           0.0000
          Scaling Correction Factor         1.5904
            for MLR

*   The chi-square value for MLM, MLMV, MLR, ULSMV, WLSM and WLSMV cannot be used
    for chi-square difference testing in the regular way.  MLM, MLR and WLSM
    chi-square difference testing is described on the Mplus website.  MLMV, WLSMV,
    and ULSMV difference testing is done using the DIFFTEST option.

RMSEA (Root Mean Square Error Of Approximation)

          Estimate                           0.085
          90 Percent C.I.                    0.082  0.088
          Probability RMSEA <= .05           0.000

CFI/TLI

          CFI                                0.936
          TLI                                0.879

Chi-Square Test of Model Fit for the Baseline Model

          Value                          40392.642
          Degrees of Freedom                    36
          P-Value                           0.0000

SRMR (Standardized Root Mean Square Residual)

          Value                              0.034



MINIMUM ROTATION FUNCTION VALUE       0.89999



           GEOMIN ROTATED LOADINGS (* significant at 5% level)
                  1             2
              ________      ________
 Q3             0.590*       -0.407*
 Q4             0.714*       -0.005
 Q5             0.665*        0.219*
 Q7             0.775*       -0.081*
 Q8             0.720*       -0.101*
 Q9             0.668*        0.027
 Q10            0.724*        0.011
 Q2             0.491*        0.069*
 Q6             0.587*        0.520*


           GEOMIN FACTOR CORRELATIONS (* significant at 5% level)
                  1             2
              ________      ________
      1         1.000
      2         0.161*        1.000


           ESTIMATED RESIDUAL VARIANCES
              Q3            Q4            Q5            Q7            Q8
              ________      ________      ________      ________      ________
                0.564         0.492         0.462         0.413         0.495


           ESTIMATED RESIDUAL VARIANCES
              Q9            Q10           Q2            Q6
              ________      ________      ________      ________
                0.547         0.474         0.743         0.287


           S.E. GEOMIN ROTATED LOADINGS
                  1             2
              ________      ________
 Q3             0.028         0.021
 Q4             0.006         0.008
 Q5             0.021         0.011
 Q7             0.007         0.016
 Q8             0.011         0.017
 Q9             0.008         0.017
 Q10            0.006         0.013
 Q2             0.012         0.018
 Q6             0.045         0.035


           S.E. GEOMIN FACTOR CORRELATIONS
                  1             2
              ________      ________
      1         0.000
      2         0.066         0.000


           S.E. ESTIMATED RESIDUAL VARIANCES
              Q3            Q4            Q5            Q7            Q8
              ________      ________      ________      ________      ________
                0.021         0.008         0.010         0.007         0.009


           S.E. ESTIMATED RESIDUAL VARIANCES
              Q9            Q10           Q2            Q6
              ________      ________      ________      ________
                0.008         0.008         0.008         0.026


           Est./S.E. GEOMIN ROTATED LOADINGS
                  1             2
              ________      ________
 Q3            21.070       -19.316
 Q4           118.559        -0.623
 Q5            31.487        20.287
 Q7           105.234        -5.052
 Q8            65.158        -6.034
 Q9            88.866         1.571
 Q10          116.959         0.782
 Q2            40.339         3.834
 Q6            13.009        14.906


           Est./S.E. GEOMIN FACTOR CORRELATIONS
                  1             2
              ________      ________
      1         0.000
      2         2.432         0.000


           Est./S.E. ESTIMATED RESIDUAL VARIANCES
              Q3            Q4            Q5            Q7            Q8
              ________      ________      ________      ________      ________
               26.407        61.932        44.216        55.235        53.094


           Est./S.E. ESTIMATED RESIDUAL VARIANCES
              Q9            Q10           Q2            Q6
              ________      ________      ________      ________
               70.873        62.891        95.617        11.234


           FACTOR STRUCTURE
                  1             2
              ________      ________
 Q3             0.524        -0.312
 Q4             0.713         0.110
 Q5             0.701         0.326
 Q7             0.762         0.044
 Q8             0.704         0.014
 Q9             0.673         0.135
 Q10            0.725         0.127
 Q2             0.503         0.148
 Q6             0.671         0.614


EXPLORATORY FACTOR ANALYSIS WITH 3 FACTOR(S):


MODEL FIT INFORMATION

Number of Free Parameters                       42

Loglikelihood

          H0 Value                     -250997.829
          H0 Scaling Correction Factor      1.5431
            for MLR
          H1 Value                     -250229.269
          H1 Scaling Correction Factor      1.5032
            for MLR

Information Criteria

          Akaike (AIC)                  502079.658
          Bayesian (BIC)                502409.028
          Sample-Size Adjusted BIC      502275.554
            (n* = (n + 2) / 24)

Chi-Square Test of Model Fit

          Value                           1127.165*
          Degrees of Freedom                    12
          P-Value                           0.0000
          Scaling Correction Factor         1.3637
            for MLR

*   The chi-square value for MLM, MLMV, MLR, ULSMV, WLSM and WLSMV cannot be used
    for chi-square difference testing in the regular way.  MLM, MLR and WLSM
    chi-square difference testing is described on the Mplus website.  MLMV, WLSMV,
    and ULSMV difference testing is done using the DIFFTEST option.

RMSEA (Root Mean Square Error Of Approximation)

          Estimate                           0.070
          90 Percent C.I.                    0.067  0.074
          Probability RMSEA <= .05           0.000

CFI/TLI

          CFI                                0.972
          TLI                                0.917

Chi-Square Test of Model Fit for the Baseline Model

          Value                          40392.642
          Degrees of Freedom                    36
          P-Value                           0.0000

SRMR (Standardized Root Mean Square Residual)

          Value                              0.019



MINIMUM ROTATION FUNCTION VALUE       0.27388



           GEOMIN ROTATED LOADINGS (* significant at 5% level)
                  1             2             3
              ________      ________      ________
 Q3             0.959*       -0.001        -0.479*
 Q4             0.595*        0.012         0.280*
 Q5             0.428*       -0.004         0.548*
 Q7             0.208*        0.576*        0.006
 Q8             0.012         0.762*       -0.070*
 Q9            -0.173*        0.870*       -0.001
 Q10            0.001         0.715*        0.052*
 Q2             0.353*        0.104*        0.138*
 Q6             0.004         0.366*        0.474*


           GEOMIN FACTOR CORRELATIONS (* significant at 5% level)
                  1             2             3
              ________      ________      ________
      1         1.000
      2         0.786*        1.000
      3         0.414*        0.550*        1.000


           ESTIMATED RESIDUAL VARIANCES
              Q3            Q4            Q5            Q7            Q8
              ________      ________      ________      ________      ________
                0.232         0.414         0.328         0.431         0.460


           ESTIMATED RESIDUAL VARIANCES
              Q9            Q10           Q2            Q6
              ________      ________      ________      ________
                0.451         0.443         0.732         0.447


           S.E. GEOMIN ROTATED LOADINGS
                  1             2             3
              ________      ________      ________
 Q3             0.081         0.003         0.075
 Q4             0.057         0.031         0.040
 Q5             0.039         0.014         0.038
 Q7             0.023         0.023         0.006
 Q8             0.016         0.024         0.014
 Q9             0.034         0.032         0.003
 Q10            0.016         0.022         0.013
 Q2             0.021         0.033         0.031
 Q6             0.002         0.035         0.021


           S.E. GEOMIN FACTOR CORRELATIONS
                  1             2             3
              ________      ________      ________
      1         0.000
      2         0.020         0.000
      3         0.070         0.053         0.000


           S.E. ESTIMATED RESIDUAL VARIANCES
              Q3            Q4            Q5            Q7            Q8
              ________      ________      ________      ________      ________
                0.081         0.013         0.014         0.008         0.010


           S.E. ESTIMATED RESIDUAL VARIANCES
              Q9            Q10           Q2            Q6
              ________      ________      ________      ________
                0.012         0.009         0.008         0.014


           Est./S.E. GEOMIN ROTATED LOADINGS
                  1             2             3
              ________      ________      ________
 Q3            11.841        -0.371        -6.401
 Q4            10.455         0.394         7.094
 Q5            10.857        -0.310        14.498
 Q7             8.915        25.027         1.007
 Q8             0.772        31.166        -4.906
 Q9            -5.094        27.244        -0.547
 Q10            0.071        31.807         3.851
 Q2            16.614         3.118         4.414
 Q6             1.645        10.430        22.574


           Est./S.E. GEOMIN FACTOR CORRELATIONS
                  1             2             3
              ________      ________      ________
      1         0.000
      2        40.245         0.000
      3         5.941        10.444         0.000


           Est./S.E. ESTIMATED RESIDUAL VARIANCES
              Q3            Q4            Q5            Q7            Q8
              ________      ________      ________      ________      ________
                2.877        32.626        23.304        54.410        44.175


           Est./S.E. ESTIMATED RESIDUAL VARIANCES
              Q9            Q10           Q2            Q6
              ________      ________      ________      ________
               38.752        48.073        87.784        30.883


           FACTOR STRUCTURE
                  1             2             3
              ________      ________      ________
 Q3             0.760         0.489        -0.083
 Q4             0.720         0.634         0.533
 Q5             0.651         0.633         0.723
 Q7             0.664         0.743         0.409
 Q8             0.582         0.732         0.354
 Q9             0.510         0.734         0.406
 Q10            0.585         0.745         0.446
 Q2             0.491         0.457         0.341
 Q6             0.487         0.630         0.677


MODIFICATION INDICES


     MODIFICATION INDICES FOR ANALYSIS WITH 1 FACTOR(S)



     MODIFICATION INDICES


           THETA
              Q3            Q4            Q5            Q7            Q8
              ________      ________      ________      ________      ________
 Q3             0.000
 Q4           252.040         0.000
 Q5           158.892       677.467         0.000
 Q7           232.561        26.673       106.310         0.000
 Q8            73.004        31.489       138.417       155.844         0.000
 Q9            34.802       293.764        88.084        60.385       409.441
 Q10            4.167        93.434       105.860        75.545         1.973
 Q2           130.812        37.886         5.251        38.690       294.544
 Q6           968.682         5.173       605.107        16.597        81.994


           THETA
              Q9            Q10           Q2            Q6
              ________      ________      ________      ________
 Q9             0.000
 Q10          227.950         0.000
 Q2             3.435         7.018         0.000
 Q6             4.982         0.476       110.871         0.000


     EXPECTED PARAMETER CHANGE


           THETA
              Q3            Q4            Q5            Q7            Q8
              ________      ________      ________      ________      ________
 Q3             0.000
 Q4             0.167         0.000
 Q5            -0.124         0.268         0.000
 Q7             0.139        -0.050        -0.093         0.000
 Q8             0.096        -0.066        -0.129         0.128         0.000
 Q9            -0.061        -0.185        -0.095        -0.073         0.233
 Q10           -0.020        -0.100        -0.100         0.079        -0.015
 Q2             0.129         0.071         0.025        -0.062        -0.211
 Q6            -0.290        -0.022         0.223        -0.034        -0.093


           THETA
              Q9            Q10           Q2            Q6
              ________      ________      ________      ________
 Q9             0.000
 Q10            0.153         0.000
 Q2             0.021        -0.029         0.000
 Q6             0.021         0.006         0.107         0.000


     MODIFICATION INDICES FOR ANALYSIS WITH 2 FACTOR(S)



     MODIFICATION INDICES


           THETA
              Q3            Q4            Q5            Q7            Q8
              ________      ________      ________      ________      ________
 Q3             0.000
 Q4           252.550         0.000
 Q5             1.443       954.512         0.000
 Q7             8.166        59.935        33.008         0.000
 Q8            69.521        53.972        40.814        76.421         0.000
 Q9           142.871       248.769        72.674        61.880       511.818
 Q10           87.937        68.060        68.552        83.538         1.364
 Q2           355.732        42.174         0.257        43.602       317.956
 Q6            77.893        61.239        39.282        81.676         0.595


           THETA
              Q9            Q10           Q2            Q6
              ________      ________      ________      ________
 Q9             0.000
 Q10          305.869         0.000
 Q2             5.237         4.549         0.000
 Q6             5.180         6.432       102.598         0.000


     EXPECTED PARAMETER CHANGE


           THETA
              Q3            Q4            Q5            Q7            Q8
              ________      ________      ________      ________      ________
 Q3             0.000
 Q4             0.177         0.000
 Q5            -0.019         0.302         0.000
 Q7             0.032        -0.073        -0.048         0.000
 Q8            -0.115        -0.084        -0.065         0.092         0.000
 Q9            -0.129        -0.163        -0.083        -0.072         0.254
 Q10           -0.098        -0.082        -0.077         0.081        -0.013
 Q2             0.217         0.071         0.005        -0.063        -0.211
 Q6            -0.383        -0.095        -0.175         0.098         0.010


           THETA
              Q9            Q10           Q2            Q6
              ________      ________      ________      ________
 Q9             0.000
 Q10            0.170         0.000
 Q2             0.025        -0.022         0.000
 Q6            -0.028        -0.030         0.136         0.000


     MODIFICATION INDICES FOR ANALYSIS WITH 3 FACTOR(S)



     MODIFICATION INDICES


           THETA
              Q3            Q4            Q5            Q7            Q8
              ________      ________      ________      ________      ________
 Q3             0.000
 Q4           169.121         0.000
 Q5             2.636       316.846         0.000
 Q7             0.580         0.014        13.812         0.000
 Q8            13.155        65.654        23.233       102.645         0.000
 Q9            25.824        29.287        17.454       444.336       186.712
 Q10            4.079         2.868        25.279       100.687       269.637
 Q2           317.494         0.814       130.551        21.389       298.254
 Q6            10.774       224.871         0.369        26.917        32.510


           THETA
              Q9            Q10           Q2            Q6
              ________      ________      ________      ________
 Q9             0.000
 Q10           37.603         0.000
 Q2           109.714         5.304         0.000
 Q6             0.551         0.396       250.560         0.000


     EXPECTED PARAMETER CHANGE


           THETA
              Q3            Q4            Q5            Q7            Q8
              ________      ________      ________      ________      ________
 Q3             0.000
 Q4            -0.417         0.000
 Q5             0.058         0.488         0.000
 Q7            -0.015         0.001        -0.033         0.000
 Q8            -0.070         0.087         0.056         0.107         0.000
 Q9             0.107        -0.062         0.048        -0.215         0.218
 Q10           -0.032         0.015        -0.049         0.087        -0.208
 Q2             0.376        -0.012        -0.146        -0.041        -0.193
 Q6            -0.182        -0.206         0.016         0.040        -0.053


           THETA
              Q9            Q10           Q2            Q6
              ________      ________      ________      ________
 Q9             0.000
 Q10            0.080         0.000
 Q2             0.113         0.022         0.000
 Q6            -0.007         0.005         0.146         0.000


DIAGRAM INFORMATION

  Mplus diagrams are currently not available for EFA.
  No diagram output was produced.


     Beginning Time:  19:25:23
        Ending Time:  19:25:24
       Elapsed Time:  00:00:01



MUTHEN & MUTHEN
3463 Stoner Ave.
Los Angeles, CA  90066

Tel: (310) 391-9971
Fax: (310) 391-8971
Web: www.StatModel.com
Support: Support@StatModel.com

Copyright (c) 1998-2019 Muthen & Muthen
